[DEBUG] 2022-09-29 14:45:28.186 [http-nio-8080-exec-5] IntegratorServiceImpl - Adding Integrator [org.hibernate.cfg.beanvalidation.BeanValidationIntegrator].
[DEBUG] 2022-09-29 14:45:28.196 [http-nio-8080-exec-5] IntegratorServiceImpl - Adding Integrator [org.hibernate.secure.spi.JaccIntegrator].
[DEBUG] 2022-09-29 14:45:28.201 [http-nio-8080-exec-5] IntegratorServiceImpl - Adding Integrator [org.hibernate.cache.internal.CollectionCacheInvalidator].
[INFO ] 2022-09-29 14:45:28.284 [http-nio-8080-exec-5] Version - HHH000412: Hibernate Core {5.4.4.Final}
[DEBUG] 2022-09-29 14:45:28.287 [http-nio-8080-exec-5] Environment - HHH000206: hibernate.properties not found
[DEBUG] 2022-09-29 14:45:28.427 [http-nio-8080-exec-5] LocalXmlResourceResolver - Interpreting public/system identifier : [-//Hibernate/Hibernate Configuration DTD//EN] - [http://www.hibernate.org/dtd/hibernate-configuration-3.0.dtd]
[DEBUG] 2022-09-29 14:45:28.427 [http-nio-8080-exec-5] LocalXmlResourceResolver - Recognized hibernate-configuration identifier; attempting to resolve on classpath under org/hibernate/
[DEBUG] 2022-09-29 14:45:28.430 [http-nio-8080-exec-5] JaxbCfgProcessor - cfg.xml document did not define namespaces; wrapping in custom event reader to introduce namespace information
[DEBUG] 2022-09-29 14:45:28.818 [http-nio-8080-exec-5] ServiceBinding - Overriding existing service binding [org.hibernate.secure.spi.JaccService]
[DEBUG] 2022-09-29 14:45:28.843 [http-nio-8080-exec-5] RegionFactoryInitiator - Cannot default RegionFactory based on registered strategies as `[]` RegionFactory strategies were registered
[DEBUG] 2022-09-29 14:45:28.844 [http-nio-8080-exec-5] RegionFactoryInitiator - Cache region factory : org.hibernate.cache.internal.NoCachingRegionFactory
[INFO ] 2022-09-29 14:45:28.871 [http-nio-8080-exec-5] Version - HCANN000001: Hibernate Commons Annotations {5.1.0.Final}
[DEBUG] 2022-09-29 14:45:28.915 [http-nio-8080-exec-5] BasicTypeRegistry - Adding type registration boolean -> org.hibernate.type.BooleanType@788c5a6d
[DEBUG] 2022-09-29 14:45:28.915 [http-nio-8080-exec-5] BasicTypeRegistry - Adding type registration boolean -> org.hibernate.type.BooleanType@788c5a6d
[DEBUG] 2022-09-29 14:45:28.916 [http-nio-8080-exec-5] BasicTypeRegistry - Adding type registration java.lang.Boolean -> org.hibernate.type.BooleanType@788c5a6d
[DEBUG] 2022-09-29 14:45:28.916 [http-nio-8080-exec-5] BasicTypeRegistry - Adding type registration numeric_boolean -> org.hibernate.type.NumericBooleanType@6394ea71
[DEBUG] 2022-09-29 14:45:28.917 [http-nio-8080-exec-5] BasicTypeRegistry - Adding type registration true_false -> org.hibernate.type.TrueFalseType@159a91e9
[DEBUG] 2022-09-29 14:45:28.917 [http-nio-8080-exec-5] BasicTypeRegistry - Adding type registration yes_no -> org.hibernate.type.YesNoType@52ae58d0
[DEBUG] 2022-09-29 14:45:28.918 [http-nio-8080-exec-5] BasicTypeRegistry - Adding type registration byte -> org.hibernate.type.ByteType@494d64b6
[DEBUG] 2022-09-29 14:45:28.919 [http-nio-8080-exec-5] BasicTypeRegistry - Adding type registration byte -> org.hibernate.type.ByteType@494d64b6
[DEBUG] 2022-09-29 14:45:28.919 [http-nio-8080-exec-5] BasicTypeRegistry - Adding type registration java.lang.Byte -> org.hibernate.type.ByteType@494d64b6
[DEBUG] 2022-09-29 14:45:28.920 [http-nio-8080-exec-5] BasicTypeRegistry - Adding type registration character -> org.hibernate.type.CharacterType@73ab3b34
[DEBUG] 2022-09-29 14:45:28.920 [http-nio-8080-exec-5] BasicTypeRegistry - Adding type registration char -> org.hibernate.type.CharacterType@73ab3b34
[DEBUG] 2022-09-29 14:45:28.920 [http-nio-8080-exec-5] BasicTypeRegistry - Adding type registration java.lang.Character -> org.hibernate.type.CharacterType@73ab3b34
[DEBUG] 2022-09-29 14:45:28.922 [http-nio-8080-exec-5] BasicTypeRegistry - Adding type registration short -> org.hibernate.type.ShortType@2a015c66
[DEBUG] 2022-09-29 14:45:28.922 [http-nio-8080-exec-5] BasicTypeRegistry - Adding type registration short -> org.hibernate.type.ShortType@2a015c66
[DEBUG] 2022-09-29 14:45:28.922 [http-nio-8080-exec-5] BasicTypeRegistry - Adding type registration java.lang.Short -> org.hibernate.type.ShortType@2a015c66
[DEBUG] 2022-09-29 14:45:28.923 [http-nio-8080-exec-5] BasicTypeRegistry - Adding type registration integer -> org.hibernate.type.IntegerType@5a937759
[DEBUG] 2022-09-29 14:45:28.923 [http-nio-8080-exec-5] BasicTypeRegistry - Adding type registration int -> org.hibernate.type.IntegerType@5a937759
[DEBUG] 2022-09-29 14:45:28.923 [http-nio-8080-exec-5] BasicTypeRegistry - Adding type registration java.lang.Integer -> org.hibernate.type.IntegerType@5a937759
[DEBUG] 2022-09-29 14:45:28.924 [http-nio-8080-exec-5] BasicTypeRegistry - Adding type registration long -> org.hibernate.type.LongType@388757a9
[DEBUG] 2022-09-29 14:45:28.925 [http-nio-8080-exec-5] BasicTypeRegistry - Adding type registration long -> org.hibernate.type.LongType@388757a9
[DEBUG] 2022-09-29 14:45:28.925 [http-nio-8080-exec-5] BasicTypeRegistry - Adding type registration java.lang.Long -> org.hibernate.type.LongType@388757a9
[DEBUG] 2022-09-29 14:45:28.926 [http-nio-8080-exec-5] BasicTypeRegistry - Adding type registration float -> org.hibernate.type.FloatType@609518e0
[DEBUG] 2022-09-29 14:45:28.926 [http-nio-8080-exec-5] BasicTypeRegistry - Adding type registration float -> org.hibernate.type.FloatType@609518e0
[DEBUG] 2022-09-29 14:45:28.927 [http-nio-8080-exec-5] BasicTypeRegistry - Adding type registration java.lang.Float -> org.hibernate.type.FloatType@609518e0
[DEBUG] 2022-09-29 14:45:28.928 [http-nio-8080-exec-5] BasicTypeRegistry - Adding type registration double -> org.hibernate.type.DoubleType@5cb02ef
[DEBUG] 2022-09-29 14:45:28.931 [http-nio-8080-exec-5] BasicTypeRegistry - Adding type registration double -> org.hibernate.type.DoubleType@5cb02ef
[DEBUG] 2022-09-29 14:45:28.931 [http-nio-8080-exec-5] BasicTypeRegistry - Adding type registration java.lang.Double -> org.hibernate.type.DoubleType@5cb02ef
[DEBUG] 2022-09-29 14:45:28.933 [http-nio-8080-exec-5] BasicTypeRegistry - Adding type registration big_decimal -> org.hibernate.type.BigDecimalType@2fcfca85
[DEBUG] 2022-09-29 14:45:28.933 [http-nio-8080-exec-5] BasicTypeRegistry - Adding type registration java.math.BigDecimal -> org.hibernate.type.BigDecimalType@2fcfca85
[DEBUG] 2022-09-29 14:45:28.934 [http-nio-8080-exec-5] BasicTypeRegistry - Adding type registration big_integer -> org.hibernate.type.BigIntegerType@3f520a52
[DEBUG] 2022-09-29 14:45:28.934 [http-nio-8080-exec-5] BasicTypeRegistry - Adding type registration java.math.BigInteger -> org.hibernate.type.BigIntegerType@3f520a52
[DEBUG] 2022-09-29 14:45:28.935 [http-nio-8080-exec-5] BasicTypeRegistry - Adding type registration string -> org.hibernate.type.StringType@2bf1191f
[DEBUG] 2022-09-29 14:45:28.935 [http-nio-8080-exec-5] BasicTypeRegistry - Adding type registration java.lang.String -> org.hibernate.type.StringType@2bf1191f
[DEBUG] 2022-09-29 14:45:28.936 [http-nio-8080-exec-5] BasicTypeRegistry - Adding type registration nstring -> org.hibernate.type.StringNVarcharType@53164e28
[DEBUG] 2022-09-29 14:45:28.937 [http-nio-8080-exec-5] BasicTypeRegistry - Adding type registration ncharacter -> org.hibernate.type.CharacterNCharType@592ddf3e
[DEBUG] 2022-09-29 14:45:28.937 [http-nio-8080-exec-5] BasicTypeRegistry - Adding type registration url -> org.hibernate.type.UrlType@6de084ca
[DEBUG] 2022-09-29 14:45:28.938 [http-nio-8080-exec-5] BasicTypeRegistry - Adding type registration java.net.URL -> org.hibernate.type.UrlType@6de084ca
[DEBUG] 2022-09-29 14:45:28.939 [http-nio-8080-exec-5] BasicTypeRegistry - Adding type registration Duration -> org.hibernate.type.DurationType@46e55897
[DEBUG] 2022-09-29 14:45:28.939 [http-nio-8080-exec-5] BasicTypeRegistry - Adding type registration java.time.Duration -> org.hibernate.type.DurationType@46e55897
[DEBUG] 2022-09-29 14:45:28.944 [http-nio-8080-exec-5] BasicTypeRegistry - Adding type registration Instant -> org.hibernate.type.InstantType@b33580
[DEBUG] 2022-09-29 14:45:28.944 [http-nio-8080-exec-5] BasicTypeRegistry - Adding type registration java.time.Instant -> org.hibernate.type.InstantType@b33580
[DEBUG] 2022-09-29 14:45:28.946 [http-nio-8080-exec-5] BasicTypeRegistry - Adding type registration LocalDateTime -> org.hibernate.type.LocalDateTimeType@85af34c
[DEBUG] 2022-09-29 14:45:28.947 [http-nio-8080-exec-5] BasicTypeRegistry - Adding type registration java.time.LocalDateTime -> org.hibernate.type.LocalDateTimeType@85af34c
[DEBUG] 2022-09-29 14:45:28.948 [http-nio-8080-exec-5] BasicTypeRegistry - Adding type registration LocalDate -> org.hibernate.type.LocalDateType@2fc36ab4
[DEBUG] 2022-09-29 14:45:28.948 [http-nio-8080-exec-5] BasicTypeRegistry - Adding type registration java.time.LocalDate -> org.hibernate.type.LocalDateType@2fc36ab4
[DEBUG] 2022-09-29 14:45:28.949 [http-nio-8080-exec-5] BasicTypeRegistry - Adding type registration LocalTime -> org.hibernate.type.LocalTimeType@196ad0de
[DEBUG] 2022-09-29 14:45:28.949 [http-nio-8080-exec-5] BasicTypeRegistry - Adding type registration java.time.LocalTime -> org.hibernate.type.LocalTimeType@196ad0de
[DEBUG] 2022-09-29 14:45:28.951 [http-nio-8080-exec-5] BasicTypeRegistry - Adding type registration OffsetDateTime -> org.hibernate.type.OffsetDateTimeType@416c184e
[DEBUG] 2022-09-29 14:45:28.951 [http-nio-8080-exec-5] BasicTypeRegistry - Adding type registration java.time.OffsetDateTime -> org.hibernate.type.OffsetDateTimeType@416c184e
[DEBUG] 2022-09-29 14:45:28.952 [http-nio-8080-exec-5] BasicTypeRegistry - Adding type registration OffsetTime -> org.hibernate.type.OffsetTimeType@6eb9ad2a
[DEBUG] 2022-09-29 14:45:28.952 [http-nio-8080-exec-5] BasicTypeRegistry - Adding type registration java.time.OffsetTime -> org.hibernate.type.OffsetTimeType@6eb9ad2a
[DEBUG] 2022-09-29 14:45:28.954 [http-nio-8080-exec-5] BasicTypeRegistry - Adding type registration ZonedDateTime -> org.hibernate.type.ZonedDateTimeType@c10233f
[DEBUG] 2022-09-29 14:45:28.954 [http-nio-8080-exec-5] BasicTypeRegistry - Adding type registration java.time.ZonedDateTime -> org.hibernate.type.ZonedDateTimeType@c10233f
[DEBUG] 2022-09-29 14:45:28.955 [http-nio-8080-exec-5] BasicTypeRegistry - Adding type registration date -> org.hibernate.type.DateType@2f8d6843
[DEBUG] 2022-09-29 14:45:28.956 [http-nio-8080-exec-5] BasicTypeRegistry - Adding type registration java.sql.Date -> org.hibernate.type.DateType@2f8d6843
[DEBUG] 2022-09-29 14:45:28.957 [http-nio-8080-exec-5] BasicTypeRegistry - Adding type registration time -> org.hibernate.type.TimeType@1c4571b6
[DEBUG] 2022-09-29 14:45:28.958 [http-nio-8080-exec-5] BasicTypeRegistry - Adding type registration java.sql.Time -> org.hibernate.type.TimeType@1c4571b6
[DEBUG] 2022-09-29 14:45:28.959 [http-nio-8080-exec-5] BasicTypeRegistry - Adding type registration timestamp -> org.hibernate.type.TimestampType@2afed7b4
[DEBUG] 2022-09-29 14:45:28.960 [http-nio-8080-exec-5] BasicTypeRegistry - Adding type registration java.sql.Timestamp -> org.hibernate.type.TimestampType@2afed7b4
[DEBUG] 2022-09-29 14:45:28.964 [http-nio-8080-exec-5] BasicTypeRegistry - Adding type registration java.util.Date -> org.hibernate.type.TimestampType@2afed7b4
[DEBUG] 2022-09-29 14:45:28.967 [http-nio-8080-exec-5] BasicTypeRegistry - Adding type registration dbtimestamp -> org.hibernate.type.DbTimestampType@5412a104
[DEBUG] 2022-09-29 14:45:28.968 [http-nio-8080-exec-5] BasicTypeRegistry - Adding type registration calendar -> org.hibernate.type.CalendarType@38fecfac
[DEBUG] 2022-09-29 14:45:28.969 [http-nio-8080-exec-5] BasicTypeRegistry - Adding type registration java.util.Calendar -> org.hibernate.type.CalendarType@38fecfac
[DEBUG] 2022-09-29 14:45:28.969 [http-nio-8080-exec-5] BasicTypeRegistry - Adding type registration java.util.GregorianCalendar -> org.hibernate.type.CalendarType@38fecfac
[DEBUG] 2022-09-29 14:45:28.970 [http-nio-8080-exec-5] BasicTypeRegistry - Adding type registration calendar_date -> org.hibernate.type.CalendarDateType@418fd11e
[DEBUG] 2022-09-29 14:45:28.973 [http-nio-8080-exec-5] BasicTypeRegistry - Adding type registration locale -> org.hibernate.type.LocaleType@12235178
[DEBUG] 2022-09-29 14:45:28.973 [http-nio-8080-exec-5] BasicTypeRegistry - Adding type registration java.util.Locale -> org.hibernate.type.LocaleType@12235178
[DEBUG] 2022-09-29 14:45:28.975 [http-nio-8080-exec-5] BasicTypeRegistry - Adding type registration currency -> org.hibernate.type.CurrencyType@6ff3cb3f
[DEBUG] 2022-09-29 14:45:28.975 [http-nio-8080-exec-5] BasicTypeRegistry - Adding type registration java.util.Currency -> org.hibernate.type.CurrencyType@6ff3cb3f
[DEBUG] 2022-09-29 14:45:28.976 [http-nio-8080-exec-5] BasicTypeRegistry - Adding type registration timezone -> org.hibernate.type.TimeZoneType@7b72640a
[DEBUG] 2022-09-29 14:45:28.977 [http-nio-8080-exec-5] BasicTypeRegistry - Adding type registration java.util.TimeZone -> org.hibernate.type.TimeZoneType@7b72640a
[DEBUG] 2022-09-29 14:45:28.978 [http-nio-8080-exec-5] BasicTypeRegistry - Adding type registration class -> org.hibernate.type.ClassType@235f2024
[DEBUG] 2022-09-29 14:45:28.978 [http-nio-8080-exec-5] BasicTypeRegistry - Adding type registration java.lang.Class -> org.hibernate.type.ClassType@235f2024
[DEBUG] 2022-09-29 14:45:28.979 [http-nio-8080-exec-5] BasicTypeRegistry - Adding type registration uuid-binary -> org.hibernate.type.UUIDBinaryType@4c03eb1e
[DEBUG] 2022-09-29 14:45:28.979 [http-nio-8080-exec-5] BasicTypeRegistry - Adding type registration java.util.UUID -> org.hibernate.type.UUIDBinaryType@4c03eb1e
[DEBUG] 2022-09-29 14:45:28.980 [http-nio-8080-exec-5] BasicTypeRegistry - Adding type registration uuid-char -> org.hibernate.type.UUIDCharType@2fc17771
[DEBUG] 2022-09-29 14:45:28.980 [http-nio-8080-exec-5] BasicTypeRegistry - Adding type registration binary -> org.hibernate.type.BinaryType@2d551322
[DEBUG] 2022-09-29 14:45:28.981 [http-nio-8080-exec-5] BasicTypeRegistry - Adding type registration byte[] -> org.hibernate.type.BinaryType@2d551322
[DEBUG] 2022-09-29 14:45:28.981 [http-nio-8080-exec-5] BasicTypeRegistry - Adding type registration [B -> org.hibernate.type.BinaryType@2d551322
[DEBUG] 2022-09-29 14:45:28.982 [http-nio-8080-exec-5] BasicTypeRegistry - Adding type registration wrapper-binary -> org.hibernate.type.WrapperBinaryType@894623
[DEBUG] 2022-09-29 14:45:28.982 [http-nio-8080-exec-5] BasicTypeRegistry - Adding type registration Byte[] -> org.hibernate.type.WrapperBinaryType@894623
[DEBUG] 2022-09-29 14:45:28.982 [http-nio-8080-exec-5] BasicTypeRegistry - Adding type registration [Ljava.lang.Byte; -> org.hibernate.type.WrapperBinaryType@894623
[DEBUG] 2022-09-29 14:45:28.983 [http-nio-8080-exec-5] BasicTypeRegistry - Adding type registration row_version -> org.hibernate.type.RowVersionType@344da115
[DEBUG] 2022-09-29 14:45:28.984 [http-nio-8080-exec-5] BasicTypeRegistry - Adding type registration image -> org.hibernate.type.ImageType@da97198
[DEBUG] 2022-09-29 14:45:28.984 [http-nio-8080-exec-5] BasicTypeRegistry - Adding type registration characters -> org.hibernate.type.CharArrayType@1f728c94
[DEBUG] 2022-09-29 14:45:28.985 [http-nio-8080-exec-5] BasicTypeRegistry - Adding type registration char[] -> org.hibernate.type.CharArrayType@1f728c94
[DEBUG] 2022-09-29 14:45:28.985 [http-nio-8080-exec-5] BasicTypeRegistry - Adding type registration [C -> org.hibernate.type.CharArrayType@1f728c94
[DEBUG] 2022-09-29 14:45:28.986 [http-nio-8080-exec-5] BasicTypeRegistry - Adding type registration wrapper-characters -> org.hibernate.type.CharacterArrayType@868eeb8
[DEBUG] 2022-09-29 14:45:28.986 [http-nio-8080-exec-5] BasicTypeRegistry - Adding type registration [Ljava.lang.Character; -> org.hibernate.type.CharacterArrayType@868eeb8
[DEBUG] 2022-09-29 14:45:28.986 [http-nio-8080-exec-5] BasicTypeRegistry - Adding type registration Character[] -> org.hibernate.type.CharacterArrayType@868eeb8
[DEBUG] 2022-09-29 14:45:28.986 [http-nio-8080-exec-5] BasicTypeRegistry - Adding type registration text -> org.hibernate.type.TextType@2a26a081
[DEBUG] 2022-09-29 14:45:28.987 [http-nio-8080-exec-5] BasicTypeRegistry - Adding type registration ntext -> org.hibernate.type.NTextType@252630bc
[DEBUG] 2022-09-29 14:45:28.988 [http-nio-8080-exec-5] BasicTypeRegistry - Adding type registration blob -> org.hibernate.type.BlobType@9d01fe7
[DEBUG] 2022-09-29 14:45:28.988 [http-nio-8080-exec-5] BasicTypeRegistry - Adding type registration java.sql.Blob -> org.hibernate.type.BlobType@9d01fe7
[DEBUG] 2022-09-29 14:45:28.989 [http-nio-8080-exec-5] BasicTypeRegistry - Adding type registration materialized_blob -> org.hibernate.type.MaterializedBlobType@2e018e75
[DEBUG] 2022-09-29 14:45:28.990 [http-nio-8080-exec-5] BasicTypeRegistry - Adding type registration clob -> org.hibernate.type.ClobType@76aae8eb
[DEBUG] 2022-09-29 14:45:28.990 [http-nio-8080-exec-5] BasicTypeRegistry - Adding type registration java.sql.Clob -> org.hibernate.type.ClobType@76aae8eb
[DEBUG] 2022-09-29 14:45:28.992 [http-nio-8080-exec-5] BasicTypeRegistry - Adding type registration nclob -> org.hibernate.type.NClobType@5c9c355d
[DEBUG] 2022-09-29 14:45:28.992 [http-nio-8080-exec-5] BasicTypeRegistry - Adding type registration java.sql.NClob -> org.hibernate.type.NClobType@5c9c355d
[DEBUG] 2022-09-29 14:45:28.993 [http-nio-8080-exec-5] BasicTypeRegistry - Adding type registration materialized_clob -> org.hibernate.type.MaterializedClobType@1e328a8c
[DEBUG] 2022-09-29 14:45:28.994 [http-nio-8080-exec-5] BasicTypeRegistry - Adding type registration materialized_nclob -> org.hibernate.type.MaterializedNClobType@626925eb
[DEBUG] 2022-09-29 14:45:28.996 [http-nio-8080-exec-5] BasicTypeRegistry - Adding type registration serializable -> org.hibernate.type.SerializableType@4235d3a6
[DEBUG] 2022-09-29 14:45:28.999 [http-nio-8080-exec-5] BasicTypeRegistry - Adding type registration object -> org.hibernate.type.ObjectType@45f46381
[DEBUG] 2022-09-29 14:45:29.000 [http-nio-8080-exec-5] BasicTypeRegistry - Adding type registration java.lang.Object -> org.hibernate.type.ObjectType@45f46381
[DEBUG] 2022-09-29 14:45:29.000 [http-nio-8080-exec-5] BasicTypeRegistry - Adding type registration imm_date -> org.hibernate.type.AdaptedImmutableType@161d3308
[DEBUG] 2022-09-29 14:45:29.000 [http-nio-8080-exec-5] BasicTypeRegistry - Adding type registration imm_time -> org.hibernate.type.AdaptedImmutableType@116a8b53
[DEBUG] 2022-09-29 14:45:29.000 [http-nio-8080-exec-5] BasicTypeRegistry - Adding type registration imm_timestamp -> org.hibernate.type.AdaptedImmutableType@24563a1c
[DEBUG] 2022-09-29 14:45:29.000 [http-nio-8080-exec-5] BasicTypeRegistry - Adding type registration imm_dbtimestamp -> org.hibernate.type.AdaptedImmutableType@495ff4d8
[DEBUG] 2022-09-29 14:45:29.001 [http-nio-8080-exec-5] BasicTypeRegistry - Adding type registration imm_calendar -> org.hibernate.type.AdaptedImmutableType@36250b88
[DEBUG] 2022-09-29 14:45:29.001 [http-nio-8080-exec-5] BasicTypeRegistry - Adding type registration imm_calendar_date -> org.hibernate.type.AdaptedImmutableType@73d03e0c
[DEBUG] 2022-09-29 14:45:29.001 [http-nio-8080-exec-5] BasicTypeRegistry - Adding type registration imm_binary -> org.hibernate.type.AdaptedImmutableType@66c36cb0
[DEBUG] 2022-09-29 14:45:29.001 [http-nio-8080-exec-5] BasicTypeRegistry - Adding type registration imm_serializable -> org.hibernate.type.AdaptedImmutableType@508cbd84
[DEBUG] 2022-09-29 14:45:29.031 [http-nio-8080-exec-5] DefaultIdentifierGeneratorFactory - Registering IdentifierGenerator strategy [uuid2] -> [org.hibernate.id.UUIDGenerator]
[DEBUG] 2022-09-29 14:45:29.031 [http-nio-8080-exec-5] DefaultIdentifierGeneratorFactory - Registering IdentifierGenerator strategy [guid] -> [org.hibernate.id.GUIDGenerator]
[DEBUG] 2022-09-29 14:45:29.032 [http-nio-8080-exec-5] DefaultIdentifierGeneratorFactory - Registering IdentifierGenerator strategy [uuid] -> [org.hibernate.id.UUIDHexGenerator]
[DEBUG] 2022-09-29 14:45:29.032 [http-nio-8080-exec-5] DefaultIdentifierGeneratorFactory - Registering IdentifierGenerator strategy [uuid.hex] -> [org.hibernate.id.UUIDHexGenerator]
[DEBUG] 2022-09-29 14:45:29.033 [http-nio-8080-exec-5] DefaultIdentifierGeneratorFactory - Registering IdentifierGenerator strategy [assigned] -> [org.hibernate.id.Assigned]
[DEBUG] 2022-09-29 14:45:29.034 [http-nio-8080-exec-5] DefaultIdentifierGeneratorFactory - Registering IdentifierGenerator strategy [identity] -> [org.hibernate.id.IdentityGenerator]
[DEBUG] 2022-09-29 14:45:29.034 [http-nio-8080-exec-5] DefaultIdentifierGeneratorFactory - Registering IdentifierGenerator strategy [select] -> [org.hibernate.id.SelectGenerator]
[DEBUG] 2022-09-29 14:45:29.035 [http-nio-8080-exec-5] DefaultIdentifierGeneratorFactory - Registering IdentifierGenerator strategy [sequence] -> [org.hibernate.id.enhanced.SequenceStyleGenerator]
[DEBUG] 2022-09-29 14:45:29.036 [http-nio-8080-exec-5] DefaultIdentifierGeneratorFactory - Registering IdentifierGenerator strategy [seqhilo] -> [org.hibernate.id.SequenceHiLoGenerator]
[DEBUG] 2022-09-29 14:45:29.037 [http-nio-8080-exec-5] DefaultIdentifierGeneratorFactory - Registering IdentifierGenerator strategy [increment] -> [org.hibernate.id.IncrementGenerator]
[DEBUG] 2022-09-29 14:45:29.037 [http-nio-8080-exec-5] DefaultIdentifierGeneratorFactory - Registering IdentifierGenerator strategy [foreign] -> [org.hibernate.id.ForeignGenerator]
[DEBUG] 2022-09-29 14:45:29.037 [http-nio-8080-exec-5] DefaultIdentifierGeneratorFactory - Registering IdentifierGenerator strategy [sequence-identity] -> [org.hibernate.id.SequenceIdentityGenerator]
[DEBUG] 2022-09-29 14:45:29.037 [http-nio-8080-exec-5] DefaultIdentifierGeneratorFactory - Registering IdentifierGenerator strategy [enhanced-sequence] -> [org.hibernate.id.enhanced.SequenceStyleGenerator]
[DEBUG] 2022-09-29 14:45:29.038 [http-nio-8080-exec-5] DefaultIdentifierGeneratorFactory - Registering IdentifierGenerator strategy [enhanced-table] -> [org.hibernate.id.enhanced.TableGenerator]
[INFO ] 2022-09-29 14:45:29.044 [http-nio-8080-exec-5] C3P0ConnectionProvider - HHH010002: C3P0 using driver: com.mysql.cj.jdbc.Driver at URL: jdbc:mysql://localhost:3306/RecipeTracker
[INFO ] 2022-09-29 14:45:29.044 [http-nio-8080-exec-5] C3P0ConnectionProvider - HHH10001001: Connection properties: {password=****, user=root}
[INFO ] 2022-09-29 14:45:29.044 [http-nio-8080-exec-5] C3P0ConnectionProvider - HHH10001003: Autocommit mode: false
[INFO ] 2022-09-29 14:45:29.160 [http-nio-8080-exec-5] C3P0ConnectionProvider - HHH10001007: JDBC isolation level: <unknown>
[DEBUG] 2022-09-29 14:45:31.117 [http-nio-8080-exec-5] JdbcEnvironmentInitiator - Database ->
       name : MySQL
    version : 8.0.22
      major : 8
      minor : 0
[DEBUG] 2022-09-29 14:45:31.120 [http-nio-8080-exec-5] JdbcEnvironmentInitiator - Driver ->
       name : MySQL Connector/J
    version : mysql-connector-java-8.0.16 (Revision: 34cbc6bc61f72836e26327537a432d6db7c77de6)
      major : 8
      minor : 0
[DEBUG] 2022-09-29 14:45:31.120 [http-nio-8080-exec-5] JdbcEnvironmentInitiator - JDBC version : 4.2
[INFO ] 2022-09-29 14:45:31.181 [http-nio-8080-exec-5] Dialect - HHH000400: Using dialect: org.hibernate.dialect.MySQL8Dialect
[DEBUG] 2022-09-29 14:45:31.204 [http-nio-8080-exec-5] IdentifierHelperBuilder - JDBC driver metadata reported database stores quoted identifiers in more than one case
[DEBUG] 2022-09-29 14:45:31.250 [http-nio-8080-exec-5] IdentifierHelperBuilder - IdentifierCaseStrategy for both quoted and unquoted identifiers was set to the same strategy [MIXED]; that will likely lead to problems in schema update and validation if using quoted identifiers
[DEBUG] 2022-09-29 14:45:31.285 [http-nio-8080-exec-5] Namespace - Created database namespace [logicalName=Name{catalog=null, schema=null}, physicalName=Name{catalog=null, schema=null}]
[DEBUG] 2022-09-29 14:45:31.288 [http-nio-8080-exec-5] TypeConfiguration$Scope - Scoping TypeConfiguration [org.hibernate.type.spi.TypeConfiguration@1ce37063] to MetadataBuildingContext [org.hibernate.boot.internal.MetadataBuildingContextRootImpl@3b3fa363]
[DEBUG] 2022-09-29 14:45:31.427 [http-nio-8080-exec-5] AnnotationBinder - Binding entity from annotated class: com.ericmclaughlin.entity.Recipe
[DEBUG] 2022-09-29 14:45:31.519 [http-nio-8080-exec-5] Ejb3Column - Binding column: Ejb3DiscriminatorColumn{logicalColumnName'DTYPE', discriminatorTypeName='string'}
[DEBUG] 2022-09-29 14:45:31.531 [http-nio-8080-exec-5] EntityBinder - Import with entity name Recipe
[DEBUG] 2022-09-29 14:45:31.538 [http-nio-8080-exec-5] EntityBinder - Bind entity com.ericmclaughlin.entity.Recipe on table RECIPES
[DEBUG] 2022-09-29 14:45:31.640 [http-nio-8080-exec-5] Ejb3Column - Binding column: Ejb3Column{table=org.hibernate.mapping.Table(RECIPES), mappingColumn=RecipeId, insertable=true, updatable=true, unique=false}
[DEBUG] 2022-09-29 14:45:31.653 [http-nio-8080-exec-5] PropertyBinder - MetadataSourceProcessor property recipeId with lazy=false
[DEBUG] 2022-09-29 14:45:31.665 [http-nio-8080-exec-5] AbstractPropertyHolder - Attempting to locate auto-apply AttributeConverter for property [com.ericmclaughlin.entity.Recipe:recipeId]
[DEBUG] 2022-09-29 14:45:31.669 [http-nio-8080-exec-5] SimpleValueBinder - building SimpleValue for recipeId
[DEBUG] 2022-09-29 14:45:31.670 [http-nio-8080-exec-5] PropertyBinder - Building property recipeId
[DEBUG] 2022-09-29 14:45:31.676 [http-nio-8080-exec-5] BinderHelper - #makeIdGenerator(org.hibernate.mapping.SimpleValue([org.hibernate.mapping.Column(RecipeId)]), recipeId, org.hibernate.id.enhanced.SequenceStyleGenerator, native, ...)
[DEBUG] 2022-09-29 14:45:31.677 [http-nio-8080-exec-5] Ejb3Column - Binding column: Ejb3Column{table=org.hibernate.mapping.Table(RECIPES), mappingColumn=Description, insertable=true, updatable=true, unique=false}
[DEBUG] 2022-09-29 14:45:31.678 [http-nio-8080-exec-5] PropertyBinder - MetadataSourceProcessor property description with lazy=false
[DEBUG] 2022-09-29 14:45:31.678 [http-nio-8080-exec-5] AbstractPropertyHolder - Attempting to locate auto-apply AttributeConverter for property [com.ericmclaughlin.entity.Recipe:description]
[DEBUG] 2022-09-29 14:45:31.678 [http-nio-8080-exec-5] SimpleValueBinder - building SimpleValue for description
[DEBUG] 2022-09-29 14:45:31.678 [http-nio-8080-exec-5] PropertyBinder - Building property description
[DEBUG] 2022-09-29 14:45:31.678 [http-nio-8080-exec-5] Ejb3Column - Binding column: Ejb3Column{table=org.hibernate.mapping.Table(RECIPES), mappingColumn=Notes, insertable=true, updatable=true, unique=false}
[DEBUG] 2022-09-29 14:45:31.678 [http-nio-8080-exec-5] PropertyBinder - MetadataSourceProcessor property notes with lazy=false
[DEBUG] 2022-09-29 14:45:31.678 [http-nio-8080-exec-5] AbstractPropertyHolder - Attempting to locate auto-apply AttributeConverter for property [com.ericmclaughlin.entity.Recipe:notes]
[DEBUG] 2022-09-29 14:45:31.678 [http-nio-8080-exec-5] SimpleValueBinder - building SimpleValue for notes
[DEBUG] 2022-09-29 14:45:31.679 [http-nio-8080-exec-5] PropertyBinder - Building property notes
[DEBUG] 2022-09-29 14:45:31.679 [http-nio-8080-exec-5] Ejb3Column - Binding column: Ejb3Column{table=org.hibernate.mapping.Table(RECIPES), mappingColumn=RecipeName, insertable=true, updatable=true, unique=false}
[DEBUG] 2022-09-29 14:45:31.680 [http-nio-8080-exec-5] PropertyBinder - MetadataSourceProcessor property recipeName with lazy=false
[DEBUG] 2022-09-29 14:45:31.680 [http-nio-8080-exec-5] AbstractPropertyHolder - Attempting to locate auto-apply AttributeConverter for property [com.ericmclaughlin.entity.Recipe:recipeName]
[DEBUG] 2022-09-29 14:45:31.680 [http-nio-8080-exec-5] SimpleValueBinder - building SimpleValue for recipeName
[DEBUG] 2022-09-29 14:45:31.680 [http-nio-8080-exec-5] PropertyBinder - Building property recipeName
[DEBUG] 2022-09-29 14:45:31.682 [http-nio-8080-exec-5] Ejb3Column - Binding column: Ejb3JoinColumn{logicalColumnName='null', referencedColumn='null', mappedBy='null'}
[DEBUG] 2022-09-29 14:45:31.683 [http-nio-8080-exec-5] Ejb3Column - Binding column: Ejb3Column{table=org.hibernate.mapping.Table(RECIPES), mappingColumn=user, insertable=true, updatable=true, unique=false}
[DEBUG] 2022-09-29 14:45:31.686 [http-nio-8080-exec-5] PropertyBinder - Building property user
[DEBUG] 2022-09-29 14:45:31.688 [http-nio-8080-exec-5] AnnotationBinder - Binding entity from annotated class: com.ericmclaughlin.entity.User
[DEBUG] 2022-09-29 14:45:31.688 [http-nio-8080-exec-5] Ejb3Column - Binding column: Ejb3DiscriminatorColumn{logicalColumnName'DTYPE', discriminatorTypeName='string'}
[DEBUG] 2022-09-29 14:45:31.688 [http-nio-8080-exec-5] EntityBinder - Import with entity name User
[DEBUG] 2022-09-29 14:45:31.688 [http-nio-8080-exec-5] EntityBinder - Bind entity com.ericmclaughlin.entity.User on table USER
[DEBUG] 2022-09-29 14:45:31.694 [http-nio-8080-exec-5] Ejb3Column - Binding column: Ejb3Column{table=org.hibernate.mapping.Table(USER), mappingColumn=UserId, insertable=true, updatable=true, unique=false}
[DEBUG] 2022-09-29 14:45:31.694 [http-nio-8080-exec-5] PropertyBinder - MetadataSourceProcessor property userId with lazy=false
[DEBUG] 2022-09-29 14:45:31.694 [http-nio-8080-exec-5] AbstractPropertyHolder - Attempting to locate auto-apply AttributeConverter for property [com.ericmclaughlin.entity.User:userId]
[DEBUG] 2022-09-29 14:45:31.695 [http-nio-8080-exec-5] SimpleValueBinder - building SimpleValue for userId
[DEBUG] 2022-09-29 14:45:31.695 [http-nio-8080-exec-5] PropertyBinder - Building property userId
[DEBUG] 2022-09-29 14:45:31.695 [http-nio-8080-exec-5] BinderHelper - #makeIdGenerator(org.hibernate.mapping.SimpleValue([org.hibernate.mapping.Column(UserId)]), userId, org.hibernate.id.enhanced.SequenceStyleGenerator, native, ...)
[DEBUG] 2022-09-29 14:45:31.695 [http-nio-8080-exec-5] Ejb3Column - Binding column: Ejb3Column{table=org.hibernate.mapping.Table(USER), mappingColumn=FirstName, insertable=true, updatable=true, unique=false}
[DEBUG] 2022-09-29 14:45:31.695 [http-nio-8080-exec-5] PropertyBinder - MetadataSourceProcessor property firstName with lazy=false
[DEBUG] 2022-09-29 14:45:31.696 [http-nio-8080-exec-5] AbstractPropertyHolder - Attempting to locate auto-apply AttributeConverter for property [com.ericmclaughlin.entity.User:firstName]
[DEBUG] 2022-09-29 14:45:31.696 [http-nio-8080-exec-5] SimpleValueBinder - building SimpleValue for firstName
[DEBUG] 2022-09-29 14:45:31.696 [http-nio-8080-exec-5] PropertyBinder - Building property firstName
[DEBUG] 2022-09-29 14:45:31.696 [http-nio-8080-exec-5] Ejb3Column - Binding column: Ejb3Column{table=org.hibernate.mapping.Table(USER), mappingColumn=LastName, insertable=true, updatable=true, unique=false}
[DEBUG] 2022-09-29 14:45:31.696 [http-nio-8080-exec-5] PropertyBinder - MetadataSourceProcessor property lastName with lazy=false
[DEBUG] 2022-09-29 14:45:31.696 [http-nio-8080-exec-5] AbstractPropertyHolder - Attempting to locate auto-apply AttributeConverter for property [com.ericmclaughlin.entity.User:lastName]
[DEBUG] 2022-09-29 14:45:31.696 [http-nio-8080-exec-5] SimpleValueBinder - building SimpleValue for lastName
[DEBUG] 2022-09-29 14:45:31.696 [http-nio-8080-exec-5] PropertyBinder - Building property lastName
[DEBUG] 2022-09-29 14:45:31.696 [http-nio-8080-exec-5] Ejb3Column - Binding column: Ejb3Column{table=org.hibernate.mapping.Table(USER), mappingColumn=Password, insertable=true, updatable=true, unique=false}
[DEBUG] 2022-09-29 14:45:31.696 [http-nio-8080-exec-5] PropertyBinder - MetadataSourceProcessor property password with lazy=false
[DEBUG] 2022-09-29 14:45:31.697 [http-nio-8080-exec-5] AbstractPropertyHolder - Attempting to locate auto-apply AttributeConverter for property [com.ericmclaughlin.entity.User:password]
[DEBUG] 2022-09-29 14:45:31.697 [http-nio-8080-exec-5] SimpleValueBinder - building SimpleValue for password
[DEBUG] 2022-09-29 14:45:31.697 [http-nio-8080-exec-5] PropertyBinder - Building property password
[DEBUG] 2022-09-29 14:45:31.697 [http-nio-8080-exec-5] Ejb3Column - Binding column: Ejb3JoinColumn{logicalColumnName='null', referencedColumn='null', mappedBy='RECIPES'}
[DEBUG] 2022-09-29 14:45:31.697 [http-nio-8080-exec-5] Ejb3Column - Binding column: Ejb3Column{table=org.hibernate.mapping.Table(USER), mappingColumn=recipes, insertable=true, updatable=true, unique=false}
[DEBUG] 2022-09-29 14:45:31.699 [http-nio-8080-exec-5] Ejb3Column - Binding column: Ejb3Column{table=org.hibernate.mapping.Table(USER), mappingColumn=null, insertable=true, updatable=true, unique=false}
[DEBUG] 2022-09-29 14:45:31.723 [http-nio-8080-exec-5] Ejb3Column - Binding column: Ejb3Column{table=org.hibernate.mapping.Table(USER), mappingColumn=element, insertable=true, updatable=true, unique=false}
[DEBUG] 2022-09-29 14:45:31.723 [http-nio-8080-exec-5] Ejb3Column - Binding column: Ejb3Column{table=org.hibernate.mapping.Table(USER), mappingColumn=recipes_KEY, insertable=true, updatable=true, unique=false}
[DEBUG] 2022-09-29 14:45:31.724 [http-nio-8080-exec-5] Ejb3Column - Binding column: Ejb3JoinColumn{logicalColumnName='recipes_KEY', referencedColumn='null', mappedBy='null'}
[DEBUG] 2022-09-29 14:45:31.725 [http-nio-8080-exec-5] Ejb3Column - Binding column: Ejb3JoinColumn{logicalColumnName='null', referencedColumn='null', mappedBy='RECIPES'}
[DEBUG] 2022-09-29 14:45:31.725 [http-nio-8080-exec-5] Ejb3Column - Binding column: Ejb3JoinColumn{logicalColumnName='null', referencedColumn='null', mappedBy='RECIPES'}
[DEBUG] 2022-09-29 14:45:31.725 [http-nio-8080-exec-5] CollectionBinder - Collection role: com.ericmclaughlin.entity.User.recipes
[DEBUG] 2022-09-29 14:45:31.727 [http-nio-8080-exec-5] PropertyBinder - Building property recipes
[DEBUG] 2022-09-29 14:45:31.728 [http-nio-8080-exec-5] Ejb3Column - Binding column: Ejb3Column{table=org.hibernate.mapping.Table(USER), mappingColumn=LoginId, insertable=true, updatable=true, unique=false}
[DEBUG] 2022-09-29 14:45:31.728 [http-nio-8080-exec-5] PropertyBinder - MetadataSourceProcessor property userName with lazy=false
[DEBUG] 2022-09-29 14:45:31.728 [http-nio-8080-exec-5] AbstractPropertyHolder - Attempting to locate auto-apply AttributeConverter for property [com.ericmclaughlin.entity.User:userName]
[DEBUG] 2022-09-29 14:45:31.728 [http-nio-8080-exec-5] SimpleValueBinder - building SimpleValue for userName
[DEBUG] 2022-09-29 14:45:31.728 [http-nio-8080-exec-5] PropertyBinder - Building property userName
[DEBUG] 2022-09-29 14:45:31.729 [http-nio-8080-exec-5] SimpleValueBinder - Starting fillSimpleValue for recipeId
[DEBUG] 2022-09-29 14:45:31.729 [http-nio-8080-exec-5] SimpleValueBinder - Starting fillSimpleValue for description
[DEBUG] 2022-09-29 14:45:31.729 [http-nio-8080-exec-5] SimpleValueBinder - Starting fillSimpleValue for notes
[DEBUG] 2022-09-29 14:45:31.730 [http-nio-8080-exec-5] SimpleValueBinder - Starting fillSimpleValue for recipeName
[DEBUG] 2022-09-29 14:45:31.730 [http-nio-8080-exec-5] SimpleValueBinder - Starting fillSimpleValue for userId
[DEBUG] 2022-09-29 14:45:31.730 [http-nio-8080-exec-5] SimpleValueBinder - Starting fillSimpleValue for firstName
[DEBUG] 2022-09-29 14:45:31.730 [http-nio-8080-exec-5] SimpleValueBinder - Starting fillSimpleValue for lastName
[DEBUG] 2022-09-29 14:45:31.730 [http-nio-8080-exec-5] SimpleValueBinder - Starting fillSimpleValue for password
[DEBUG] 2022-09-29 14:45:31.730 [http-nio-8080-exec-5] SimpleValueBinder - Starting fillSimpleValue for userName
[DEBUG] 2022-09-29 14:45:31.754 [http-nio-8080-exec-5] PrimaryKey - Forcing column [recipeid] to be non-null as it is part of the primary key for table [recipes]
[DEBUG] 2022-09-29 14:45:31.755 [http-nio-8080-exec-5] PrimaryKey - Forcing column [userid] to be non-null as it is part of the primary key for table [user]
[DEBUG] 2022-09-29 14:45:31.755 [http-nio-8080-exec-5] CollectionSecondPass - Second pass for collection: com.ericmclaughlin.entity.User.recipes
