[DEBUG] 2022-09-29 15:00:40.656 [http-nio-8080-exec-5] IntegratorServiceImpl - Adding Integrator [org.hibernate.cfg.beanvalidation.BeanValidationIntegrator].
[DEBUG] 2022-09-29 15:00:40.665 [http-nio-8080-exec-5] IntegratorServiceImpl - Adding Integrator [org.hibernate.secure.spi.JaccIntegrator].
[DEBUG] 2022-09-29 15:00:40.670 [http-nio-8080-exec-5] IntegratorServiceImpl - Adding Integrator [org.hibernate.cache.internal.CollectionCacheInvalidator].
[INFO ] 2022-09-29 15:00:40.747 [http-nio-8080-exec-5] Version - HHH000412: Hibernate Core {5.4.4.Final}
[DEBUG] 2022-09-29 15:00:40.749 [http-nio-8080-exec-5] Environment - HHH000206: hibernate.properties not found
[DEBUG] 2022-09-29 15:00:40.914 [http-nio-8080-exec-5] LocalXmlResourceResolver - Interpreting public/system identifier : [-//Hibernate/Hibernate Configuration DTD//EN] - [http://www.hibernate.org/dtd/hibernate-configuration-3.0.dtd]
[DEBUG] 2022-09-29 15:00:40.915 [http-nio-8080-exec-5] LocalXmlResourceResolver - Recognized hibernate-configuration identifier; attempting to resolve on classpath under org/hibernate/
[DEBUG] 2022-09-29 15:00:40.919 [http-nio-8080-exec-5] JaxbCfgProcessor - cfg.xml document did not define namespaces; wrapping in custom event reader to introduce namespace information
[DEBUG] 2022-09-29 15:00:41.238 [http-nio-8080-exec-5] ServiceBinding - Overriding existing service binding [org.hibernate.secure.spi.JaccService]
[DEBUG] 2022-09-29 15:00:41.257 [http-nio-8080-exec-5] RegionFactoryInitiator - Cannot default RegionFactory based on registered strategies as `[]` RegionFactory strategies were registered
[DEBUG] 2022-09-29 15:00:41.258 [http-nio-8080-exec-5] RegionFactoryInitiator - Cache region factory : org.hibernate.cache.internal.NoCachingRegionFactory
[INFO ] 2022-09-29 15:00:41.281 [http-nio-8080-exec-5] Version - HCANN000001: Hibernate Commons Annotations {5.1.0.Final}
[DEBUG] 2022-09-29 15:00:41.319 [http-nio-8080-exec-5] BasicTypeRegistry - Adding type registration boolean -> org.hibernate.type.BooleanType@3ff231a2
[DEBUG] 2022-09-29 15:00:41.319 [http-nio-8080-exec-5] BasicTypeRegistry - Adding type registration boolean -> org.hibernate.type.BooleanType@3ff231a2
[DEBUG] 2022-09-29 15:00:41.319 [http-nio-8080-exec-5] BasicTypeRegistry - Adding type registration java.lang.Boolean -> org.hibernate.type.BooleanType@3ff231a2
[DEBUG] 2022-09-29 15:00:41.320 [http-nio-8080-exec-5] BasicTypeRegistry - Adding type registration numeric_boolean -> org.hibernate.type.NumericBooleanType@29e73979
[DEBUG] 2022-09-29 15:00:41.320 [http-nio-8080-exec-5] BasicTypeRegistry - Adding type registration true_false -> org.hibernate.type.TrueFalseType@3b140caa
[DEBUG] 2022-09-29 15:00:41.321 [http-nio-8080-exec-5] BasicTypeRegistry - Adding type registration yes_no -> org.hibernate.type.YesNoType@38135a70
[DEBUG] 2022-09-29 15:00:41.322 [http-nio-8080-exec-5] BasicTypeRegistry - Adding type registration byte -> org.hibernate.type.ByteType@221fc728
[DEBUG] 2022-09-29 15:00:41.322 [http-nio-8080-exec-5] BasicTypeRegistry - Adding type registration byte -> org.hibernate.type.ByteType@221fc728
[DEBUG] 2022-09-29 15:00:41.322 [http-nio-8080-exec-5] BasicTypeRegistry - Adding type registration java.lang.Byte -> org.hibernate.type.ByteType@221fc728
[DEBUG] 2022-09-29 15:00:41.323 [http-nio-8080-exec-5] BasicTypeRegistry - Adding type registration character -> org.hibernate.type.CharacterType@10ba3a7e
[DEBUG] 2022-09-29 15:00:41.323 [http-nio-8080-exec-5] BasicTypeRegistry - Adding type registration char -> org.hibernate.type.CharacterType@10ba3a7e
[DEBUG] 2022-09-29 15:00:41.323 [http-nio-8080-exec-5] BasicTypeRegistry - Adding type registration java.lang.Character -> org.hibernate.type.CharacterType@10ba3a7e
[DEBUG] 2022-09-29 15:00:41.324 [http-nio-8080-exec-5] BasicTypeRegistry - Adding type registration short -> org.hibernate.type.ShortType@39feebcb
[DEBUG] 2022-09-29 15:00:41.324 [http-nio-8080-exec-5] BasicTypeRegistry - Adding type registration short -> org.hibernate.type.ShortType@39feebcb
[DEBUG] 2022-09-29 15:00:41.324 [http-nio-8080-exec-5] BasicTypeRegistry - Adding type registration java.lang.Short -> org.hibernate.type.ShortType@39feebcb
[DEBUG] 2022-09-29 15:00:41.325 [http-nio-8080-exec-5] BasicTypeRegistry - Adding type registration integer -> org.hibernate.type.IntegerType@91ca67
[DEBUG] 2022-09-29 15:00:41.326 [http-nio-8080-exec-5] BasicTypeRegistry - Adding type registration int -> org.hibernate.type.IntegerType@91ca67
[DEBUG] 2022-09-29 15:00:41.326 [http-nio-8080-exec-5] BasicTypeRegistry - Adding type registration java.lang.Integer -> org.hibernate.type.IntegerType@91ca67
[DEBUG] 2022-09-29 15:00:41.329 [http-nio-8080-exec-5] BasicTypeRegistry - Adding type registration long -> org.hibernate.type.LongType@739c5827
[DEBUG] 2022-09-29 15:00:41.329 [http-nio-8080-exec-5] BasicTypeRegistry - Adding type registration long -> org.hibernate.type.LongType@739c5827
[DEBUG] 2022-09-29 15:00:41.329 [http-nio-8080-exec-5] BasicTypeRegistry - Adding type registration java.lang.Long -> org.hibernate.type.LongType@739c5827
[DEBUG] 2022-09-29 15:00:41.331 [http-nio-8080-exec-5] BasicTypeRegistry - Adding type registration float -> org.hibernate.type.FloatType@27b157b2
[DEBUG] 2022-09-29 15:00:41.331 [http-nio-8080-exec-5] BasicTypeRegistry - Adding type registration float -> org.hibernate.type.FloatType@27b157b2
[DEBUG] 2022-09-29 15:00:41.331 [http-nio-8080-exec-5] BasicTypeRegistry - Adding type registration java.lang.Float -> org.hibernate.type.FloatType@27b157b2
[DEBUG] 2022-09-29 15:00:41.332 [http-nio-8080-exec-5] BasicTypeRegistry - Adding type registration double -> org.hibernate.type.DoubleType@36a5af3c
[DEBUG] 2022-09-29 15:00:41.332 [http-nio-8080-exec-5] BasicTypeRegistry - Adding type registration double -> org.hibernate.type.DoubleType@36a5af3c
[DEBUG] 2022-09-29 15:00:41.332 [http-nio-8080-exec-5] BasicTypeRegistry - Adding type registration java.lang.Double -> org.hibernate.type.DoubleType@36a5af3c
[DEBUG] 2022-09-29 15:00:41.333 [http-nio-8080-exec-5] BasicTypeRegistry - Adding type registration big_decimal -> org.hibernate.type.BigDecimalType@7b2f449c
[DEBUG] 2022-09-29 15:00:41.333 [http-nio-8080-exec-5] BasicTypeRegistry - Adding type registration java.math.BigDecimal -> org.hibernate.type.BigDecimalType@7b2f449c
[DEBUG] 2022-09-29 15:00:41.334 [http-nio-8080-exec-5] BasicTypeRegistry - Adding type registration big_integer -> org.hibernate.type.BigIntegerType@7c75e0fc
[DEBUG] 2022-09-29 15:00:41.334 [http-nio-8080-exec-5] BasicTypeRegistry - Adding type registration java.math.BigInteger -> org.hibernate.type.BigIntegerType@7c75e0fc
[DEBUG] 2022-09-29 15:00:41.335 [http-nio-8080-exec-5] BasicTypeRegistry - Adding type registration string -> org.hibernate.type.StringType@2d383ebc
[DEBUG] 2022-09-29 15:00:41.335 [http-nio-8080-exec-5] BasicTypeRegistry - Adding type registration java.lang.String -> org.hibernate.type.StringType@2d383ebc
[DEBUG] 2022-09-29 15:00:41.336 [http-nio-8080-exec-5] BasicTypeRegistry - Adding type registration nstring -> org.hibernate.type.StringNVarcharType@7d013b38
[DEBUG] 2022-09-29 15:00:41.336 [http-nio-8080-exec-5] BasicTypeRegistry - Adding type registration ncharacter -> org.hibernate.type.CharacterNCharType@27bb4ab3
[DEBUG] 2022-09-29 15:00:41.337 [http-nio-8080-exec-5] BasicTypeRegistry - Adding type registration url -> org.hibernate.type.UrlType@4a5382f7
[DEBUG] 2022-09-29 15:00:41.337 [http-nio-8080-exec-5] BasicTypeRegistry - Adding type registration java.net.URL -> org.hibernate.type.UrlType@4a5382f7
[DEBUG] 2022-09-29 15:00:41.338 [http-nio-8080-exec-5] BasicTypeRegistry - Adding type registration Duration -> org.hibernate.type.DurationType@33232248
[DEBUG] 2022-09-29 15:00:41.338 [http-nio-8080-exec-5] BasicTypeRegistry - Adding type registration java.time.Duration -> org.hibernate.type.DurationType@33232248
[DEBUG] 2022-09-29 15:00:41.341 [http-nio-8080-exec-5] BasicTypeRegistry - Adding type registration Instant -> org.hibernate.type.InstantType@6c27bf0
[DEBUG] 2022-09-29 15:00:41.342 [http-nio-8080-exec-5] BasicTypeRegistry - Adding type registration java.time.Instant -> org.hibernate.type.InstantType@6c27bf0
[DEBUG] 2022-09-29 15:00:41.344 [http-nio-8080-exec-5] BasicTypeRegistry - Adding type registration LocalDateTime -> org.hibernate.type.LocalDateTimeType@49071378
[DEBUG] 2022-09-29 15:00:41.345 [http-nio-8080-exec-5] BasicTypeRegistry - Adding type registration java.time.LocalDateTime -> org.hibernate.type.LocalDateTimeType@49071378
[DEBUG] 2022-09-29 15:00:41.346 [http-nio-8080-exec-5] BasicTypeRegistry - Adding type registration LocalDate -> org.hibernate.type.LocalDateType@6a5f70ee
[DEBUG] 2022-09-29 15:00:41.346 [http-nio-8080-exec-5] BasicTypeRegistry - Adding type registration java.time.LocalDate -> org.hibernate.type.LocalDateType@6a5f70ee
[DEBUG] 2022-09-29 15:00:41.347 [http-nio-8080-exec-5] BasicTypeRegistry - Adding type registration LocalTime -> org.hibernate.type.LocalTimeType@250c6b03
[DEBUG] 2022-09-29 15:00:41.347 [http-nio-8080-exec-5] BasicTypeRegistry - Adding type registration java.time.LocalTime -> org.hibernate.type.LocalTimeType@250c6b03
[DEBUG] 2022-09-29 15:00:41.349 [http-nio-8080-exec-5] BasicTypeRegistry - Adding type registration OffsetDateTime -> org.hibernate.type.OffsetDateTimeType@1ad10395
[DEBUG] 2022-09-29 15:00:41.349 [http-nio-8080-exec-5] BasicTypeRegistry - Adding type registration java.time.OffsetDateTime -> org.hibernate.type.OffsetDateTimeType@1ad10395
[DEBUG] 2022-09-29 15:00:41.350 [http-nio-8080-exec-5] BasicTypeRegistry - Adding type registration OffsetTime -> org.hibernate.type.OffsetTimeType@626d15eb
[DEBUG] 2022-09-29 15:00:41.350 [http-nio-8080-exec-5] BasicTypeRegistry - Adding type registration java.time.OffsetTime -> org.hibernate.type.OffsetTimeType@626d15eb
[DEBUG] 2022-09-29 15:00:41.352 [http-nio-8080-exec-5] BasicTypeRegistry - Adding type registration ZonedDateTime -> org.hibernate.type.ZonedDateTimeType@63cc2296
[DEBUG] 2022-09-29 15:00:41.352 [http-nio-8080-exec-5] BasicTypeRegistry - Adding type registration java.time.ZonedDateTime -> org.hibernate.type.ZonedDateTimeType@63cc2296
[DEBUG] 2022-09-29 15:00:41.353 [http-nio-8080-exec-5] BasicTypeRegistry - Adding type registration date -> org.hibernate.type.DateType@5a9e40af
[DEBUG] 2022-09-29 15:00:41.353 [http-nio-8080-exec-5] BasicTypeRegistry - Adding type registration java.sql.Date -> org.hibernate.type.DateType@5a9e40af
[DEBUG] 2022-09-29 15:00:41.354 [http-nio-8080-exec-5] BasicTypeRegistry - Adding type registration time -> org.hibernate.type.TimeType@58ffe8f8
[DEBUG] 2022-09-29 15:00:41.354 [http-nio-8080-exec-5] BasicTypeRegistry - Adding type registration java.sql.Time -> org.hibernate.type.TimeType@58ffe8f8
[DEBUG] 2022-09-29 15:00:41.356 [http-nio-8080-exec-5] BasicTypeRegistry - Adding type registration timestamp -> org.hibernate.type.TimestampType@18eb6c6d
[DEBUG] 2022-09-29 15:00:41.356 [http-nio-8080-exec-5] BasicTypeRegistry - Adding type registration java.sql.Timestamp -> org.hibernate.type.TimestampType@18eb6c6d
[DEBUG] 2022-09-29 15:00:41.356 [http-nio-8080-exec-5] BasicTypeRegistry - Adding type registration java.util.Date -> org.hibernate.type.TimestampType@18eb6c6d
[DEBUG] 2022-09-29 15:00:41.358 [http-nio-8080-exec-5] BasicTypeRegistry - Adding type registration dbtimestamp -> org.hibernate.type.DbTimestampType@36ba3dd7
[DEBUG] 2022-09-29 15:00:41.362 [http-nio-8080-exec-5] BasicTypeRegistry - Adding type registration calendar -> org.hibernate.type.CalendarType@17c0a110
[DEBUG] 2022-09-29 15:00:41.362 [http-nio-8080-exec-5] BasicTypeRegistry - Adding type registration java.util.Calendar -> org.hibernate.type.CalendarType@17c0a110
[DEBUG] 2022-09-29 15:00:41.362 [http-nio-8080-exec-5] BasicTypeRegistry - Adding type registration java.util.GregorianCalendar -> org.hibernate.type.CalendarType@17c0a110
[DEBUG] 2022-09-29 15:00:41.363 [http-nio-8080-exec-5] BasicTypeRegistry - Adding type registration calendar_date -> org.hibernate.type.CalendarDateType@20a85a20
[DEBUG] 2022-09-29 15:00:41.365 [http-nio-8080-exec-5] BasicTypeRegistry - Adding type registration locale -> org.hibernate.type.LocaleType@3cc87c1c
[DEBUG] 2022-09-29 15:00:41.365 [http-nio-8080-exec-5] BasicTypeRegistry - Adding type registration java.util.Locale -> org.hibernate.type.LocaleType@3cc87c1c
[DEBUG] 2022-09-29 15:00:41.366 [http-nio-8080-exec-5] BasicTypeRegistry - Adding type registration currency -> org.hibernate.type.CurrencyType@7fcab73f
[DEBUG] 2022-09-29 15:00:41.366 [http-nio-8080-exec-5] BasicTypeRegistry - Adding type registration java.util.Currency -> org.hibernate.type.CurrencyType@7fcab73f
[DEBUG] 2022-09-29 15:00:41.367 [http-nio-8080-exec-5] BasicTypeRegistry - Adding type registration timezone -> org.hibernate.type.TimeZoneType@21a47d7
[DEBUG] 2022-09-29 15:00:41.367 [http-nio-8080-exec-5] BasicTypeRegistry - Adding type registration java.util.TimeZone -> org.hibernate.type.TimeZoneType@21a47d7
[DEBUG] 2022-09-29 15:00:41.368 [http-nio-8080-exec-5] BasicTypeRegistry - Adding type registration class -> org.hibernate.type.ClassType@43f243ad
[DEBUG] 2022-09-29 15:00:41.368 [http-nio-8080-exec-5] BasicTypeRegistry - Adding type registration java.lang.Class -> org.hibernate.type.ClassType@43f243ad
[DEBUG] 2022-09-29 15:00:41.369 [http-nio-8080-exec-5] BasicTypeRegistry - Adding type registration uuid-binary -> org.hibernate.type.UUIDBinaryType@20095e2e
[DEBUG] 2022-09-29 15:00:41.369 [http-nio-8080-exec-5] BasicTypeRegistry - Adding type registration java.util.UUID -> org.hibernate.type.UUIDBinaryType@20095e2e
[DEBUG] 2022-09-29 15:00:41.369 [http-nio-8080-exec-5] BasicTypeRegistry - Adding type registration uuid-char -> org.hibernate.type.UUIDCharType@37c265d4
[DEBUG] 2022-09-29 15:00:41.370 [http-nio-8080-exec-5] BasicTypeRegistry - Adding type registration binary -> org.hibernate.type.BinaryType@6f0e4d0a
[DEBUG] 2022-09-29 15:00:41.370 [http-nio-8080-exec-5] BasicTypeRegistry - Adding type registration byte[] -> org.hibernate.type.BinaryType@6f0e4d0a
[DEBUG] 2022-09-29 15:00:41.371 [http-nio-8080-exec-5] BasicTypeRegistry - Adding type registration [B -> org.hibernate.type.BinaryType@6f0e4d0a
[DEBUG] 2022-09-29 15:00:41.371 [http-nio-8080-exec-5] BasicTypeRegistry - Adding type registration wrapper-binary -> org.hibernate.type.WrapperBinaryType@40247a26
[DEBUG] 2022-09-29 15:00:41.372 [http-nio-8080-exec-5] BasicTypeRegistry - Adding type registration Byte[] -> org.hibernate.type.WrapperBinaryType@40247a26
[DEBUG] 2022-09-29 15:00:41.372 [http-nio-8080-exec-5] BasicTypeRegistry - Adding type registration [Ljava.lang.Byte; -> org.hibernate.type.WrapperBinaryType@40247a26
[DEBUG] 2022-09-29 15:00:41.373 [http-nio-8080-exec-5] BasicTypeRegistry - Adding type registration row_version -> org.hibernate.type.RowVersionType@3d24aefb
[DEBUG] 2022-09-29 15:00:41.373 [http-nio-8080-exec-5] BasicTypeRegistry - Adding type registration image -> org.hibernate.type.ImageType@7c6653ac
[DEBUG] 2022-09-29 15:00:41.374 [http-nio-8080-exec-5] BasicTypeRegistry - Adding type registration characters -> org.hibernate.type.CharArrayType@1ec780e2
[DEBUG] 2022-09-29 15:00:41.374 [http-nio-8080-exec-5] BasicTypeRegistry - Adding type registration char[] -> org.hibernate.type.CharArrayType@1ec780e2
[DEBUG] 2022-09-29 15:00:41.374 [http-nio-8080-exec-5] BasicTypeRegistry - Adding type registration [C -> org.hibernate.type.CharArrayType@1ec780e2
[DEBUG] 2022-09-29 15:00:41.375 [http-nio-8080-exec-5] BasicTypeRegistry - Adding type registration wrapper-characters -> org.hibernate.type.CharacterArrayType@603bbaa9
[DEBUG] 2022-09-29 15:00:41.375 [http-nio-8080-exec-5] BasicTypeRegistry - Adding type registration [Ljava.lang.Character; -> org.hibernate.type.CharacterArrayType@603bbaa9
[DEBUG] 2022-09-29 15:00:41.375 [http-nio-8080-exec-5] BasicTypeRegistry - Adding type registration Character[] -> org.hibernate.type.CharacterArrayType@603bbaa9
[DEBUG] 2022-09-29 15:00:41.376 [http-nio-8080-exec-5] BasicTypeRegistry - Adding type registration text -> org.hibernate.type.TextType@1cc7b285
[DEBUG] 2022-09-29 15:00:41.376 [http-nio-8080-exec-5] BasicTypeRegistry - Adding type registration ntext -> org.hibernate.type.NTextType@6d1d62f3
[DEBUG] 2022-09-29 15:00:41.378 [http-nio-8080-exec-5] BasicTypeRegistry - Adding type registration blob -> org.hibernate.type.BlobType@36fa83de
[DEBUG] 2022-09-29 15:00:41.378 [http-nio-8080-exec-5] BasicTypeRegistry - Adding type registration java.sql.Blob -> org.hibernate.type.BlobType@36fa83de
[DEBUG] 2022-09-29 15:00:41.378 [http-nio-8080-exec-5] BasicTypeRegistry - Adding type registration materialized_blob -> org.hibernate.type.MaterializedBlobType@7c61994d
[DEBUG] 2022-09-29 15:00:41.379 [http-nio-8080-exec-5] BasicTypeRegistry - Adding type registration clob -> org.hibernate.type.ClobType@7b69df6d
[DEBUG] 2022-09-29 15:00:41.380 [http-nio-8080-exec-5] BasicTypeRegistry - Adding type registration java.sql.Clob -> org.hibernate.type.ClobType@7b69df6d
[DEBUG] 2022-09-29 15:00:41.381 [http-nio-8080-exec-5] BasicTypeRegistry - Adding type registration nclob -> org.hibernate.type.NClobType@6d591d95
[DEBUG] 2022-09-29 15:00:41.381 [http-nio-8080-exec-5] BasicTypeRegistry - Adding type registration java.sql.NClob -> org.hibernate.type.NClobType@6d591d95
[DEBUG] 2022-09-29 15:00:41.381 [http-nio-8080-exec-5] BasicTypeRegistry - Adding type registration materialized_clob -> org.hibernate.type.MaterializedClobType@7b885bcd
[DEBUG] 2022-09-29 15:00:41.382 [http-nio-8080-exec-5] BasicTypeRegistry - Adding type registration materialized_nclob -> org.hibernate.type.MaterializedNClobType@5bcc0961
[DEBUG] 2022-09-29 15:00:41.383 [http-nio-8080-exec-5] BasicTypeRegistry - Adding type registration serializable -> org.hibernate.type.SerializableType@479fd3bc
[DEBUG] 2022-09-29 15:00:41.386 [http-nio-8080-exec-5] BasicTypeRegistry - Adding type registration object -> org.hibernate.type.ObjectType@60a7debd
[DEBUG] 2022-09-29 15:00:41.386 [http-nio-8080-exec-5] BasicTypeRegistry - Adding type registration java.lang.Object -> org.hibernate.type.ObjectType@60a7debd
[DEBUG] 2022-09-29 15:00:41.387 [http-nio-8080-exec-5] BasicTypeRegistry - Adding type registration imm_date -> org.hibernate.type.AdaptedImmutableType@5fea218c
[DEBUG] 2022-09-29 15:00:41.387 [http-nio-8080-exec-5] BasicTypeRegistry - Adding type registration imm_time -> org.hibernate.type.AdaptedImmutableType@6038a1a9
[DEBUG] 2022-09-29 15:00:41.387 [http-nio-8080-exec-5] BasicTypeRegistry - Adding type registration imm_timestamp -> org.hibernate.type.AdaptedImmutableType@2f36d8e6
[DEBUG] 2022-09-29 15:00:41.387 [http-nio-8080-exec-5] BasicTypeRegistry - Adding type registration imm_dbtimestamp -> org.hibernate.type.AdaptedImmutableType@1c4a8f36
[DEBUG] 2022-09-29 15:00:41.387 [http-nio-8080-exec-5] BasicTypeRegistry - Adding type registration imm_calendar -> org.hibernate.type.AdaptedImmutableType@12222b72
[DEBUG] 2022-09-29 15:00:41.387 [http-nio-8080-exec-5] BasicTypeRegistry - Adding type registration imm_calendar_date -> org.hibernate.type.AdaptedImmutableType@3732e576
[DEBUG] 2022-09-29 15:00:41.387 [http-nio-8080-exec-5] BasicTypeRegistry - Adding type registration imm_binary -> org.hibernate.type.AdaptedImmutableType@2e5aea9e
[DEBUG] 2022-09-29 15:00:41.387 [http-nio-8080-exec-5] BasicTypeRegistry - Adding type registration imm_serializable -> org.hibernate.type.AdaptedImmutableType@6621e35c
[DEBUG] 2022-09-29 15:00:41.416 [http-nio-8080-exec-5] DefaultIdentifierGeneratorFactory - Registering IdentifierGenerator strategy [uuid2] -> [org.hibernate.id.UUIDGenerator]
[DEBUG] 2022-09-29 15:00:41.417 [http-nio-8080-exec-5] DefaultIdentifierGeneratorFactory - Registering IdentifierGenerator strategy [guid] -> [org.hibernate.id.GUIDGenerator]
[DEBUG] 2022-09-29 15:00:41.418 [http-nio-8080-exec-5] DefaultIdentifierGeneratorFactory - Registering IdentifierGenerator strategy [uuid] -> [org.hibernate.id.UUIDHexGenerator]
[DEBUG] 2022-09-29 15:00:41.418 [http-nio-8080-exec-5] DefaultIdentifierGeneratorFactory - Registering IdentifierGenerator strategy [uuid.hex] -> [org.hibernate.id.UUIDHexGenerator]
[DEBUG] 2022-09-29 15:00:41.419 [http-nio-8080-exec-5] DefaultIdentifierGeneratorFactory - Registering IdentifierGenerator strategy [assigned] -> [org.hibernate.id.Assigned]
[DEBUG] 2022-09-29 15:00:41.420 [http-nio-8080-exec-5] DefaultIdentifierGeneratorFactory - Registering IdentifierGenerator strategy [identity] -> [org.hibernate.id.IdentityGenerator]
[DEBUG] 2022-09-29 15:00:41.420 [http-nio-8080-exec-5] DefaultIdentifierGeneratorFactory - Registering IdentifierGenerator strategy [select] -> [org.hibernate.id.SelectGenerator]
[DEBUG] 2022-09-29 15:00:41.421 [http-nio-8080-exec-5] DefaultIdentifierGeneratorFactory - Registering IdentifierGenerator strategy [sequence] -> [org.hibernate.id.enhanced.SequenceStyleGenerator]
[DEBUG] 2022-09-29 15:00:41.422 [http-nio-8080-exec-5] DefaultIdentifierGeneratorFactory - Registering IdentifierGenerator strategy [seqhilo] -> [org.hibernate.id.SequenceHiLoGenerator]
[DEBUG] 2022-09-29 15:00:41.422 [http-nio-8080-exec-5] DefaultIdentifierGeneratorFactory - Registering IdentifierGenerator strategy [increment] -> [org.hibernate.id.IncrementGenerator]
[DEBUG] 2022-09-29 15:00:41.424 [http-nio-8080-exec-5] DefaultIdentifierGeneratorFactory - Registering IdentifierGenerator strategy [foreign] -> [org.hibernate.id.ForeignGenerator]
[DEBUG] 2022-09-29 15:00:41.425 [http-nio-8080-exec-5] DefaultIdentifierGeneratorFactory - Registering IdentifierGenerator strategy [sequence-identity] -> [org.hibernate.id.SequenceIdentityGenerator]
[DEBUG] 2022-09-29 15:00:41.425 [http-nio-8080-exec-5] DefaultIdentifierGeneratorFactory - Registering IdentifierGenerator strategy [enhanced-sequence] -> [org.hibernate.id.enhanced.SequenceStyleGenerator]
[DEBUG] 2022-09-29 15:00:41.429 [http-nio-8080-exec-5] DefaultIdentifierGeneratorFactory - Registering IdentifierGenerator strategy [enhanced-table] -> [org.hibernate.id.enhanced.TableGenerator]
[INFO ] 2022-09-29 15:00:41.437 [http-nio-8080-exec-5] C3P0ConnectionProvider - HHH010002: C3P0 using driver: com.mysql.cj.jdbc.Driver at URL: jdbc:mysql://localhost:3306/RecipeTracker
[INFO ] 2022-09-29 15:00:41.438 [http-nio-8080-exec-5] C3P0ConnectionProvider - HHH10001001: Connection properties: {password=****, user=root}
[INFO ] 2022-09-29 15:00:41.438 [http-nio-8080-exec-5] C3P0ConnectionProvider - HHH10001003: Autocommit mode: false
[INFO ] 2022-09-29 15:00:41.630 [http-nio-8080-exec-5] C3P0ConnectionProvider - HHH10001007: JDBC isolation level: <unknown>
[DEBUG] 2022-09-29 15:00:42.188 [http-nio-8080-exec-5] JdbcEnvironmentInitiator - Database ->
       name : MySQL
    version : 8.0.22
      major : 8
      minor : 0
[DEBUG] 2022-09-29 15:00:42.188 [http-nio-8080-exec-5] JdbcEnvironmentInitiator - Driver ->
       name : MySQL Connector/J
    version : mysql-connector-java-8.0.16 (Revision: 34cbc6bc61f72836e26327537a432d6db7c77de6)
      major : 8
      minor : 0
[DEBUG] 2022-09-29 15:00:42.188 [http-nio-8080-exec-5] JdbcEnvironmentInitiator - JDBC version : 4.2
[INFO ] 2022-09-29 15:00:42.264 [http-nio-8080-exec-5] Dialect - HHH000400: Using dialect: org.hibernate.dialect.MySQL8Dialect
[DEBUG] 2022-09-29 15:00:42.282 [http-nio-8080-exec-5] IdentifierHelperBuilder - JDBC driver metadata reported database stores quoted identifiers in more than one case
[DEBUG] 2022-09-29 15:00:42.304 [http-nio-8080-exec-5] IdentifierHelperBuilder - IdentifierCaseStrategy for both quoted and unquoted identifiers was set to the same strategy [MIXED]; that will likely lead to problems in schema update and validation if using quoted identifiers
[DEBUG] 2022-09-29 15:00:42.342 [http-nio-8080-exec-5] Namespace - Created database namespace [logicalName=Name{catalog=null, schema=null}, physicalName=Name{catalog=null, schema=null}]
[DEBUG] 2022-09-29 15:00:42.345 [http-nio-8080-exec-5] TypeConfiguration$Scope - Scoping TypeConfiguration [org.hibernate.type.spi.TypeConfiguration@55c45c9] to MetadataBuildingContext [org.hibernate.boot.internal.MetadataBuildingContextRootImpl@5d5000fc]
[DEBUG] 2022-09-29 15:00:42.400 [http-nio-8080-exec-5] AnnotationBinder - Binding entity from annotated class: com.ericmclaughlin.entity.Recipe
[DEBUG] 2022-09-29 15:00:42.430 [http-nio-8080-exec-5] Ejb3Column - Binding column: Ejb3DiscriminatorColumn{logicalColumnName'DTYPE', discriminatorTypeName='string'}
[DEBUG] 2022-09-29 15:00:42.458 [http-nio-8080-exec-5] EntityBinder - Import with entity name Recipe
[DEBUG] 2022-09-29 15:00:42.461 [http-nio-8080-exec-5] EntityBinder - Bind entity com.ericmclaughlin.entity.Recipe on table RECIPES
[DEBUG] 2022-09-29 15:00:42.485 [http-nio-8080-exec-5] Ejb3Column - Binding column: Ejb3Column{table=org.hibernate.mapping.Table(RECIPES), mappingColumn=RecipeId, insertable=true, updatable=true, unique=false}
[DEBUG] 2022-09-29 15:00:42.490 [http-nio-8080-exec-5] PropertyBinder - MetadataSourceProcessor property recipeId with lazy=false
[DEBUG] 2022-09-29 15:00:42.491 [http-nio-8080-exec-5] AbstractPropertyHolder - Attempting to locate auto-apply AttributeConverter for property [com.ericmclaughlin.entity.Recipe:recipeId]
[DEBUG] 2022-09-29 15:00:42.494 [http-nio-8080-exec-5] SimpleValueBinder - building SimpleValue for recipeId
[DEBUG] 2022-09-29 15:00:42.497 [http-nio-8080-exec-5] PropertyBinder - Building property recipeId
[DEBUG] 2022-09-29 15:00:42.501 [http-nio-8080-exec-5] BinderHelper - #makeIdGenerator(org.hibernate.mapping.SimpleValue([org.hibernate.mapping.Column(RecipeId)]), recipeId, org.hibernate.id.enhanced.SequenceStyleGenerator, native, ...)
[DEBUG] 2022-09-29 15:00:42.502 [http-nio-8080-exec-5] Ejb3Column - Binding column: Ejb3Column{table=org.hibernate.mapping.Table(RECIPES), mappingColumn=Description, insertable=true, updatable=true, unique=false}
[DEBUG] 2022-09-29 15:00:42.503 [http-nio-8080-exec-5] PropertyBinder - MetadataSourceProcessor property description with lazy=false
[DEBUG] 2022-09-29 15:00:42.503 [http-nio-8080-exec-5] AbstractPropertyHolder - Attempting to locate auto-apply AttributeConverter for property [com.ericmclaughlin.entity.Recipe:description]
[DEBUG] 2022-09-29 15:00:42.503 [http-nio-8080-exec-5] SimpleValueBinder - building SimpleValue for description
[DEBUG] 2022-09-29 15:00:42.503 [http-nio-8080-exec-5] PropertyBinder - Building property description
[DEBUG] 2022-09-29 15:00:42.503 [http-nio-8080-exec-5] Ejb3Column - Binding column: Ejb3Column{table=org.hibernate.mapping.Table(RECIPES), mappingColumn=Notes, insertable=true, updatable=true, unique=false}
[DEBUG] 2022-09-29 15:00:42.503 [http-nio-8080-exec-5] PropertyBinder - MetadataSourceProcessor property notes with lazy=false
[DEBUG] 2022-09-29 15:00:42.503 [http-nio-8080-exec-5] AbstractPropertyHolder - Attempting to locate auto-apply AttributeConverter for property [com.ericmclaughlin.entity.Recipe:notes]
[DEBUG] 2022-09-29 15:00:42.503 [http-nio-8080-exec-5] SimpleValueBinder - building SimpleValue for notes
[DEBUG] 2022-09-29 15:00:42.504 [http-nio-8080-exec-5] PropertyBinder - Building property notes
[DEBUG] 2022-09-29 15:00:42.504 [http-nio-8080-exec-5] Ejb3Column - Binding column: Ejb3Column{table=org.hibernate.mapping.Table(RECIPES), mappingColumn=RecipeName, insertable=true, updatable=true, unique=false}
[DEBUG] 2022-09-29 15:00:42.504 [http-nio-8080-exec-5] PropertyBinder - MetadataSourceProcessor property recipeName with lazy=false
[DEBUG] 2022-09-29 15:00:42.504 [http-nio-8080-exec-5] AbstractPropertyHolder - Attempting to locate auto-apply AttributeConverter for property [com.ericmclaughlin.entity.Recipe:recipeName]
[DEBUG] 2022-09-29 15:00:42.504 [http-nio-8080-exec-5] SimpleValueBinder - building SimpleValue for recipeName
[DEBUG] 2022-09-29 15:00:42.504 [http-nio-8080-exec-5] PropertyBinder - Building property recipeName
[DEBUG] 2022-09-29 15:00:42.506 [http-nio-8080-exec-5] Ejb3Column - Binding column: Ejb3JoinColumn{logicalColumnName='null', referencedColumn='null', mappedBy='null'}
[DEBUG] 2022-09-29 15:00:42.507 [http-nio-8080-exec-5] Ejb3Column - Binding column: Ejb3Column{table=org.hibernate.mapping.Table(RECIPES), mappingColumn=user, insertable=true, updatable=true, unique=false}
[DEBUG] 2022-09-29 15:00:42.510 [http-nio-8080-exec-5] PropertyBinder - Building property user
[DEBUG] 2022-09-29 15:00:42.511 [http-nio-8080-exec-5] AnnotationBinder - Binding entity from annotated class: com.ericmclaughlin.entity.User
[DEBUG] 2022-09-29 15:00:42.512 [http-nio-8080-exec-5] Ejb3Column - Binding column: Ejb3DiscriminatorColumn{logicalColumnName'DTYPE', discriminatorTypeName='string'}
[DEBUG] 2022-09-29 15:00:42.512 [http-nio-8080-exec-5] EntityBinder - Import with entity name User
[DEBUG] 2022-09-29 15:00:42.512 [http-nio-8080-exec-5] EntityBinder - Bind entity com.ericmclaughlin.entity.User on table USER
[DEBUG] 2022-09-29 15:00:42.516 [http-nio-8080-exec-5] Ejb3Column - Binding column: Ejb3Column{table=org.hibernate.mapping.Table(USER), mappingColumn=UserId, insertable=true, updatable=true, unique=false}
[DEBUG] 2022-09-29 15:00:42.516 [http-nio-8080-exec-5] PropertyBinder - MetadataSourceProcessor property userId with lazy=false
[DEBUG] 2022-09-29 15:00:42.516 [http-nio-8080-exec-5] AbstractPropertyHolder - Attempting to locate auto-apply AttributeConverter for property [com.ericmclaughlin.entity.User:userId]
[DEBUG] 2022-09-29 15:00:42.516 [http-nio-8080-exec-5] SimpleValueBinder - building SimpleValue for userId
[DEBUG] 2022-09-29 15:00:42.516 [http-nio-8080-exec-5] PropertyBinder - Building property userId
[DEBUG] 2022-09-29 15:00:42.516 [http-nio-8080-exec-5] BinderHelper - #makeIdGenerator(org.hibernate.mapping.SimpleValue([org.hibernate.mapping.Column(UserId)]), userId, org.hibernate.id.enhanced.SequenceStyleGenerator, native, ...)
[DEBUG] 2022-09-29 15:00:42.516 [http-nio-8080-exec-5] Ejb3Column - Binding column: Ejb3Column{table=org.hibernate.mapping.Table(USER), mappingColumn=FirstName, insertable=true, updatable=true, unique=false}
[DEBUG] 2022-09-29 15:00:42.517 [http-nio-8080-exec-5] PropertyBinder - MetadataSourceProcessor property firstName with lazy=false
[DEBUG] 2022-09-29 15:00:42.517 [http-nio-8080-exec-5] AbstractPropertyHolder - Attempting to locate auto-apply AttributeConverter for property [com.ericmclaughlin.entity.User:firstName]
[DEBUG] 2022-09-29 15:00:42.517 [http-nio-8080-exec-5] SimpleValueBinder - building SimpleValue for firstName
[DEBUG] 2022-09-29 15:00:42.517 [http-nio-8080-exec-5] PropertyBinder - Building property firstName
[DEBUG] 2022-09-29 15:00:42.517 [http-nio-8080-exec-5] Ejb3Column - Binding column: Ejb3Column{table=org.hibernate.mapping.Table(USER), mappingColumn=LastName, insertable=true, updatable=true, unique=false}
[DEBUG] 2022-09-29 15:00:42.517 [http-nio-8080-exec-5] PropertyBinder - MetadataSourceProcessor property lastName with lazy=false
[DEBUG] 2022-09-29 15:00:42.517 [http-nio-8080-exec-5] AbstractPropertyHolder - Attempting to locate auto-apply AttributeConverter for property [com.ericmclaughlin.entity.User:lastName]
[DEBUG] 2022-09-29 15:00:42.517 [http-nio-8080-exec-5] SimpleValueBinder - building SimpleValue for lastName
[DEBUG] 2022-09-29 15:00:42.517 [http-nio-8080-exec-5] PropertyBinder - Building property lastName
[DEBUG] 2022-09-29 15:00:42.518 [http-nio-8080-exec-5] Ejb3Column - Binding column: Ejb3Column{table=org.hibernate.mapping.Table(USER), mappingColumn=Password, insertable=true, updatable=true, unique=false}
[DEBUG] 2022-09-29 15:00:42.518 [http-nio-8080-exec-5] PropertyBinder - MetadataSourceProcessor property password with lazy=false
[DEBUG] 2022-09-29 15:00:42.518 [http-nio-8080-exec-5] AbstractPropertyHolder - Attempting to locate auto-apply AttributeConverter for property [com.ericmclaughlin.entity.User:password]
[DEBUG] 2022-09-29 15:00:42.518 [http-nio-8080-exec-5] SimpleValueBinder - building SimpleValue for password
[DEBUG] 2022-09-29 15:00:42.518 [http-nio-8080-exec-5] PropertyBinder - Building property password
[DEBUG] 2022-09-29 15:00:42.518 [http-nio-8080-exec-5] Ejb3Column - Binding column: Ejb3JoinColumn{logicalColumnName='null', referencedColumn='null', mappedBy='user'}
[DEBUG] 2022-09-29 15:00:42.518 [http-nio-8080-exec-5] Ejb3Column - Binding column: Ejb3Column{table=org.hibernate.mapping.Table(USER), mappingColumn=recipes, insertable=true, updatable=true, unique=false}
[DEBUG] 2022-09-29 15:00:42.520 [http-nio-8080-exec-5] Ejb3Column - Binding column: Ejb3Column{table=org.hibernate.mapping.Table(USER), mappingColumn=null, insertable=true, updatable=true, unique=false}
[DEBUG] 2022-09-29 15:00:42.528 [http-nio-8080-exec-5] Ejb3Column - Binding column: Ejb3Column{table=org.hibernate.mapping.Table(USER), mappingColumn=element, insertable=true, updatable=true, unique=false}
[DEBUG] 2022-09-29 15:00:42.529 [http-nio-8080-exec-5] Ejb3Column - Binding column: Ejb3Column{table=org.hibernate.mapping.Table(USER), mappingColumn=recipes_KEY, insertable=true, updatable=true, unique=false}
[DEBUG] 2022-09-29 15:00:42.529 [http-nio-8080-exec-5] Ejb3Column - Binding column: Ejb3JoinColumn{logicalColumnName='recipes_KEY', referencedColumn='null', mappedBy='null'}
[DEBUG] 2022-09-29 15:00:42.530 [http-nio-8080-exec-5] Ejb3Column - Binding column: Ejb3JoinColumn{logicalColumnName='null', referencedColumn='null', mappedBy='user'}
[DEBUG] 2022-09-29 15:00:42.530 [http-nio-8080-exec-5] Ejb3Column - Binding column: Ejb3JoinColumn{logicalColumnName='null', referencedColumn='null', mappedBy='user'}
[DEBUG] 2022-09-29 15:00:42.531 [http-nio-8080-exec-5] CollectionBinder - Collection role: com.ericmclaughlin.entity.User.recipes
[DEBUG] 2022-09-29 15:00:42.533 [http-nio-8080-exec-5] PropertyBinder - Building property recipes
[DEBUG] 2022-09-29 15:00:42.533 [http-nio-8080-exec-5] Ejb3Column - Binding column: Ejb3Column{table=org.hibernate.mapping.Table(USER), mappingColumn=LoginId, insertable=true, updatable=true, unique=false}
[DEBUG] 2022-09-29 15:00:42.533 [http-nio-8080-exec-5] PropertyBinder - MetadataSourceProcessor property userName with lazy=false
[DEBUG] 2022-09-29 15:00:42.533 [http-nio-8080-exec-5] AbstractPropertyHolder - Attempting to locate auto-apply AttributeConverter for property [com.ericmclaughlin.entity.User:userName]
[DEBUG] 2022-09-29 15:00:42.534 [http-nio-8080-exec-5] SimpleValueBinder - building SimpleValue for userName
[DEBUG] 2022-09-29 15:00:42.534 [http-nio-8080-exec-5] PropertyBinder - Building property userName
[DEBUG] 2022-09-29 15:00:42.535 [http-nio-8080-exec-5] SimpleValueBinder - Starting fillSimpleValue for recipeId
[DEBUG] 2022-09-29 15:00:42.535 [http-nio-8080-exec-5] SimpleValueBinder - Starting fillSimpleValue for description
[DEBUG] 2022-09-29 15:00:42.535 [http-nio-8080-exec-5] SimpleValueBinder - Starting fillSimpleValue for notes
[DEBUG] 2022-09-29 15:00:42.535 [http-nio-8080-exec-5] SimpleValueBinder - Starting fillSimpleValue for recipeName
[DEBUG] 2022-09-29 15:00:42.535 [http-nio-8080-exec-5] SimpleValueBinder - Starting fillSimpleValue for userId
[DEBUG] 2022-09-29 15:00:42.535 [http-nio-8080-exec-5] SimpleValueBinder - Starting fillSimpleValue for firstName
[DEBUG] 2022-09-29 15:00:42.535 [http-nio-8080-exec-5] SimpleValueBinder - Starting fillSimpleValue for lastName
[DEBUG] 2022-09-29 15:00:42.535 [http-nio-8080-exec-5] SimpleValueBinder - Starting fillSimpleValue for password
[DEBUG] 2022-09-29 15:00:42.535 [http-nio-8080-exec-5] SimpleValueBinder - Starting fillSimpleValue for userName
[DEBUG] 2022-09-29 15:00:42.540 [http-nio-8080-exec-5] PrimaryKey - Forcing column [recipeid] to be non-null as it is part of the primary key for table [recipes]
[DEBUG] 2022-09-29 15:00:42.540 [http-nio-8080-exec-5] PrimaryKey - Forcing column [userid] to be non-null as it is part of the primary key for table [user]
[DEBUG] 2022-09-29 15:00:42.540 [http-nio-8080-exec-5] CollectionSecondPass - Second pass for collection: com.ericmclaughlin.entity.User.recipes
[DEBUG] 2022-09-29 15:00:42.541 [http-nio-8080-exec-5] CollectionBinder - Binding a OneToMany: com.ericmclaughlin.entity.User.recipes through a foreign key
[DEBUG] 2022-09-29 15:00:42.541 [http-nio-8080-exec-5] CollectionBinder - Mapping collection: com.ericmclaughlin.entity.User.recipes -> RECIPES
[DEBUG] 2022-09-29 15:00:42.542 [http-nio-8080-exec-5] TableBinder - Retrieving property com.ericmclaughlin.entity.Recipe.user
[DEBUG] 2022-09-29 15:00:42.542 [http-nio-8080-exec-5] CollectionSecondPass - Mapped collection key: user_UserId, one-to-many: com.ericmclaughlin.entity.Recipe
[DEBUG] 2022-09-29 15:00:42.543 [http-nio-8080-exec-5] InFlightMetadataCollectorImpl - Resolving reference to class: com.ericmclaughlin.entity.User
[DEBUG] 2022-09-29 15:00:42.546 [http-nio-8080-exec-5] InFlightMetadataCollectorImpl - Resolving reference to class: com.ericmclaughlin.entity.User
[DEBUG] 2022-09-29 15:00:42.576 [http-nio-8080-exec-5] SessionFactoryImpl - Building session factory
[DEBUG] 2022-09-29 15:00:42.577 [http-nio-8080-exec-5] Settings - SessionFactory name : null
[DEBUG] 2022-09-29 15:00:42.577 [http-nio-8080-exec-5] Settings - Automatic flush during beforeCompletion(): enabled
[DEBUG] 2022-09-29 15:00:42.577 [http-nio-8080-exec-5] Settings - Automatic session close at end of transaction: disabled
[DEBUG] 2022-09-29 15:00:42.577 [http-nio-8080-exec-5] Settings - Statistics: disabled
[DEBUG] 2022-09-29 15:00:42.577 [http-nio-8080-exec-5] Settings - Deleted entity synthetic identifier rollback: disabled
[DEBUG] 2022-09-29 15:00:42.577 [http-nio-8080-exec-5] Settings - Default entity-mode: pojo
[DEBUG] 2022-09-29 15:00:42.577 [http-nio-8080-exec-5] Settings - Check Nullability in Core (should be disabled when Bean Validation is on): enabled
[DEBUG] 2022-09-29 15:00:42.578 [http-nio-8080-exec-5] Settings - Allow initialization of lazy state outside session : disabled
[DEBUG] 2022-09-29 15:00:42.578 [http-nio-8080-exec-5] Settings - Using BatchFetchStyle : LEGACY
[DEBUG] 2022-09-29 15:00:42.578 [http-nio-8080-exec-5] Settings - Default batch fetch size: -1
[DEBUG] 2022-09-29 15:00:42.578 [http-nio-8080-exec-5] Settings - Maximum outer join fetch depth: 2
[DEBUG] 2022-09-29 15:00:42.578 [http-nio-8080-exec-5] Settings - Default null ordering: NONE
[DEBUG] 2022-09-29 15:00:42.578 [http-nio-8080-exec-5] Settings - Order SQL updates by primary key: disabled
[DEBUG] 2022-09-29 15:00:42.578 [http-nio-8080-exec-5] Settings - Order SQL inserts for batching: disabled
[DEBUG] 2022-09-29 15:00:42.578 [http-nio-8080-exec-5] Settings - multi-tenancy strategy : NONE
[DEBUG] 2022-09-29 15:00:42.578 [http-nio-8080-exec-5] Settings - JTA Track by Thread: enabled
[DEBUG] 2022-09-29 15:00:42.578 [http-nio-8080-exec-5] Settings - Query language substitutions: {}
[DEBUG] 2022-09-29 15:00:42.578 [http-nio-8080-exec-5] Settings - Named query checking : enabled
[DEBUG] 2022-09-29 15:00:42.578 [http-nio-8080-exec-5] Settings - Second-level cache: disabled
[DEBUG] 2022-09-29 15:00:42.579 [http-nio-8080-exec-5] Settings - Second-level query cache: disabled
[DEBUG] 2022-09-29 15:00:42.579 [http-nio-8080-exec-5] Settings - Second-level query cache factory: null
[DEBUG] 2022-09-29 15:00:42.579 [http-nio-8080-exec-5] Settings - Second-level cache region prefix: null
[DEBUG] 2022-09-29 15:00:42.579 [http-nio-8080-exec-5] Settings - Optimize second-level cache for minimal puts: disabled
[DEBUG] 2022-09-29 15:00:42.579 [http-nio-8080-exec-5] Settings - Structured second-level cache entries: disabled
[DEBUG] 2022-09-29 15:00:42.579 [http-nio-8080-exec-5] Settings - Second-level cache direct-reference entries: disabled
[DEBUG] 2022-09-29 15:00:42.579 [http-nio-8080-exec-5] Settings - Automatic eviction of collection cache: disabled
[DEBUG] 2022-09-29 15:00:42.579 [http-nio-8080-exec-5] Settings - JDBC batch size: 15
[DEBUG] 2022-09-29 15:00:42.579 [http-nio-8080-exec-5] Settings - JDBC batch updates for versioned data: enabled
[DEBUG] 2022-09-29 15:00:42.579 [http-nio-8080-exec-5] Settings - Scrollable result sets: enabled
[DEBUG] 2022-09-29 15:00:42.579 [http-nio-8080-exec-5] Settings - Wrap result sets: disabled
[DEBUG] 2022-09-29 15:00:42.580 [http-nio-8080-exec-5] Settings - JDBC3 getGeneratedKeys(): enabled
[DEBUG] 2022-09-29 15:00:42.580 [http-nio-8080-exec-5] Settings - JDBC result set fetch size: null
[DEBUG] 2022-09-29 15:00:42.580 [http-nio-8080-exec-5] Settings - Connection release mode: AFTER_TRANSACTION
[DEBUG] 2022-09-29 15:00:42.580 [http-nio-8080-exec-5] Settings - Generate SQL with comments: disabled
[DEBUG] 2022-09-29 15:00:42.580 [http-nio-8080-exec-5] Settings - JPA compliance - query : 
[DEBUG] 2022-09-29 15:00:42.580 [http-nio-8080-exec-5] Settings - JPA compliance - closed-handling : 
[DEBUG] 2022-09-29 15:00:42.580 [http-nio-8080-exec-5] Settings - JPA compliance - lists : 
[DEBUG] 2022-09-29 15:00:42.580 [http-nio-8080-exec-5] Settings - JPA compliance - transactions : 
[INFO ] 2022-09-29 15:00:42.636 [http-nio-8080-exec-5] beans - HHH10005002: No explicit CDI BeanManager reference was passed to Hibernate, but CDI is available on the Hibernate ClassLoader.
[DEBUG] 2022-09-29 15:00:42.656 [http-nio-8080-exec-5] SessionFactoryImpl - Session factory constructed with filter configurations : {}
[DEBUG] 2022-09-29 15:00:42.656 [http-nio-8080-exec-5] SessionFactoryImpl - Instantiating session factory with properties: {sun.desktop=gnome, awt.toolkit=sun.awt.X11.XToolkit, java.specification.version=11, sun.cpu.isalist=, hibernate.c3p0.idle_test_period=3000, sun.jnu.encoding=UTF-8, hibernate.c3p0.min_size=5, java.class.path=/home/student/tomcat/bin/bootstrap.jar:/home/student/tomcat/bin/tomcat-juli.jar, java.vm.vendor=Ubuntu, sun.arch.data.model=64, java.vendor.url=https://ubuntu.com/, catalina.useNaming=true, user.timezone=America/Chicago, os.name=Linux, java.vm.specification.version=11, sun.java.launcher=SUN_STANDARD, user.country=US, sun.boot.library.path=/usr/lib/jvm/java-11-openjdk-amd64/lib, com.sun.management.jmxremote.ssl=false, sun.java.command=org.apache.catalina.startup.Bootstrap start, com.sun.management.jmxremote=, jdk.debug=release, sun.cpu.endian=little, user.home=/home/student, hibernate.c3p0.max_statements=50, user.language=en, java.specification.vendor=Oracle Corporation, java.naming.factory.url.pkgs=org.apache.naming, java.version.date=2022-07-19, java.home=/usr/lib/jvm/java-11-openjdk-amd64, ignore.endorsed.dirs=, file.separator=/, java.vm.compressedOopsMode=32-bit, line.separator=
, hibernate.c3p0.timeout=300, java.specification.name=Java Platform API Specification, java.vm.specification.vendor=Oracle Corporation, java.awt.graphicsenv=sun.awt.X11GraphicsEnvironment, com.sun.management.jmxremote.password.file=/home/student/.cache/JetBrains/IntelliJIdea2022.2/tomcat/468a916e-ca92-405c-8032-b38cf9b60bb8/jmxremote.password, package.access=sun.,org.apache.catalina.,org.apache.coyote.,org.apache.jasper.,org.apache.tomcat., package.definition=sun.,java.,org.apache.catalina.,org.apache.coyote.,org.apache.jasper.,org.apache.naming.,org.apache.tomcat., jdk.tls.ephemeralDHKeySize=2048, server.loader=, java.util.logging.config.file=/home/student/.cache/JetBrains/IntelliJIdea2022.2/tomcat/468a916e-ca92-405c-8032-b38cf9b60bb8/conf/logging.properties, java.protocol.handler.pkgs=org.apache.catalina.webresources, connection.password=student, com.sun.management.jmxremote.access.file=/home/student/.cache/JetBrains/IntelliJIdea2022.2/tomcat/468a916e-ca92-405c-8032-b38cf9b60bb8/jmxremote.access, sun.management.compiler=HotSpot 64-Bit Tiered Compilers, hibernate.c3p0.max_size=20, java.runtime.version=11.0.16+8-post-Ubuntu-0ubuntu120.04, java.naming.factory.initial=org.apache.naming.java.javaURLContextFactory, user.name=student, path.separator=:, common.loader="/home/student/tomcat/lib","/home/student/tomcat/lib/*.jar","/home/student/tomcat/lib","/home/student/tomcat/lib/*.jar", hibernate.connection.username=****, os.version=5.4.0-126-generic, java.runtime.name=OpenJDK Runtime Environment, hibernate.connection.url=jdbc:mysql://localhost:3306/RecipeTracker, file.encoding=UTF-8, java.vm.name=OpenJDK 64-Bit Server VM, org.apache.catalina.security.SecurityListener.UMASK=0027, hibernate.connection.driver_class=com.mysql.cj.jdbc.Driver, java.vendor.url.bug=https://bugs.launchpad.net/ubuntu/+source/openjdk-lts, java.io.tmpdir=/home/student/tomcat/temp, tomcat.util.scan.StandardJarScanFilter.jarsToScan=log4j-taglib*.jar,log4j-web*.jar,log4javascript*.jar,slf4j-taglib*.jar, catalina.home=/home/student/tomcat, com.sun.management.jmxremote.port=1099, java.version=11.0.16, tomcat.util.scan.StandardJarScanFilter.jarsToSkip=annotations-api.jar,ant-junit*.jar,ant-launcher.jar,ant.jar,asm-*.jar,aspectj*.jar,bootstrap.jar,catalina-ant.jar,catalina-ha.jar,catalina-jmx-remote.jar,catalina-storeconfig.jar,catalina-tribes.jar,catalina-ws.jar,catalina.jar,cglib-*.jar,cobertura-*.jar,commons-beanutils*.jar,commons-codec*.jar,commons-collections*.jar,commons-daemon.jar,commons-dbcp*.jar,commons-digester*.jar,commons-fileupload*.jar,commons-httpclient*.jar,commons-io*.jar,commons-lang*.jar,commons-logging*.jar,commons-math*.jar,commons-pool*.jar,derby-*.jar,dom4j-*.jar,easymock-*.jar,ecj-*.jar,el-api.jar,geronimo-spec-jaxrpc*.jar,h2*.jar,ha-api-*.jar,hamcrest-*.jar,hibernate*.jar,httpclient*.jar,icu4j-*.jar,jasper-el.jar,jasper.jar,jaspic-api.jar,jaxb-*.jar,jaxen-*.jar,jaxws-rt-*.jar,jdom-*.jar,jetty-*.jar,jmx-tools.jar,jmx.jar,jsp-api.jar,jstl.jar,jta*.jar,junit-*.jar,junit.jar,log4j*.jar,mail*.jar,objenesis-*.jar,oraclepki.jar,oro-*.jar,servlet-api-*.jar,servlet-api.jar,slf4j*.jar,taglibs-standard-spec-*.jar,tagsoup-*.jar,tomcat-api.jar,tomcat-coyote.jar,tomcat-dbcp.jar,tomcat-i18n-*.jar,tomcat-jdbc.jar,tomcat-jni.jar,tomcat-juli-adapters.jar,tomcat-juli.jar,tomcat-util-scan.jar,tomcat-util.jar,tomcat-websocket.jar,tools.jar,websocket-api.jar,wsdl4j*.jar,xercesImpl.jar,xml-apis.jar,xmlParserAPIs-*.jar,xmlParserAPIs.jar,xom-*.jar, user.dir=/home/student/tomcat/bin, os.arch=amd64, connection.username=root, java.vm.specification.name=Java Virtual Machine Specification, java.awt.printerjob=sun.print.PSPrinterJob, hibernate.connection.password=****, sun.os.patch.level=unknown, connection.driver_class=com.mysql.cj.jdbc.Driver, catalina.base=/home/student/.cache/JetBrains/IntelliJIdea2022.2/tomcat/468a916e-ca92-405c-8032-b38cf9b60bb8, shared.loader=, hibernate.boot.CfgXmlAccessService.key=org.hibernate.boot.cfgxml.spi.LoadedConfig@25bb61c6, java.util.logging.manager=org.apache.juli.ClassLoaderLogManager, java.library.path=/usr/java/packages/lib:/usr/lib/x86_64-linux-gnu/jni:/lib/x86_64-linux-gnu:/usr/lib/x86_64-linux-gnu:/usr/lib/jni:/lib:/usr/lib, java.vendor=Ubuntu, java.vm.info=mixed mode, sharing, java.vm.version=11.0.16+8-post-Ubuntu-0ubuntu120.04, hibernate.bytecode.use_reflection_optimizer=false, java.rmi.server.randomIDs=true, java.rmi.server.hostname=127.0.0.1, sun.io.unicode.encoding=UnicodeLittle, tomcat.util.buf.StringCache.byte.enabled=true, connection.url=jdbc:mysql://localhost:3306/RecipeTracker, java.class.version=55.0}
[DEBUG] 2022-09-29 15:00:42.674 [http-nio-8080-exec-5] TypeSafeActivator - Unable to acquire Bean Validation ValidatorFactory, skipping activation
[DEBUG] 2022-09-29 15:00:42.674 [http-nio-8080-exec-5] JaccIntegrator - Skipping JACC integration as it was not enabled
[DEBUG] 2022-09-29 15:00:42.675 [http-nio-8080-exec-5] SessionFactoryImpl - Instantiated session factory
[DEBUG] 2022-09-29 15:00:42.675 [http-nio-8080-exec-5] TypeConfiguration$Scope - Scoping TypeConfiguration [org.hibernate.type.spi.TypeConfiguration@55c45c9] to SessionFactoryImpl [org.hibernate.internal.SessionFactoryImpl@17bcc7a8]
[DEBUG] 2022-09-29 15:00:42.723 [http-nio-8080-exec-5] ClassLoaderAccessImpl - Not known whether passed class name [com.ericmclaughlin.entity.User] is safe
[DEBUG] 2022-09-29 15:00:42.723 [http-nio-8080-exec-5] ClassLoaderAccessImpl - No temp ClassLoader provided; using live ClassLoader for loading potentially unsafe class : com.ericmclaughlin.entity.User
[DEBUG] 2022-09-29 15:00:42.742 [http-nio-8080-exec-5] ClassLoaderAccessImpl - Not known whether passed class name [com.ericmclaughlin.entity.User] is safe
[DEBUG] 2022-09-29 15:00:42.742 [http-nio-8080-exec-5] ClassLoaderAccessImpl - No temp ClassLoader provided; using live ClassLoader for loading potentially unsafe class : com.ericmclaughlin.entity.User
[DEBUG] 2022-09-29 15:00:43.067 [http-nio-8080-exec-5] ClassLoaderAccessImpl - Not known whether passed class name [com.ericmclaughlin.entity.Recipe] is safe
[DEBUG] 2022-09-29 15:00:43.067 [http-nio-8080-exec-5] ClassLoaderAccessImpl - No temp ClassLoader provided; using live ClassLoader for loading potentially unsafe class : com.ericmclaughlin.entity.Recipe
[DEBUG] 2022-09-29 15:00:43.068 [http-nio-8080-exec-5] ClassLoaderAccessImpl - Not known whether passed class name [com.ericmclaughlin.entity.Recipe] is safe
[DEBUG] 2022-09-29 15:00:43.068 [http-nio-8080-exec-5] ClassLoaderAccessImpl - No temp ClassLoader provided; using live ClassLoader for loading potentially unsafe class : com.ericmclaughlin.entity.Recipe
[DEBUG] 2022-09-29 15:00:43.100 [http-nio-8080-exec-5] AbstractCollectionPersister - Static SQL for collection: com.ericmclaughlin.entity.User.recipes
[DEBUG] 2022-09-29 15:00:43.101 [http-nio-8080-exec-5] AbstractCollectionPersister -  Row insert: update RECIPES set user_UserId=? where RecipeId=?
[DEBUG] 2022-09-29 15:00:43.101 [http-nio-8080-exec-5] AbstractCollectionPersister -  Row update: update RECIPES set  where RecipeId=?
[DEBUG] 2022-09-29 15:00:43.101 [http-nio-8080-exec-5] AbstractCollectionPersister -  Row delete: update RECIPES set user_UserId=null where user_UserId=? and RecipeId=?
[DEBUG] 2022-09-29 15:00:43.101 [http-nio-8080-exec-5] AbstractCollectionPersister -  One-shot delete: update RECIPES set user_UserId=null where user_UserId=?
[DEBUG] 2022-09-29 15:00:43.105 [http-nio-8080-exec-5] AbstractEntityPersister - Static SQL for entity: com.ericmclaughlin.entity.User
[DEBUG] 2022-09-29 15:00:43.105 [http-nio-8080-exec-5] AbstractEntityPersister -  Version select: select UserId from USER where UserId =?
[DEBUG] 2022-09-29 15:00:43.105 [http-nio-8080-exec-5] AbstractEntityPersister -  Snapshot select: select user_.UserId, user_.FirstName as FirstNam2_1_, user_.LastName as LastName3_1_, user_.Password as Password4_1_, user_.LoginId as LoginId5_1_ from USER user_ where user_.UserId=?
[DEBUG] 2022-09-29 15:00:43.105 [http-nio-8080-exec-5] AbstractEntityPersister -  Insert 0: insert into USER (FirstName, LastName, Password, LoginId, UserId) values (?, ?, ?, ?, ?)
[DEBUG] 2022-09-29 15:00:43.105 [http-nio-8080-exec-5] AbstractEntityPersister -  Update 0: update USER set FirstName=?, LastName=?, Password=?, LoginId=? where UserId=?
[DEBUG] 2022-09-29 15:00:43.105 [http-nio-8080-exec-5] AbstractEntityPersister -  Delete 0: delete from USER where UserId=?
[DEBUG] 2022-09-29 15:00:43.105 [http-nio-8080-exec-5] AbstractEntityPersister -  Identity insert: insert into USER (FirstName, LastName, Password, LoginId) values (?, ?, ?, ?)
[DEBUG] 2022-09-29 15:00:43.132 [http-nio-8080-exec-5] QuerySpacesImpl - Adding QuerySpace : uid = <gen:0> -> org.hibernate.loader.plan.build.internal.spaces.EntityQuerySpaceImpl@521bcf0f]
[DEBUG] 2022-09-29 15:00:43.133 [http-nio-8080-exec-5] MetamodelGraphWalker - Visiting attribute path : firstName
[DEBUG] 2022-09-29 15:00:43.133 [http-nio-8080-exec-5] MetamodelGraphWalker - Visiting attribute path : lastName
[DEBUG] 2022-09-29 15:00:43.133 [http-nio-8080-exec-5] MetamodelGraphWalker - Visiting attribute path : password
[DEBUG] 2022-09-29 15:00:43.133 [http-nio-8080-exec-5] MetamodelGraphWalker - Visiting attribute path : recipes
[DEBUG] 2022-09-29 15:00:43.138 [http-nio-8080-exec-5] QuerySpacesImpl - Adding QuerySpace : uid = <gen:1> -> org.hibernate.loader.plan.build.internal.spaces.CollectionQuerySpaceImpl@2ab2726c]
[DEBUG] 2022-09-29 15:00:43.142 [http-nio-8080-exec-5] QuerySpacesImpl - Adding QuerySpace : uid = <gen:2> -> org.hibernate.loader.plan.build.internal.spaces.EntityQuerySpaceImpl@49150b86]
[DEBUG] 2022-09-29 15:00:43.143 [http-nio-8080-exec-5] MetamodelGraphWalker - Visiting attribute path : recipes.description
[DEBUG] 2022-09-29 15:00:43.143 [http-nio-8080-exec-5] MetamodelGraphWalker - Visiting attribute path : recipes.notes
[DEBUG] 2022-09-29 15:00:43.143 [http-nio-8080-exec-5] MetamodelGraphWalker - Visiting attribute path : recipes.recipeName
[DEBUG] 2022-09-29 15:00:43.143 [http-nio-8080-exec-5] MetamodelGraphWalker - Visiting attribute path : recipes.user
[DEBUG] 2022-09-29 15:00:43.143 [http-nio-8080-exec-5] MetamodelGraphWalker - Property path deemed to be circular : recipes.user
[DEBUG] 2022-09-29 15:00:43.144 [http-nio-8080-exec-5] MetamodelGraphWalker - Visiting attribute path : userName
[DEBUG] 2022-09-29 15:00:43.144 [http-nio-8080-exec-5] FetchStyleLoadPlanBuildingAssociationVisitationStrategy - Building LoadPlan...
[DEBUG] 2022-09-29 15:00:43.159 [http-nio-8080-exec-5] LoadQueryJoinAndFetchProcessor - processing queryspace <gen:0>
[DEBUG] 2022-09-29 15:00:43.165 [http-nio-8080-exec-5] LoadPlanTreePrinter - LoadPlan(entity=com.ericmclaughlin.entity.User)
    - Returns
       - EntityReturnImpl(entity=com.ericmclaughlin.entity.User, querySpaceUid=<gen:0>, path=com.ericmclaughlin.entity.User)
          - CollectionAttributeFetchImpl(collection=com.ericmclaughlin.entity.User.recipes, querySpaceUid=<gen:1>, path=com.ericmclaughlin.entity.User.recipes)
             - (collection element) CollectionFetchableElementEntityGraph(entity=com.ericmclaughlin.entity.Recipe, querySpaceUid=<gen:2>, path=com.ericmclaughlin.entity.User.recipes.<elements>)
    - QuerySpaces
       - EntityQuerySpaceImpl(uid=<gen:0>, entity=com.ericmclaughlin.entity.User)
          - SQL table alias mapping - user0_
          - alias suffix - 0_
          - suffixed key columns - {UserId1_1_0_}
          - JOIN (JoinDefinedByMetadata(recipes)) : <gen:0> -> <gen:1>
             - CollectionQuerySpaceImpl(uid=<gen:1>, collection=com.ericmclaughlin.entity.User.recipes)
                - SQL table alias mapping - recipes1_
                - alias suffix - 1_
                - suffixed key columns - {user_Use5_0_1_}
                - entity-element alias suffix - 2_
                - 2_entity-element suffixed key columns - RecipeId1_0_2_
                - JOIN (JoinDefinedByMetadata(elements)) : <gen:1> -> <gen:2>
                   - EntityQuerySpaceImpl(uid=<gen:2>, entity=com.ericmclaughlin.entity.Recipe)
                      - SQL table alias mapping - recipes1_
                      - alias suffix - 2_
                      - suffixed key columns - {RecipeId1_0_2_}

[DEBUG] 2022-09-29 15:00:43.167 [http-nio-8080-exec-5] EntityLoader - Static select for entity com.ericmclaughlin.entity.User [NONE]: select user0_.UserId as UserId1_1_0_, user0_.FirstName as FirstNam2_1_0_, user0_.LastName as LastName3_1_0_, user0_.Password as Password4_1_0_, user0_.LoginId as LoginId5_1_0_, recipes1_.user_UserId as user_Use5_0_1_, recipes1_.RecipeId as RecipeId1_0_1_, recipes1_.RecipeId as RecipeId1_0_2_, recipes1_.Description as Descript2_0_2_, recipes1_.Notes as Notes3_0_2_, recipes1_.RecipeName as RecipeNa4_0_2_, recipes1_.user_UserId as user_Use5_0_2_ from USER user0_ left outer join RECIPES recipes1_ on user0_.UserId=recipes1_.user_UserId where user0_.UserId=?
[DEBUG] 2022-09-29 15:00:43.168 [http-nio-8080-exec-5] QuerySpacesImpl - Adding QuerySpace : uid = <gen:0> -> org.hibernate.loader.plan.build.internal.spaces.EntityQuerySpaceImpl@6405eae]
[DEBUG] 2022-09-29 15:00:43.168 [http-nio-8080-exec-5] MetamodelGraphWalker - Visiting attribute path : firstName
[DEBUG] 2022-09-29 15:00:43.168 [http-nio-8080-exec-5] MetamodelGraphWalker - Visiting attribute path : lastName
[DEBUG] 2022-09-29 15:00:43.168 [http-nio-8080-exec-5] MetamodelGraphWalker - Visiting attribute path : password
[DEBUG] 2022-09-29 15:00:43.168 [http-nio-8080-exec-5] MetamodelGraphWalker - Visiting attribute path : recipes
[DEBUG] 2022-09-29 15:00:43.168 [http-nio-8080-exec-5] QuerySpacesImpl - Adding QuerySpace : uid = <gen:1> -> org.hibernate.loader.plan.build.internal.spaces.CollectionQuerySpaceImpl@3c32d20c]
[DEBUG] 2022-09-29 15:00:43.168 [http-nio-8080-exec-5] QuerySpacesImpl - Adding QuerySpace : uid = <gen:2> -> org.hibernate.loader.plan.build.internal.spaces.EntityQuerySpaceImpl@5b853cf]
[DEBUG] 2022-09-29 15:00:43.168 [http-nio-8080-exec-5] MetamodelGraphWalker - Visiting attribute path : recipes.description
[DEBUG] 2022-09-29 15:00:43.169 [http-nio-8080-exec-5] MetamodelGraphWalker - Visiting attribute path : recipes.notes
[DEBUG] 2022-09-29 15:00:43.169 [http-nio-8080-exec-5] MetamodelGraphWalker - Visiting attribute path : recipes.recipeName
[DEBUG] 2022-09-29 15:00:43.169 [http-nio-8080-exec-5] MetamodelGraphWalker - Visiting attribute path : recipes.user
[DEBUG] 2022-09-29 15:00:43.169 [http-nio-8080-exec-5] MetamodelGraphWalker - Property path deemed to be circular : recipes.user
[DEBUG] 2022-09-29 15:00:43.169 [http-nio-8080-exec-5] MetamodelGraphWalker - Visiting attribute path : userName
[DEBUG] 2022-09-29 15:00:43.169 [http-nio-8080-exec-5] FetchStyleLoadPlanBuildingAssociationVisitationStrategy - Building LoadPlan...
[DEBUG] 2022-09-29 15:00:43.169 [http-nio-8080-exec-5] LoadQueryJoinAndFetchProcessor - processing queryspace <gen:0>
[DEBUG] 2022-09-29 15:00:43.170 [http-nio-8080-exec-5] LoadPlanTreePrinter - LoadPlan(entity=com.ericmclaughlin.entity.User)
    - Returns
       - EntityReturnImpl(entity=com.ericmclaughlin.entity.User, querySpaceUid=<gen:0>, path=com.ericmclaughlin.entity.User)
          - CollectionAttributeFetchImpl(collection=com.ericmclaughlin.entity.User.recipes, querySpaceUid=<gen:1>, path=com.ericmclaughlin.entity.User.recipes)
             - (collection element) CollectionFetchableElementEntityGraph(entity=com.ericmclaughlin.entity.Recipe, querySpaceUid=<gen:2>, path=com.ericmclaughlin.entity.User.recipes.<elements>)
    - QuerySpaces
       - EntityQuerySpaceImpl(uid=<gen:0>, entity=com.ericmclaughlin.entity.User)
          - SQL table alias mapping - user0_
          - alias suffix - 0_
          - suffixed key columns - {UserId1_1_0_}
          - JOIN (JoinDefinedByMetadata(recipes)) : <gen:0> -> <gen:1>
             - CollectionQuerySpaceImpl(uid=<gen:1>, collection=com.ericmclaughlin.entity.User.recipes)
                - SQL table alias mapping - recipes1_
                - alias suffix - 1_
                - suffixed key columns - {user_Use5_0_1_}
                - entity-element alias suffix - 2_
                - 2_entity-element suffixed key columns - RecipeId1_0_2_
                - JOIN (JoinDefinedByMetadata(elements)) : <gen:1> -> <gen:2>
                   - EntityQuerySpaceImpl(uid=<gen:2>, entity=com.ericmclaughlin.entity.Recipe)
                      - SQL table alias mapping - recipes1_
                      - alias suffix - 2_
                      - suffixed key columns - {RecipeId1_0_2_}

[DEBUG] 2022-09-29 15:00:43.170 [http-nio-8080-exec-5] EntityLoader - Static select for entity com.ericmclaughlin.entity.User [READ]: select user0_.UserId as UserId1_1_0_, user0_.FirstName as FirstNam2_1_0_, user0_.LastName as LastName3_1_0_, user0_.Password as Password4_1_0_, user0_.LoginId as LoginId5_1_0_, recipes1_.user_UserId as user_Use5_0_1_, recipes1_.RecipeId as RecipeId1_0_1_, recipes1_.RecipeId as RecipeId1_0_2_, recipes1_.Description as Descript2_0_2_, recipes1_.Notes as Notes3_0_2_, recipes1_.RecipeName as RecipeNa4_0_2_, recipes1_.user_UserId as user_Use5_0_2_ from USER user0_ left outer join RECIPES recipes1_ on user0_.UserId=recipes1_.user_UserId where user0_.UserId=?
[DEBUG] 2022-09-29 15:00:43.184 [http-nio-8080-exec-5] Loader - Static select for action ACTION_MERGE on entity com.ericmclaughlin.entity.User: select user0_.UserId as UserId1_1_1_, user0_.FirstName as FirstNam2_1_1_, user0_.LastName as LastName3_1_1_, user0_.Password as Password4_1_1_, user0_.LoginId as LoginId5_1_1_, recipes1_.user_UserId as user_Use5_0_3_, recipes1_.RecipeId as RecipeId1_0_3_, recipes1_.RecipeId as RecipeId1_0_0_, recipes1_.Description as Descript2_0_0_, recipes1_.Notes as Notes3_0_0_, recipes1_.RecipeName as RecipeNa4_0_0_, recipes1_.user_UserId as user_Use5_0_0_ from USER user0_ left outer join RECIPES recipes1_ on user0_.UserId=recipes1_.user_UserId where user0_.UserId=?
[DEBUG] 2022-09-29 15:00:43.184 [http-nio-8080-exec-5] Loader - Static select for action ACTION_REFRESH on entity com.ericmclaughlin.entity.User: select user0_.UserId as UserId1_1_1_, user0_.FirstName as FirstNam2_1_1_, user0_.LastName as LastName3_1_1_, user0_.Password as Password4_1_1_, user0_.LoginId as LoginId5_1_1_, recipes1_.user_UserId as user_Use5_0_3_, recipes1_.RecipeId as RecipeId1_0_3_, recipes1_.RecipeId as RecipeId1_0_0_, recipes1_.Description as Descript2_0_0_, recipes1_.Notes as Notes3_0_0_, recipes1_.RecipeName as RecipeNa4_0_0_, recipes1_.user_UserId as user_Use5_0_0_ from USER user0_ left outer join RECIPES recipes1_ on user0_.UserId=recipes1_.user_UserId where user0_.UserId=?
[DEBUG] 2022-09-29 15:00:43.185 [http-nio-8080-exec-5] AbstractEntityPersister - Static SQL for entity: com.ericmclaughlin.entity.Recipe
[DEBUG] 2022-09-29 15:00:43.185 [http-nio-8080-exec-5] AbstractEntityPersister -  Version select: select RecipeId from RECIPES where RecipeId =?
[DEBUG] 2022-09-29 15:00:43.185 [http-nio-8080-exec-5] AbstractEntityPersister -  Snapshot select: select recipe_.RecipeId, recipe_.Description as Descript2_0_, recipe_.Notes as Notes3_0_, recipe_.RecipeName as RecipeNa4_0_, recipe_.user_UserId as user_Use5_0_ from RECIPES recipe_ where recipe_.RecipeId=?
[DEBUG] 2022-09-29 15:00:43.185 [http-nio-8080-exec-5] AbstractEntityPersister -  Insert 0: insert into RECIPES (Description, Notes, RecipeName, user_UserId, RecipeId) values (?, ?, ?, ?, ?)
[DEBUG] 2022-09-29 15:00:43.185 [http-nio-8080-exec-5] AbstractEntityPersister -  Update 0: update RECIPES set Description=?, Notes=?, RecipeName=?, user_UserId=? where RecipeId=?
[DEBUG] 2022-09-29 15:00:43.185 [http-nio-8080-exec-5] AbstractEntityPersister -  Delete 0: delete from RECIPES where RecipeId=?
[DEBUG] 2022-09-29 15:00:43.185 [http-nio-8080-exec-5] AbstractEntityPersister -  Identity insert: insert into RECIPES (Description, Notes, RecipeName, user_UserId) values (?, ?, ?, ?)
[DEBUG] 2022-09-29 15:00:43.185 [http-nio-8080-exec-5] QuerySpacesImpl - Adding QuerySpace : uid = <gen:0> -> org.hibernate.loader.plan.build.internal.spaces.EntityQuerySpaceImpl@90f5145]
[DEBUG] 2022-09-29 15:00:43.185 [http-nio-8080-exec-5] MetamodelGraphWalker - Visiting attribute path : description
[DEBUG] 2022-09-29 15:00:43.185 [http-nio-8080-exec-5] MetamodelGraphWalker - Visiting attribute path : notes
[DEBUG] 2022-09-29 15:00:43.185 [http-nio-8080-exec-5] MetamodelGraphWalker - Visiting attribute path : recipeName
[DEBUG] 2022-09-29 15:00:43.185 [http-nio-8080-exec-5] MetamodelGraphWalker - Visiting attribute path : user
[DEBUG] 2022-09-29 15:00:43.186 [http-nio-8080-exec-5] QuerySpacesImpl - Adding QuerySpace : uid = <gen:1> -> org.hibernate.loader.plan.build.internal.spaces.EntityQuerySpaceImpl@2b363a32]
[DEBUG] 2022-09-29 15:00:43.186 [http-nio-8080-exec-5] MetamodelGraphWalker - Visiting attribute path : user.firstName
[DEBUG] 2022-09-29 15:00:43.186 [http-nio-8080-exec-5] MetamodelGraphWalker - Visiting attribute path : user.lastName
[DEBUG] 2022-09-29 15:00:43.186 [http-nio-8080-exec-5] MetamodelGraphWalker - Visiting attribute path : user.password
[DEBUG] 2022-09-29 15:00:43.186 [http-nio-8080-exec-5] MetamodelGraphWalker - Visiting attribute path : user.recipes
[DEBUG] 2022-09-29 15:00:43.186 [http-nio-8080-exec-5] MetamodelGraphWalker - Property path deemed to be circular : user.recipes
[DEBUG] 2022-09-29 15:00:43.186 [http-nio-8080-exec-5] MetamodelGraphWalker - Visiting attribute path : user.userName
[DEBUG] 2022-09-29 15:00:43.187 [http-nio-8080-exec-5] FetchStyleLoadPlanBuildingAssociationVisitationStrategy - Building LoadPlan...
[DEBUG] 2022-09-29 15:00:43.187 [http-nio-8080-exec-5] LoadQueryJoinAndFetchProcessor - processing queryspace <gen:0>
[DEBUG] 2022-09-29 15:00:43.187 [http-nio-8080-exec-5] LoadPlanTreePrinter - LoadPlan(entity=com.ericmclaughlin.entity.Recipe)
    - Returns
       - EntityReturnImpl(entity=com.ericmclaughlin.entity.Recipe, querySpaceUid=<gen:0>, path=com.ericmclaughlin.entity.Recipe)
          - EntityAttributeFetchImpl(entity=com.ericmclaughlin.entity.User, querySpaceUid=<gen:1>, path=com.ericmclaughlin.entity.Recipe.user)
    - QuerySpaces
       - EntityQuerySpaceImpl(uid=<gen:0>, entity=com.ericmclaughlin.entity.Recipe)
          - SQL table alias mapping - recipe0_
          - alias suffix - 0_
          - suffixed key columns - {RecipeId1_0_0_}
          - JOIN (JoinDefinedByMetadata(user)) : <gen:0> -> <gen:1>
             - EntityQuerySpaceImpl(uid=<gen:1>, entity=com.ericmclaughlin.entity.User)
                - SQL table alias mapping - user1_
                - alias suffix - 1_
                - suffixed key columns - {UserId1_1_1_}

[DEBUG] 2022-09-29 15:00:43.187 [http-nio-8080-exec-5] EntityLoader - Static select for entity com.ericmclaughlin.entity.Recipe [NONE]: select recipe0_.RecipeId as RecipeId1_0_0_, recipe0_.Description as Descript2_0_0_, recipe0_.Notes as Notes3_0_0_, recipe0_.RecipeName as RecipeNa4_0_0_, recipe0_.user_UserId as user_Use5_0_0_, user1_.UserId as UserId1_1_1_, user1_.FirstName as FirstNam2_1_1_, user1_.LastName as LastName3_1_1_, user1_.Password as Password4_1_1_, user1_.LoginId as LoginId5_1_1_ from RECIPES recipe0_ left outer join USER user1_ on recipe0_.user_UserId=user1_.UserId where recipe0_.RecipeId=?
[DEBUG] 2022-09-29 15:00:43.187 [http-nio-8080-exec-5] QuerySpacesImpl - Adding QuerySpace : uid = <gen:0> -> org.hibernate.loader.plan.build.internal.spaces.EntityQuerySpaceImpl@26dce43f]
[DEBUG] 2022-09-29 15:00:43.188 [http-nio-8080-exec-5] MetamodelGraphWalker - Visiting attribute path : description
[DEBUG] 2022-09-29 15:00:43.188 [http-nio-8080-exec-5] MetamodelGraphWalker - Visiting attribute path : notes
[DEBUG] 2022-09-29 15:00:43.188 [http-nio-8080-exec-5] MetamodelGraphWalker - Visiting attribute path : recipeName
[DEBUG] 2022-09-29 15:00:43.188 [http-nio-8080-exec-5] MetamodelGraphWalker - Visiting attribute path : user
[DEBUG] 2022-09-29 15:00:43.188 [http-nio-8080-exec-5] QuerySpacesImpl - Adding QuerySpace : uid = <gen:1> -> org.hibernate.loader.plan.build.internal.spaces.EntityQuerySpaceImpl@56c52016]
[DEBUG] 2022-09-29 15:00:43.188 [http-nio-8080-exec-5] MetamodelGraphWalker - Visiting attribute path : user.firstName
[DEBUG] 2022-09-29 15:00:43.188 [http-nio-8080-exec-5] MetamodelGraphWalker - Visiting attribute path : user.lastName
[DEBUG] 2022-09-29 15:00:43.188 [http-nio-8080-exec-5] MetamodelGraphWalker - Visiting attribute path : user.password
[DEBUG] 2022-09-29 15:00:43.188 [http-nio-8080-exec-5] MetamodelGraphWalker - Visiting attribute path : user.recipes
[DEBUG] 2022-09-29 15:00:43.188 [http-nio-8080-exec-5] MetamodelGraphWalker - Property path deemed to be circular : user.recipes
[DEBUG] 2022-09-29 15:00:43.188 [http-nio-8080-exec-5] MetamodelGraphWalker - Visiting attribute path : user.userName
[DEBUG] 2022-09-29 15:00:43.189 [http-nio-8080-exec-5] FetchStyleLoadPlanBuildingAssociationVisitationStrategy - Building LoadPlan...
[DEBUG] 2022-09-29 15:00:43.189 [http-nio-8080-exec-5] LoadQueryJoinAndFetchProcessor - processing queryspace <gen:0>
[DEBUG] 2022-09-29 15:00:43.189 [http-nio-8080-exec-5] LoadPlanTreePrinter - LoadPlan(entity=com.ericmclaughlin.entity.Recipe)
    - Returns
       - EntityReturnImpl(entity=com.ericmclaughlin.entity.Recipe, querySpaceUid=<gen:0>, path=com.ericmclaughlin.entity.Recipe)
          - EntityAttributeFetchImpl(entity=com.ericmclaughlin.entity.User, querySpaceUid=<gen:1>, path=com.ericmclaughlin.entity.Recipe.user)
    - QuerySpaces
       - EntityQuerySpaceImpl(uid=<gen:0>, entity=com.ericmclaughlin.entity.Recipe)
          - SQL table alias mapping - recipe0_
          - alias suffix - 0_
          - suffixed key columns - {RecipeId1_0_0_}
          - JOIN (JoinDefinedByMetadata(user)) : <gen:0> -> <gen:1>
             - EntityQuerySpaceImpl(uid=<gen:1>, entity=com.ericmclaughlin.entity.User)
                - SQL table alias mapping - user1_
                - alias suffix - 1_
                - suffixed key columns - {UserId1_1_1_}

[DEBUG] 2022-09-29 15:00:43.189 [http-nio-8080-exec-5] EntityLoader - Static select for entity com.ericmclaughlin.entity.Recipe [READ]: select recipe0_.RecipeId as RecipeId1_0_0_, recipe0_.Description as Descript2_0_0_, recipe0_.Notes as Notes3_0_0_, recipe0_.RecipeName as RecipeNa4_0_0_, recipe0_.user_UserId as user_Use5_0_0_, user1_.UserId as UserId1_1_1_, user1_.FirstName as FirstNam2_1_1_, user1_.LastName as LastName3_1_1_, user1_.Password as Password4_1_1_, user1_.LoginId as LoginId5_1_1_ from RECIPES recipe0_ left outer join USER user1_ on recipe0_.user_UserId=user1_.UserId where recipe0_.RecipeId=?
[DEBUG] 2022-09-29 15:00:43.190 [http-nio-8080-exec-5] Loader - Static select for action ACTION_MERGE on entity com.ericmclaughlin.entity.Recipe: select recipe0_.RecipeId as RecipeId1_0_0_, recipe0_.Description as Descript2_0_0_, recipe0_.Notes as Notes3_0_0_, recipe0_.RecipeName as RecipeNa4_0_0_, recipe0_.user_UserId as user_Use5_0_0_ from RECIPES recipe0_ where recipe0_.RecipeId=?
[DEBUG] 2022-09-29 15:00:43.190 [http-nio-8080-exec-5] Loader - Static select for action ACTION_REFRESH on entity com.ericmclaughlin.entity.Recipe: select recipe0_.RecipeId as RecipeId1_0_0_, recipe0_.Description as Descript2_0_0_, recipe0_.Notes as Notes3_0_0_, recipe0_.RecipeName as RecipeNa4_0_0_, recipe0_.user_UserId as user_Use5_0_0_ from RECIPES recipe0_ where recipe0_.RecipeId=?
[DEBUG] 2022-09-29 15:00:43.196 [http-nio-8080-exec-5] QuerySpacesImpl - Adding QuerySpace : uid = <gen:0> -> org.hibernate.loader.plan.build.internal.spaces.CollectionQuerySpaceImpl@76daf86]
[DEBUG] 2022-09-29 15:00:43.197 [http-nio-8080-exec-5] QuerySpacesImpl - Adding QuerySpace : uid = <gen:1> -> org.hibernate.loader.plan.build.internal.spaces.EntityQuerySpaceImpl@40fc78d9]
[DEBUG] 2022-09-29 15:00:43.197 [http-nio-8080-exec-5] MetamodelGraphWalker - Visiting attribute path : description
[DEBUG] 2022-09-29 15:00:43.197 [http-nio-8080-exec-5] MetamodelGraphWalker - Visiting attribute path : notes
[DEBUG] 2022-09-29 15:00:43.197 [http-nio-8080-exec-5] MetamodelGraphWalker - Visiting attribute path : recipeName
[DEBUG] 2022-09-29 15:00:43.197 [http-nio-8080-exec-5] MetamodelGraphWalker - Visiting attribute path : user
[DEBUG] 2022-09-29 15:00:43.197 [http-nio-8080-exec-5] MetamodelGraphWalker - Property path deemed to be circular : user
[DEBUG] 2022-09-29 15:00:43.197 [http-nio-8080-exec-5] FetchStyleLoadPlanBuildingAssociationVisitationStrategy - Building LoadPlan...
[DEBUG] 2022-09-29 15:00:43.199 [http-nio-8080-exec-5] LoadQueryJoinAndFetchProcessor - processing queryspace <gen:0>
[DEBUG] 2022-09-29 15:00:43.200 [http-nio-8080-exec-5] LoadPlanTreePrinter - LoadPlan(collection=com.ericmclaughlin.entity.User.recipes)
    - Returns
       - CollectionReturnImpl(collection=com.ericmclaughlin.entity.User.recipes, querySpaceUid=<gen:0>, path=[com.ericmclaughlin.entity.User.recipes])
          - (collection element) CollectionFetchableElementEntityGraph(entity=com.ericmclaughlin.entity.Recipe, querySpaceUid=<gen:1>, path=[com.ericmclaughlin.entity.User.recipes].<elements>)
    - QuerySpaces
       - CollectionQuerySpaceImpl(uid=<gen:0>, collection=com.ericmclaughlin.entity.User.recipes)
          - SQL table alias mapping - recipes0_
          - alias suffix - 0_
          - suffixed key columns - {user_Use5_0_0_}
          - entity-element alias suffix - 1_
          - 1_entity-element suffixed key columns - RecipeId1_0_1_
          - JOIN (JoinDefinedByMetadata(elements)) : <gen:0> -> <gen:1>
             - EntityQuerySpaceImpl(uid=<gen:1>, entity=com.ericmclaughlin.entity.Recipe)
                - SQL table alias mapping - recipes0_
                - alias suffix - 1_
                - suffixed key columns - {RecipeId1_0_1_}

[DEBUG] 2022-09-29 15:00:43.200 [http-nio-8080-exec-5] CollectionLoader - Static select for collection com.ericmclaughlin.entity.User.recipes: select recipes0_.user_UserId as user_Use5_0_0_, recipes0_.RecipeId as RecipeId1_0_0_, recipes0_.RecipeId as RecipeId1_0_1_, recipes0_.Description as Descript2_0_1_, recipes0_.Notes as Notes3_0_1_, recipes0_.RecipeName as RecipeNa4_0_1_, recipes0_.user_UserId as user_Use5_0_1_ from RECIPES recipes0_ where recipes0_.user_UserId=?
[DEBUG] 2022-09-29 15:00:43.233 [http-nio-8080-exec-5] SchemaManagementToolCoordinator - No actions specified; doing nothing
[DEBUG] 2022-09-29 15:00:43.233 [http-nio-8080-exec-5] JtaPlatformInitiator - No JtaPlatform was specified, checking resolver
[DEBUG] 2022-09-29 15:00:43.233 [http-nio-8080-exec-5] JtaPlatformResolverInitiator - No JtaPlatformResolver was specified, using default [org.hibernate.engine.transaction.jta.platform.internal.StandardJtaPlatformResolver]
[DEBUG] 2022-09-29 15:00:43.239 [http-nio-8080-exec-5] StandardJtaPlatformResolver - Could not resolve JtaPlatform, using default [org.hibernate.engine.transaction.jta.platform.internal.NoJtaPlatform]
[INFO ] 2022-09-29 15:00:43.240 [http-nio-8080-exec-5] JtaPlatformInitiator - HHH000490: Using JtaPlatform implementation: [org.hibernate.engine.transaction.jta.platform.internal.NoJtaPlatform]
[DEBUG] 2022-09-29 15:00:43.241 [http-nio-8080-exec-5] NamedQueryRepository - Checking 0 named HQL queries
[DEBUG] 2022-09-29 15:00:43.241 [http-nio-8080-exec-5] NamedQueryRepository - Checking 0 named SQL queries
[DEBUG] 2022-09-29 15:00:43.242 [http-nio-8080-exec-5] SessionFactoryRegistry - Initializing SessionFactoryRegistry : org.hibernate.internal.SessionFactoryRegistry@25fdd396
[DEBUG] 2022-09-29 15:00:43.243 [http-nio-8080-exec-5] SessionFactoryRegistry - Registering SessionFactory: 166b6baa-3daa-4bef-90d1-ee4043a8ed08 (<unnamed>)
[DEBUG] 2022-09-29 15:00:43.244 [http-nio-8080-exec-5] SessionFactoryRegistry - Not binding SessionFactory to JNDI, no JNDI name configured
[DEBUG] 2022-09-29 15:00:43.329 [http-nio-8080-exec-5] StatisticsInitiator - Statistics initialized [enabled=false]
[DEBUG] 2022-09-29 15:00:43.368 [http-nio-8080-exec-5] CriteriaQueryImpl - Rendered criteria query -> select generatedAlias0 from User as generatedAlias0 where generatedAlias0.lastName like :param0
[DEBUG] 2022-09-29 15:00:43.387 [http-nio-8080-exec-5] QueryTranslatorFactoryInitiator - QueryTranslatorFactory: org.hibernate.hql.internal.ast.ASTQueryTranslatorFactory@1ce225a7
[DEBUG] 2022-09-29 15:00:43.419 [http-nio-8080-exec-5] QueryTranslatorImpl - parse() - HQL: select generatedAlias0 from com.ericmclaughlin.entity.User as generatedAlias0 where generatedAlias0.lastName like :param0
[DEBUG] 2022-09-29 15:00:43.425 [http-nio-8080-exec-5] ErrorTracker - throwQueryException() : no errors
[DEBUG] 2022-09-29 15:00:43.431 [http-nio-8080-exec-5] QueryTranslatorImpl - --- HQL AST ---
 \-[QUERY] Node: 'query'
    +-[SELECT_FROM] Node: 'SELECT_FROM'
    |  +-[FROM] Node: 'from'
    |  |  \-[RANGE] Node: 'RANGE'
    |  |     +-[DOT] Node: '.'
    |  |     |  +-[DOT] Node: '.'
    |  |     |  |  +-[DOT] Node: '.'
    |  |     |  |  |  +-[IDENT] Node: 'com'
    |  |     |  |  |  \-[IDENT] Node: 'ericmclaughlin'
    |  |     |  |  \-[IDENT] Node: 'entity'
    |  |     |  \-[IDENT] Node: 'User'
    |  |     \-[ALIAS] Node: 'generatedAlias0'
    |  \-[SELECT] Node: 'select'
    |     \-[IDENT] Node: 'generatedAlias0'
    \-[WHERE] Node: 'where'
       \-[LIKE] Node: 'like'
          +-[DOT] Node: '.'
          |  +-[IDENT] Node: 'generatedAlias0'
          |  \-[IDENT] Node: 'lastName'
          \-[COLON] Node: ':'
             \-[IDENT] Node: 'param0'

[DEBUG] 2022-09-29 15:00:43.450 [http-nio-8080-exec-5] HqlSqlBaseWalker - select << begin [level=1, statement=select]
[DEBUG] 2022-09-29 15:00:43.463 [http-nio-8080-exec-5] FromElement - FromClause{level=1} : com.ericmclaughlin.entity.User (generatedAlias0) -> user0_
[DEBUG] 2022-09-29 15:00:43.465 [http-nio-8080-exec-5] FromReferenceNode - Resolved : generatedAlias0 -> user0_.UserId
[DEBUG] 2022-09-29 15:00:43.468 [http-nio-8080-exec-5] FromReferenceNode - Resolved : generatedAlias0 -> user0_.UserId
[DEBUG] 2022-09-29 15:00:43.469 [http-nio-8080-exec-5] DotNode - getDataType() : lastName -> org.hibernate.type.StringType@2d383ebc
[DEBUG] 2022-09-29 15:00:43.470 [http-nio-8080-exec-5] FromReferenceNode - Resolved : generatedAlias0.lastName -> user0_.LastName
[DEBUG] 2022-09-29 15:00:43.473 [http-nio-8080-exec-5] HqlSqlBaseWalker - select : finishing up [level=1, statement=select]
[DEBUG] 2022-09-29 15:00:43.473 [http-nio-8080-exec-5] HqlSqlWalker - processQuery() :  ( SELECT ( {select clause} user0_.UserId ) ( FromClause{level=1} USER user0_ ) ( where ( like ( user0_.LastName user0_.UserId lastName ) ? ) ) )
[DEBUG] 2022-09-29 15:00:43.486 [http-nio-8080-exec-5] JoinProcessor - Using FROM fragment [USER user0_]
[DEBUG] 2022-09-29 15:00:43.486 [http-nio-8080-exec-5] HqlSqlBaseWalker - select >> end [level=1, statement=select]
[DEBUG] 2022-09-29 15:00:43.488 [http-nio-8080-exec-5] QueryTranslatorImpl - --- SQL AST ---
 \-[SELECT] QueryNode: 'SELECT'  querySpaces (USER)
    +-[SELECT_CLAUSE] SelectClause: '{select clause}'
    |  +-[ALIAS_REF] IdentNode: 'user0_.UserId as UserId1_1_' {alias=generatedAlias0, className=com.ericmclaughlin.entity.User, tableAlias=user0_}
    |  \-[SQL_TOKEN] SqlFragment: 'user0_.FirstName as FirstNam2_1_, user0_.LastName as LastName3_1_, user0_.Password as Password4_1_, user0_.LoginId as LoginId5_1_'
    +-[FROM] FromClause: 'from' FromClause{level=1, fromElementCounter=1, fromElements=1, fromElementByClassAlias=[generatedAlias0], fromElementByTableAlias=[user0_], fromElementsByPath=[], collectionJoinFromElementsByPath=[], impliedElements=[]}
    |  \-[FROM_FRAGMENT] FromElement: 'USER user0_' FromElement{explicit,not a collection join,not a fetch join,fetch non-lazy properties,classAlias=generatedAlias0,role=null,tableName=USER,tableAlias=user0_,origin=null,columns={,className=com.ericmclaughlin.entity.User}}
    \-[WHERE] SqlNode: 'where'
       \-[LIKE] BinaryLogicOperatorNode: 'like'
          +-[DOT] DotNode: 'user0_.LastName' {propertyName=lastName,dereferenceType=PRIMITIVE,getPropertyPath=lastName,path=generatedAlias0.lastName,tableAlias=user0_,className=com.ericmclaughlin.entity.User,classAlias=generatedAlias0}
          |  +-[ALIAS_REF] IdentNode: 'user0_.UserId' {alias=generatedAlias0, className=com.ericmclaughlin.entity.User, tableAlias=user0_}
          |  \-[IDENT] IdentNode: 'lastName' {originalText=lastName}
          \-[NAMED_PARAM] ParameterNode: '?' {name=param0, expectedType=org.hibernate.type.StringType@2d383ebc}

[DEBUG] 2022-09-29 15:00:43.488 [http-nio-8080-exec-5] ErrorTracker - throwQueryException() : no errors
[DEBUG] 2022-09-29 15:00:43.496 [http-nio-8080-exec-5] QueryTranslatorImpl - HQL: select generatedAlias0 from com.ericmclaughlin.entity.User as generatedAlias0 where generatedAlias0.lastName like :param0
[DEBUG] 2022-09-29 15:00:43.496 [http-nio-8080-exec-5] QueryTranslatorImpl - SQL: select user0_.UserId as UserId1_1_, user0_.FirstName as FirstNam2_1_, user0_.LastName as LastName3_1_, user0_.Password as Password4_1_, user0_.LoginId as LoginId5_1_ from USER user0_ where user0_.LastName like ?
[DEBUG] 2022-09-29 15:00:43.496 [http-nio-8080-exec-5] ErrorTracker - throwQueryException() : no errors
[DEBUG] 2022-09-29 15:00:43.517 [http-nio-8080-exec-5] SQL - select user0_.UserId as UserId1_1_, user0_.FirstName as FirstNam2_1_, user0_.LastName as LastName3_1_, user0_.Password as Password4_1_, user0_.LoginId as LoginId5_1_ from USER user0_ where user0_.LastName like ?
[DEBUG] 2022-09-29 15:00:43.543 [http-nio-8080-exec-5] Loader - Result set row: 0
[DEBUG] 2022-09-29 15:00:43.546 [http-nio-8080-exec-5] Loader - Result row: EntityKey[com.ericmclaughlin.entity.User#1]
[DEBUG] 2022-09-29 15:00:43.556 [http-nio-8080-exec-5] TwoPhaseLoad - Resolving attributes for [com.ericmclaughlin.entity.User#1]
[DEBUG] 2022-09-29 15:00:43.557 [http-nio-8080-exec-5] TwoPhaseLoad - Processing attribute `firstName` : value = Johnny
[DEBUG] 2022-09-29 15:00:43.557 [http-nio-8080-exec-5] TwoPhaseLoad - Attribute (`firstName`)  - enhanced for lazy-loading? - false
[DEBUG] 2022-09-29 15:00:43.557 [http-nio-8080-exec-5] TwoPhaseLoad - Processing attribute `lastName` : value = Cash
[DEBUG] 2022-09-29 15:00:43.557 [http-nio-8080-exec-5] TwoPhaseLoad - Attribute (`lastName`)  - enhanced for lazy-loading? - false
[DEBUG] 2022-09-29 15:00:43.557 [http-nio-8080-exec-5] TwoPhaseLoad - Processing attribute `password` : value = CashJ
[DEBUG] 2022-09-29 15:00:43.557 [http-nio-8080-exec-5] TwoPhaseLoad - Attribute (`password`)  - enhanced for lazy-loading? - false
[DEBUG] 2022-09-29 15:00:43.557 [http-nio-8080-exec-5] TwoPhaseLoad - Processing attribute `recipes` : value = NOT NULL COLLECTION
[DEBUG] 2022-09-29 15:00:43.558 [http-nio-8080-exec-5] TwoPhaseLoad - Attribute (`recipes`)  - enhanced for lazy-loading? - false
[DEBUG] 2022-09-29 15:00:43.568 [http-nio-8080-exec-5] TwoPhaseLoad - Processing attribute `userName` : value = CashJ
[DEBUG] 2022-09-29 15:00:43.568 [http-nio-8080-exec-5] TwoPhaseLoad - Attribute (`userName`)  - enhanced for lazy-loading? - false
[DEBUG] 2022-09-29 15:00:43.569 [http-nio-8080-exec-5] TwoPhaseLoad - Done materializing entity [com.ericmclaughlin.entity.User#1]
[DEBUG] 2022-09-29 15:00:43.570 [http-nio-8080-exec-5] AbstractLoadPlanBasedCollectionInitializer - Loading collection: [com.ericmclaughlin.entity.User.recipes#1]
[DEBUG] 2022-09-29 15:00:43.571 [http-nio-8080-exec-5] SQL - select recipes0_.user_UserId as user_Use5_0_0_, recipes0_.RecipeId as RecipeId1_0_0_, recipes0_.RecipeId as RecipeId1_0_1_, recipes0_.Description as Descript2_0_1_, recipes0_.Notes as Notes3_0_1_, recipes0_.RecipeName as RecipeNa4_0_1_, recipes0_.user_UserId as user_Use5_0_1_ from RECIPES recipes0_ where recipes0_.user_UserId=?
[DEBUG] 2022-09-29 15:00:43.609 [http-nio-8080-exec-5] SqlExceptionHelper - could not extract ResultSet [n/a]
java.sql.SQLSyntaxErrorException: Unknown column 'recipes0_.user_UserId' in 'field list'
	at com.mysql.cj.jdbc.exceptions.SQLError.createSQLException(SQLError.java:120) ~[mysql-connector-java-8.0.16.jar:8.0.16]
	at com.mysql.cj.jdbc.exceptions.SQLError.createSQLException(SQLError.java:97) ~[mysql-connector-java-8.0.16.jar:8.0.16]
	at com.mysql.cj.jdbc.exceptions.SQLExceptionsMapping.translateException(SQLExceptionsMapping.java:122) ~[mysql-connector-java-8.0.16.jar:8.0.16]
	at com.mysql.cj.jdbc.ClientPreparedStatement.executeInternal(ClientPreparedStatement.java:955) ~[mysql-connector-java-8.0.16.jar:8.0.16]
	at com.mysql.cj.jdbc.ClientPreparedStatement.executeQuery(ClientPreparedStatement.java:1005) ~[mysql-connector-java-8.0.16.jar:8.0.16]
	at com.mchange.v2.c3p0.impl.NewProxyPreparedStatement.executeQuery(NewProxyPreparedStatement.java:379) ~[c3p0-0.9.5.3.jar:0.9.5.3]
	at org.hibernate.engine.jdbc.internal.ResultSetReturnImpl.extract(ResultSetReturnImpl.java:60) [hibernate-core-5.4.4.Final.jar:5.4.4.Final]
	at org.hibernate.loader.plan.exec.internal.AbstractLoadPlanBasedLoader.getResultSet(AbstractLoadPlanBasedLoader.java:418) [hibernate-core-5.4.4.Final.jar:5.4.4.Final]
	at org.hibernate.loader.plan.exec.internal.AbstractLoadPlanBasedLoader.executeQueryStatement(AbstractLoadPlanBasedLoader.java:191) [hibernate-core-5.4.4.Final.jar:5.4.4.Final]
	at org.hibernate.loader.plan.exec.internal.AbstractLoadPlanBasedLoader.executeLoad(AbstractLoadPlanBasedLoader.java:121) [hibernate-core-5.4.4.Final.jar:5.4.4.Final]
	at org.hibernate.loader.plan.exec.internal.AbstractLoadPlanBasedLoader.executeLoad(AbstractLoadPlanBasedLoader.java:86) [hibernate-core-5.4.4.Final.jar:5.4.4.Final]
	at org.hibernate.loader.collection.plan.AbstractLoadPlanBasedCollectionInitializer.initialize(AbstractLoadPlanBasedCollectionInitializer.java:87) [hibernate-core-5.4.4.Final.jar:5.4.4.Final]
	at org.hibernate.persister.collection.AbstractCollectionPersister.initialize(AbstractCollectionPersister.java:706) [hibernate-core-5.4.4.Final.jar:5.4.4.Final]
	at org.hibernate.event.internal.DefaultInitializeCollectionEventListener.onInitializeCollection(DefaultInitializeCollectionEventListener.java:76) [hibernate-core-5.4.4.Final.jar:5.4.4.Final]
	at org.hibernate.internal.SessionImpl.initializeCollection(SessionImpl.java:2295) [hibernate-core-5.4.4.Final.jar:5.4.4.Final]
	at org.hibernate.collection.internal.AbstractPersistentCollection$4.doWork(AbstractPersistentCollection.java:589) [hibernate-core-5.4.4.Final.jar:5.4.4.Final]
	at org.hibernate.collection.internal.AbstractPersistentCollection.withTemporarySessionIfNeeded(AbstractPersistentCollection.java:264) [hibernate-core-5.4.4.Final.jar:5.4.4.Final]
	at org.hibernate.collection.internal.AbstractPersistentCollection.initialize(AbstractPersistentCollection.java:585) [hibernate-core-5.4.4.Final.jar:5.4.4.Final]
	at org.hibernate.collection.internal.AbstractPersistentCollection.forceInitialization(AbstractPersistentCollection.java:777) [hibernate-core-5.4.4.Final.jar:5.4.4.Final]
	at org.hibernate.engine.internal.StatefulPersistenceContext.initializeNonLazyCollections(StatefulPersistenceContext.java:952) [hibernate-core-5.4.4.Final.jar:5.4.4.Final]
	at org.hibernate.loader.Loader.doQueryAndInitializeNonLazyCollections(Loader.java:359) [hibernate-core-5.4.4.Final.jar:5.4.4.Final]
	at org.hibernate.loader.Loader.doList(Loader.java:2810) [hibernate-core-5.4.4.Final.jar:5.4.4.Final]
	at org.hibernate.loader.Loader.doList(Loader.java:2792) [hibernate-core-5.4.4.Final.jar:5.4.4.Final]
	at org.hibernate.loader.Loader.listIgnoreQueryCache(Loader.java:2624) [hibernate-core-5.4.4.Final.jar:5.4.4.Final]
	at org.hibernate.loader.Loader.list(Loader.java:2619) [hibernate-core-5.4.4.Final.jar:5.4.4.Final]
	at org.hibernate.loader.hql.QueryLoader.list(QueryLoader.java:506) [hibernate-core-5.4.4.Final.jar:5.4.4.Final]
	at org.hibernate.hql.internal.ast.QueryTranslatorImpl.list(QueryTranslatorImpl.java:396) [hibernate-core-5.4.4.Final.jar:5.4.4.Final]
	at org.hibernate.engine.query.spi.HQLQueryPlan.performList(HQLQueryPlan.java:219) [hibernate-core-5.4.4.Final.jar:5.4.4.Final]
	at org.hibernate.internal.SessionImpl.list(SessionImpl.java:1547) [hibernate-core-5.4.4.Final.jar:5.4.4.Final]
	at org.hibernate.query.internal.AbstractProducedQuery.doList(AbstractProducedQuery.java:1557) [hibernate-core-5.4.4.Final.jar:5.4.4.Final]
	at org.hibernate.query.internal.AbstractProducedQuery.list(AbstractProducedQuery.java:1525) [hibernate-core-5.4.4.Final.jar:5.4.4.Final]
	at org.hibernate.query.Query.getResultList(Query.java:165) [hibernate-core-5.4.4.Final.jar:5.4.4.Final]
	at org.hibernate.query.criteria.internal.compile.CriteriaQueryTypeQueryAdapter.getResultList(CriteriaQueryTypeQueryAdapter.java:76) [hibernate-core-5.4.4.Final.jar:5.4.4.Final]
	at com.ericmclaughlin.persistence.UserDao.getByLastname(UserDao.java:50) [classes/:?]
	at com.ericmclaughlin.controller.SearchUser.doGet(SearchUser.java:32) [classes/:?]
	at javax.servlet.http.HttpServlet.service(HttpServlet.java:656) [servlet-api.jar:?]
	at javax.servlet.http.HttpServlet.service(HttpServlet.java:765) [servlet-api.jar:?]
	at org.apache.catalina.core.ApplicationFilterChain.internalDoFilter(ApplicationFilterChain.java:231) [catalina.jar:8.5.82]
	at org.apache.catalina.core.ApplicationFilterChain.doFilter(ApplicationFilterChain.java:166) [catalina.jar:8.5.82]
	at org.apache.tomcat.websocket.server.WsFilter.doFilter(WsFilter.java:52) [tomcat-websocket.jar:8.5.82]
	at org.apache.catalina.core.ApplicationFilterChain.internalDoFilter(ApplicationFilterChain.java:193) [catalina.jar:8.5.82]
	at org.apache.catalina.core.ApplicationFilterChain.doFilter(ApplicationFilterChain.java:166) [catalina.jar:8.5.82]
	at org.apache.catalina.core.StandardWrapperValve.invoke(StandardWrapperValve.java:197) [catalina.jar:8.5.82]
	at org.apache.catalina.core.StandardContextValve.invoke(StandardContextValve.java:97) [catalina.jar:8.5.82]
	at org.apache.catalina.authenticator.AuthenticatorBase.invoke(AuthenticatorBase.java:543) [catalina.jar:8.5.82]
	at org.apache.catalina.core.StandardHostValve.invoke(StandardHostValve.java:135) [catalina.jar:8.5.82]
	at org.apache.catalina.valves.ErrorReportValve.invoke(ErrorReportValve.java:92) [catalina.jar:8.5.82]
	at org.apache.catalina.valves.AbstractAccessLogValve.invoke(AbstractAccessLogValve.java:698) [catalina.jar:8.5.82]
	at org.apache.catalina.core.StandardEngineValve.invoke(StandardEngineValve.java:78) [catalina.jar:8.5.82]
	at org.apache.catalina.connector.CoyoteAdapter.service(CoyoteAdapter.java:367) [catalina.jar:8.5.82]
	at org.apache.coyote.http11.Http11Processor.service(Http11Processor.java:639) [tomcat-coyote.jar:8.5.82]
	at org.apache.coyote.AbstractProcessorLight.process(AbstractProcessorLight.java:65) [tomcat-coyote.jar:8.5.82]
	at org.apache.coyote.AbstractProtocol$ConnectionHandler.process(AbstractProtocol.java:882) [tomcat-coyote.jar:8.5.82]
	at org.apache.tomcat.util.net.NioEndpoint$SocketProcessor.doRun(NioEndpoint.java:1693) [tomcat-coyote.jar:8.5.82]
	at org.apache.tomcat.util.net.SocketProcessorBase.run(SocketProcessorBase.java:49) [tomcat-coyote.jar:8.5.82]
	at org.apache.tomcat.util.threads.ThreadPoolExecutor.runWorker(ThreadPoolExecutor.java:1191) [tomcat-util.jar:8.5.82]
	at org.apache.tomcat.util.threads.ThreadPoolExecutor$Worker.run(ThreadPoolExecutor.java:659) [tomcat-util.jar:8.5.82]
	at org.apache.tomcat.util.threads.TaskThread$WrappingRunnable.run(TaskThread.java:61) [tomcat-util.jar:8.5.82]
	at java.lang.Thread.run(Thread.java:829) [?:?]
[WARN ] 2022-09-29 15:00:43.617 [http-nio-8080-exec-5] SqlExceptionHelper - SQL Error: 1054, SQLState: 42S22
[ERROR] 2022-09-29 15:00:43.617 [http-nio-8080-exec-5] SqlExceptionHelper - Unknown column 'recipes0_.user_UserId' in 'field list'
[DEBUG] 2022-09-29 15:00:43.618 [http-nio-8080-exec-5] LogicalConnectionManagedImpl - Initiating JDBC connection release from afterTransaction
[DEBUG] 2022-09-29 15:00:43.621 [http-nio-8080-exec-5] TransactionImpl - On TransactionImpl creation, JpaCompliance#isJpaTransactionComplianceEnabled == false
