[DEBUG] 2022-10-02 11:29:49.722 [main] IntegratorServiceImpl - Adding Integrator [org.hibernate.cfg.beanvalidation.BeanValidationIntegrator].
[DEBUG] 2022-10-02 11:29:49.727 [main] IntegratorServiceImpl - Adding Integrator [org.hibernate.secure.spi.JaccIntegrator].
[DEBUG] 2022-10-02 11:29:49.731 [main] IntegratorServiceImpl - Adding Integrator [org.hibernate.cache.internal.CollectionCacheInvalidator].
[INFO ] 2022-10-02 11:29:49.791 [main] Version - HHH000412: Hibernate Core {5.4.4.Final}
[DEBUG] 2022-10-02 11:29:49.793 [main] Environment - HHH000206: hibernate.properties not found
[DEBUG] 2022-10-02 11:29:49.994 [main] LocalXmlResourceResolver - Interpreting public/system identifier : [-//Hibernate/Hibernate Configuration DTD//EN] - [http://www.hibernate.org/dtd/hibernate-configuration-3.0.dtd]
[DEBUG] 2022-10-02 11:29:49.998 [main] LocalXmlResourceResolver - Recognized hibernate-configuration identifier; attempting to resolve on classpath under org/hibernate/
[DEBUG] 2022-10-02 11:29:50.004 [main] JaxbCfgProcessor - cfg.xml document did not define namespaces; wrapping in custom event reader to introduce namespace information
[DEBUG] 2022-10-02 11:29:50.258 [main] ServiceBinding - Overriding existing service binding [org.hibernate.secure.spi.JaccService]
[DEBUG] 2022-10-02 11:29:50.276 [main] RegionFactoryInitiator - Cannot default RegionFactory based on registered strategies as `[]` RegionFactory strategies were registered
[DEBUG] 2022-10-02 11:29:50.277 [main] RegionFactoryInitiator - Cache region factory : org.hibernate.cache.internal.NoCachingRegionFactory
[INFO ] 2022-10-02 11:29:50.294 [main] Version - HCANN000001: Hibernate Commons Annotations {5.1.0.Final}
[DEBUG] 2022-10-02 11:29:50.321 [main] BasicTypeRegistry - Adding type registration boolean -> org.hibernate.type.BooleanType@764cba
[DEBUG] 2022-10-02 11:29:50.321 [main] BasicTypeRegistry - Adding type registration boolean -> org.hibernate.type.BooleanType@764cba
[DEBUG] 2022-10-02 11:29:50.321 [main] BasicTypeRegistry - Adding type registration java.lang.Boolean -> org.hibernate.type.BooleanType@764cba
[DEBUG] 2022-10-02 11:29:50.322 [main] BasicTypeRegistry - Adding type registration numeric_boolean -> org.hibernate.type.NumericBooleanType@3872bc37
[DEBUG] 2022-10-02 11:29:50.322 [main] BasicTypeRegistry - Adding type registration true_false -> org.hibernate.type.TrueFalseType@2cfa2c4f
[DEBUG] 2022-10-02 11:29:50.323 [main] BasicTypeRegistry - Adding type registration yes_no -> org.hibernate.type.YesNoType@11b455e5
[DEBUG] 2022-10-02 11:29:50.323 [main] BasicTypeRegistry - Adding type registration byte -> org.hibernate.type.ByteType@79d06bbd
[DEBUG] 2022-10-02 11:29:50.323 [main] BasicTypeRegistry - Adding type registration byte -> org.hibernate.type.ByteType@79d06bbd
[DEBUG] 2022-10-02 11:29:50.324 [main] BasicTypeRegistry - Adding type registration java.lang.Byte -> org.hibernate.type.ByteType@79d06bbd
[DEBUG] 2022-10-02 11:29:50.324 [main] BasicTypeRegistry - Adding type registration character -> org.hibernate.type.CharacterType@3efedc6f
[DEBUG] 2022-10-02 11:29:50.324 [main] BasicTypeRegistry - Adding type registration char -> org.hibernate.type.CharacterType@3efedc6f
[DEBUG] 2022-10-02 11:29:50.325 [main] BasicTypeRegistry - Adding type registration java.lang.Character -> org.hibernate.type.CharacterType@3efedc6f
[DEBUG] 2022-10-02 11:29:50.325 [main] BasicTypeRegistry - Adding type registration short -> org.hibernate.type.ShortType@3531f3ca
[DEBUG] 2022-10-02 11:29:50.325 [main] BasicTypeRegistry - Adding type registration short -> org.hibernate.type.ShortType@3531f3ca
[DEBUG] 2022-10-02 11:29:50.326 [main] BasicTypeRegistry - Adding type registration java.lang.Short -> org.hibernate.type.ShortType@3531f3ca
[DEBUG] 2022-10-02 11:29:50.326 [main] BasicTypeRegistry - Adding type registration integer -> org.hibernate.type.IntegerType@5e671e20
[DEBUG] 2022-10-02 11:29:50.326 [main] BasicTypeRegistry - Adding type registration int -> org.hibernate.type.IntegerType@5e671e20
[DEBUG] 2022-10-02 11:29:50.326 [main] BasicTypeRegistry - Adding type registration java.lang.Integer -> org.hibernate.type.IntegerType@5e671e20
[DEBUG] 2022-10-02 11:29:50.327 [main] BasicTypeRegistry - Adding type registration long -> org.hibernate.type.LongType@3e1a3801
[DEBUG] 2022-10-02 11:29:50.327 [main] BasicTypeRegistry - Adding type registration long -> org.hibernate.type.LongType@3e1a3801
[DEBUG] 2022-10-02 11:29:50.327 [main] BasicTypeRegistry - Adding type registration java.lang.Long -> org.hibernate.type.LongType@3e1a3801
[DEBUG] 2022-10-02 11:29:50.328 [main] BasicTypeRegistry - Adding type registration float -> org.hibernate.type.FloatType@61a1ea2c
[DEBUG] 2022-10-02 11:29:50.328 [main] BasicTypeRegistry - Adding type registration float -> org.hibernate.type.FloatType@61a1ea2c
[DEBUG] 2022-10-02 11:29:50.328 [main] BasicTypeRegistry - Adding type registration java.lang.Float -> org.hibernate.type.FloatType@61a1ea2c
[DEBUG] 2022-10-02 11:29:50.329 [main] BasicTypeRegistry - Adding type registration double -> org.hibernate.type.DoubleType@670d4d38
[DEBUG] 2022-10-02 11:29:50.329 [main] BasicTypeRegistry - Adding type registration double -> org.hibernate.type.DoubleType@670d4d38
[DEBUG] 2022-10-02 11:29:50.331 [main] BasicTypeRegistry - Adding type registration java.lang.Double -> org.hibernate.type.DoubleType@670d4d38
[DEBUG] 2022-10-02 11:29:50.332 [main] BasicTypeRegistry - Adding type registration big_decimal -> org.hibernate.type.BigDecimalType@7d199c68
[DEBUG] 2022-10-02 11:29:50.332 [main] BasicTypeRegistry - Adding type registration java.math.BigDecimal -> org.hibernate.type.BigDecimalType@7d199c68
[DEBUG] 2022-10-02 11:29:50.332 [main] BasicTypeRegistry - Adding type registration big_integer -> org.hibernate.type.BigIntegerType@5633dafd
[DEBUG] 2022-10-02 11:29:50.333 [main] BasicTypeRegistry - Adding type registration java.math.BigInteger -> org.hibernate.type.BigIntegerType@5633dafd
[DEBUG] 2022-10-02 11:29:50.333 [main] BasicTypeRegistry - Adding type registration string -> org.hibernate.type.StringType@408e96d9
[DEBUG] 2022-10-02 11:29:50.333 [main] BasicTypeRegistry - Adding type registration java.lang.String -> org.hibernate.type.StringType@408e96d9
[DEBUG] 2022-10-02 11:29:50.334 [main] BasicTypeRegistry - Adding type registration nstring -> org.hibernate.type.StringNVarcharType@3901f6af
[DEBUG] 2022-10-02 11:29:50.334 [main] BasicTypeRegistry - Adding type registration ncharacter -> org.hibernate.type.CharacterNCharType@47af099e
[DEBUG] 2022-10-02 11:29:50.335 [main] BasicTypeRegistry - Adding type registration url -> org.hibernate.type.UrlType@77eb5790
[DEBUG] 2022-10-02 11:29:50.335 [main] BasicTypeRegistry - Adding type registration java.net.URL -> org.hibernate.type.UrlType@77eb5790
[DEBUG] 2022-10-02 11:29:50.335 [main] BasicTypeRegistry - Adding type registration Duration -> org.hibernate.type.DurationType@7487b142
[DEBUG] 2022-10-02 11:29:50.336 [main] BasicTypeRegistry - Adding type registration java.time.Duration -> org.hibernate.type.DurationType@7487b142
[DEBUG] 2022-10-02 11:29:50.339 [main] BasicTypeRegistry - Adding type registration Instant -> org.hibernate.type.InstantType@2f61d591
[DEBUG] 2022-10-02 11:29:50.340 [main] BasicTypeRegistry - Adding type registration java.time.Instant -> org.hibernate.type.InstantType@2f61d591
[DEBUG] 2022-10-02 11:29:50.341 [main] BasicTypeRegistry - Adding type registration LocalDateTime -> org.hibernate.type.LocalDateTimeType@1416cf9f
[DEBUG] 2022-10-02 11:29:50.341 [main] BasicTypeRegistry - Adding type registration java.time.LocalDateTime -> org.hibernate.type.LocalDateTimeType@1416cf9f
[DEBUG] 2022-10-02 11:29:50.341 [main] BasicTypeRegistry - Adding type registration LocalDate -> org.hibernate.type.LocalDateType@55d9b8f0
[DEBUG] 2022-10-02 11:29:50.342 [main] BasicTypeRegistry - Adding type registration java.time.LocalDate -> org.hibernate.type.LocalDateType@55d9b8f0
[DEBUG] 2022-10-02 11:29:50.342 [main] BasicTypeRegistry - Adding type registration LocalTime -> org.hibernate.type.LocalTimeType@710d89e2
[DEBUG] 2022-10-02 11:29:50.342 [main] BasicTypeRegistry - Adding type registration java.time.LocalTime -> org.hibernate.type.LocalTimeType@710d89e2
[DEBUG] 2022-10-02 11:29:50.344 [main] BasicTypeRegistry - Adding type registration OffsetDateTime -> org.hibernate.type.OffsetDateTimeType@79d9214d
[DEBUG] 2022-10-02 11:29:50.344 [main] BasicTypeRegistry - Adding type registration java.time.OffsetDateTime -> org.hibernate.type.OffsetDateTimeType@79d9214d
[DEBUG] 2022-10-02 11:29:50.345 [main] BasicTypeRegistry - Adding type registration OffsetTime -> org.hibernate.type.OffsetTimeType@a18649a
[DEBUG] 2022-10-02 11:29:50.345 [main] BasicTypeRegistry - Adding type registration java.time.OffsetTime -> org.hibernate.type.OffsetTimeType@a18649a
[DEBUG] 2022-10-02 11:29:50.348 [main] BasicTypeRegistry - Adding type registration ZonedDateTime -> org.hibernate.type.ZonedDateTimeType@2ab0702e
[DEBUG] 2022-10-02 11:29:50.349 [main] BasicTypeRegistry - Adding type registration java.time.ZonedDateTime -> org.hibernate.type.ZonedDateTimeType@2ab0702e
[DEBUG] 2022-10-02 11:29:50.350 [main] BasicTypeRegistry - Adding type registration date -> org.hibernate.type.DateType@3ce53f6a
[DEBUG] 2022-10-02 11:29:50.350 [main] BasicTypeRegistry - Adding type registration java.sql.Date -> org.hibernate.type.DateType@3ce53f6a
[DEBUG] 2022-10-02 11:29:50.350 [main] BasicTypeRegistry - Adding type registration time -> org.hibernate.type.TimeType@1daf3b44
[DEBUG] 2022-10-02 11:29:50.351 [main] BasicTypeRegistry - Adding type registration java.sql.Time -> org.hibernate.type.TimeType@1daf3b44
[DEBUG] 2022-10-02 11:29:50.351 [main] BasicTypeRegistry - Adding type registration timestamp -> org.hibernate.type.TimestampType@772861aa
[DEBUG] 2022-10-02 11:29:50.351 [main] BasicTypeRegistry - Adding type registration java.sql.Timestamp -> org.hibernate.type.TimestampType@772861aa
[DEBUG] 2022-10-02 11:29:50.352 [main] BasicTypeRegistry - Adding type registration java.util.Date -> org.hibernate.type.TimestampType@772861aa
[DEBUG] 2022-10-02 11:29:50.352 [main] BasicTypeRegistry - Adding type registration dbtimestamp -> org.hibernate.type.DbTimestampType@7c8f9c2e
[DEBUG] 2022-10-02 11:29:50.353 [main] BasicTypeRegistry - Adding type registration calendar -> org.hibernate.type.CalendarType@4cb40e3b
[DEBUG] 2022-10-02 11:29:50.353 [main] BasicTypeRegistry - Adding type registration java.util.Calendar -> org.hibernate.type.CalendarType@4cb40e3b
[DEBUG] 2022-10-02 11:29:50.353 [main] BasicTypeRegistry - Adding type registration java.util.GregorianCalendar -> org.hibernate.type.CalendarType@4cb40e3b
[DEBUG] 2022-10-02 11:29:50.354 [main] BasicTypeRegistry - Adding type registration calendar_date -> org.hibernate.type.CalendarDateType@65c86db8
[DEBUG] 2022-10-02 11:29:50.354 [main] BasicTypeRegistry - Adding type registration locale -> org.hibernate.type.LocaleType@6f139fc9
[DEBUG] 2022-10-02 11:29:50.354 [main] BasicTypeRegistry - Adding type registration java.util.Locale -> org.hibernate.type.LocaleType@6f139fc9
[DEBUG] 2022-10-02 11:29:50.355 [main] BasicTypeRegistry - Adding type registration currency -> org.hibernate.type.CurrencyType@42b28ff1
[DEBUG] 2022-10-02 11:29:50.355 [main] BasicTypeRegistry - Adding type registration java.util.Currency -> org.hibernate.type.CurrencyType@42b28ff1
[DEBUG] 2022-10-02 11:29:50.356 [main] BasicTypeRegistry - Adding type registration timezone -> org.hibernate.type.TimeZoneType@56380231
[DEBUG] 2022-10-02 11:29:50.356 [main] BasicTypeRegistry - Adding type registration java.util.TimeZone -> org.hibernate.type.TimeZoneType@56380231
[DEBUG] 2022-10-02 11:29:50.357 [main] BasicTypeRegistry - Adding type registration class -> org.hibernate.type.ClassType@12c60152
[DEBUG] 2022-10-02 11:29:50.357 [main] BasicTypeRegistry - Adding type registration java.lang.Class -> org.hibernate.type.ClassType@12c60152
[DEBUG] 2022-10-02 11:29:50.357 [main] BasicTypeRegistry - Adding type registration uuid-binary -> org.hibernate.type.UUIDBinaryType@39c385d6
[DEBUG] 2022-10-02 11:29:50.357 [main] BasicTypeRegistry - Adding type registration java.util.UUID -> org.hibernate.type.UUIDBinaryType@39c385d6
[DEBUG] 2022-10-02 11:29:50.358 [main] BasicTypeRegistry - Adding type registration uuid-char -> org.hibernate.type.UUIDCharType@43e1692f
[DEBUG] 2022-10-02 11:29:50.358 [main] BasicTypeRegistry - Adding type registration binary -> org.hibernate.type.BinaryType@aa4d8cc
[DEBUG] 2022-10-02 11:29:50.359 [main] BasicTypeRegistry - Adding type registration byte[] -> org.hibernate.type.BinaryType@aa4d8cc
[DEBUG] 2022-10-02 11:29:50.359 [main] BasicTypeRegistry - Adding type registration [B -> org.hibernate.type.BinaryType@aa4d8cc
[DEBUG] 2022-10-02 11:29:50.359 [main] BasicTypeRegistry - Adding type registration wrapper-binary -> org.hibernate.type.WrapperBinaryType@3c0bbc9f
[DEBUG] 2022-10-02 11:29:50.360 [main] BasicTypeRegistry - Adding type registration Byte[] -> org.hibernate.type.WrapperBinaryType@3c0bbc9f
[DEBUG] 2022-10-02 11:29:50.360 [main] BasicTypeRegistry - Adding type registration [Ljava.lang.Byte; -> org.hibernate.type.WrapperBinaryType@3c0bbc9f
[DEBUG] 2022-10-02 11:29:50.360 [main] BasicTypeRegistry - Adding type registration row_version -> org.hibernate.type.RowVersionType@608bc8f8
[DEBUG] 2022-10-02 11:29:50.361 [main] BasicTypeRegistry - Adding type registration image -> org.hibernate.type.ImageType@79316f3a
[DEBUG] 2022-10-02 11:29:50.361 [main] BasicTypeRegistry - Adding type registration characters -> org.hibernate.type.CharArrayType@6fc29daa
[DEBUG] 2022-10-02 11:29:50.361 [main] BasicTypeRegistry - Adding type registration char[] -> org.hibernate.type.CharArrayType@6fc29daa
[DEBUG] 2022-10-02 11:29:50.361 [main] BasicTypeRegistry - Adding type registration [C -> org.hibernate.type.CharArrayType@6fc29daa
[DEBUG] 2022-10-02 11:29:50.362 [main] BasicTypeRegistry - Adding type registration wrapper-characters -> org.hibernate.type.CharacterArrayType@76db540e
[DEBUG] 2022-10-02 11:29:50.362 [main] BasicTypeRegistry - Adding type registration [Ljava.lang.Character; -> org.hibernate.type.CharacterArrayType@76db540e
[DEBUG] 2022-10-02 11:29:50.362 [main] BasicTypeRegistry - Adding type registration Character[] -> org.hibernate.type.CharacterArrayType@76db540e
[DEBUG] 2022-10-02 11:29:50.362 [main] BasicTypeRegistry - Adding type registration text -> org.hibernate.type.TextType@1640190a
[DEBUG] 2022-10-02 11:29:50.363 [main] BasicTypeRegistry - Adding type registration ntext -> org.hibernate.type.NTextType@36c0d0bd
[DEBUG] 2022-10-02 11:29:50.364 [main] BasicTypeRegistry - Adding type registration blob -> org.hibernate.type.BlobType@bbf9e07
[DEBUG] 2022-10-02 11:29:50.364 [main] BasicTypeRegistry - Adding type registration java.sql.Blob -> org.hibernate.type.BlobType@bbf9e07
[DEBUG] 2022-10-02 11:29:50.364 [main] BasicTypeRegistry - Adding type registration materialized_blob -> org.hibernate.type.MaterializedBlobType@73d3e555
[DEBUG] 2022-10-02 11:29:50.365 [main] BasicTypeRegistry - Adding type registration clob -> org.hibernate.type.ClobType@43a0a32d
[DEBUG] 2022-10-02 11:29:50.365 [main] BasicTypeRegistry - Adding type registration java.sql.Clob -> org.hibernate.type.ClobType@43a0a32d
[DEBUG] 2022-10-02 11:29:50.366 [main] BasicTypeRegistry - Adding type registration nclob -> org.hibernate.type.NClobType@3f685162
[DEBUG] 2022-10-02 11:29:50.366 [main] BasicTypeRegistry - Adding type registration java.sql.NClob -> org.hibernate.type.NClobType@3f685162
[DEBUG] 2022-10-02 11:29:50.366 [main] BasicTypeRegistry - Adding type registration materialized_clob -> org.hibernate.type.MaterializedClobType@1f3165e7
[DEBUG] 2022-10-02 11:29:50.367 [main] BasicTypeRegistry - Adding type registration materialized_nclob -> org.hibernate.type.MaterializedNClobType@15b82644
[DEBUG] 2022-10-02 11:29:50.367 [main] BasicTypeRegistry - Adding type registration serializable -> org.hibernate.type.SerializableType@a0f53fc
[DEBUG] 2022-10-02 11:29:50.370 [main] BasicTypeRegistry - Adding type registration object -> org.hibernate.type.ObjectType@7d9ba6c
[DEBUG] 2022-10-02 11:29:50.370 [main] BasicTypeRegistry - Adding type registration java.lang.Object -> org.hibernate.type.ObjectType@7d9ba6c
[DEBUG] 2022-10-02 11:29:50.374 [main] BasicTypeRegistry - Adding type registration imm_date -> org.hibernate.type.AdaptedImmutableType@1702830d
[DEBUG] 2022-10-02 11:29:50.374 [main] BasicTypeRegistry - Adding type registration imm_time -> org.hibernate.type.AdaptedImmutableType@6a937336
[DEBUG] 2022-10-02 11:29:50.374 [main] BasicTypeRegistry - Adding type registration imm_timestamp -> org.hibernate.type.AdaptedImmutableType@278667fd
[DEBUG] 2022-10-02 11:29:50.374 [main] BasicTypeRegistry - Adding type registration imm_dbtimestamp -> org.hibernate.type.AdaptedImmutableType@684b31de
[DEBUG] 2022-10-02 11:29:50.374 [main] BasicTypeRegistry - Adding type registration imm_calendar -> org.hibernate.type.AdaptedImmutableType@6b52dd31
[DEBUG] 2022-10-02 11:29:50.374 [main] BasicTypeRegistry - Adding type registration imm_calendar_date -> org.hibernate.type.AdaptedImmutableType@1a2909ae
[DEBUG] 2022-10-02 11:29:50.374 [main] BasicTypeRegistry - Adding type registration imm_binary -> org.hibernate.type.AdaptedImmutableType@e042c99
[DEBUG] 2022-10-02 11:29:50.374 [main] BasicTypeRegistry - Adding type registration imm_serializable -> org.hibernate.type.AdaptedImmutableType@3f702946
[DEBUG] 2022-10-02 11:29:50.397 [main] DefaultIdentifierGeneratorFactory - Registering IdentifierGenerator strategy [uuid2] -> [org.hibernate.id.UUIDGenerator]
[DEBUG] 2022-10-02 11:29:50.397 [main] DefaultIdentifierGeneratorFactory - Registering IdentifierGenerator strategy [guid] -> [org.hibernate.id.GUIDGenerator]
[DEBUG] 2022-10-02 11:29:50.398 [main] DefaultIdentifierGeneratorFactory - Registering IdentifierGenerator strategy [uuid] -> [org.hibernate.id.UUIDHexGenerator]
[DEBUG] 2022-10-02 11:29:50.398 [main] DefaultIdentifierGeneratorFactory - Registering IdentifierGenerator strategy [uuid.hex] -> [org.hibernate.id.UUIDHexGenerator]
[DEBUG] 2022-10-02 11:29:50.398 [main] DefaultIdentifierGeneratorFactory - Registering IdentifierGenerator strategy [assigned] -> [org.hibernate.id.Assigned]
[DEBUG] 2022-10-02 11:29:50.402 [main] DefaultIdentifierGeneratorFactory - Registering IdentifierGenerator strategy [identity] -> [org.hibernate.id.IdentityGenerator]
[DEBUG] 2022-10-02 11:29:50.403 [main] DefaultIdentifierGeneratorFactory - Registering IdentifierGenerator strategy [select] -> [org.hibernate.id.SelectGenerator]
[DEBUG] 2022-10-02 11:29:50.404 [main] DefaultIdentifierGeneratorFactory - Registering IdentifierGenerator strategy [sequence] -> [org.hibernate.id.enhanced.SequenceStyleGenerator]
[DEBUG] 2022-10-02 11:29:50.404 [main] DefaultIdentifierGeneratorFactory - Registering IdentifierGenerator strategy [seqhilo] -> [org.hibernate.id.SequenceHiLoGenerator]
[DEBUG] 2022-10-02 11:29:50.405 [main] DefaultIdentifierGeneratorFactory - Registering IdentifierGenerator strategy [increment] -> [org.hibernate.id.IncrementGenerator]
[DEBUG] 2022-10-02 11:29:50.405 [main] DefaultIdentifierGeneratorFactory - Registering IdentifierGenerator strategy [foreign] -> [org.hibernate.id.ForeignGenerator]
[DEBUG] 2022-10-02 11:29:50.406 [main] DefaultIdentifierGeneratorFactory - Registering IdentifierGenerator strategy [sequence-identity] -> [org.hibernate.id.SequenceIdentityGenerator]
[DEBUG] 2022-10-02 11:29:50.406 [main] DefaultIdentifierGeneratorFactory - Registering IdentifierGenerator strategy [enhanced-sequence] -> [org.hibernate.id.enhanced.SequenceStyleGenerator]
[DEBUG] 2022-10-02 11:29:50.406 [main] DefaultIdentifierGeneratorFactory - Registering IdentifierGenerator strategy [enhanced-table] -> [org.hibernate.id.enhanced.TableGenerator]
[INFO ] 2022-10-02 11:29:50.411 [main] C3P0ConnectionProvider - HHH010002: C3P0 using driver: com.mysql.cj.jdbc.Driver at URL: jdbc:mysql://localhost:3306/RecipeTracker
[INFO ] 2022-10-02 11:29:50.411 [main] C3P0ConnectionProvider - HHH10001001: Connection properties: {password=****, user=root}
[INFO ] 2022-10-02 11:29:50.411 [main] C3P0ConnectionProvider - HHH10001003: Autocommit mode: false
[INFO ] 2022-10-02 11:29:50.519 [main] C3P0ConnectionProvider - HHH10001007: JDBC isolation level: <unknown>
[DEBUG] 2022-10-02 11:29:50.702 [main] JdbcEnvironmentInitiator - Database ->
       name : MySQL
    version : 8.0.22
      major : 8
      minor : 0
[DEBUG] 2022-10-02 11:29:50.712 [main] JdbcEnvironmentInitiator - Driver ->
       name : MySQL Connector/J
    version : mysql-connector-java-8.0.22 (Revision: d64b664fa93e81296a377de031b8123a67e6def2)
      major : 8
      minor : 0
[DEBUG] 2022-10-02 11:29:50.712 [main] JdbcEnvironmentInitiator - JDBC version : 4.2
[INFO ] 2022-10-02 11:29:50.748 [main] Dialect - HHH000400: Using dialect: org.hibernate.dialect.MySQL8Dialect
[DEBUG] 2022-10-02 11:29:50.768 [main] IdentifierHelperBuilder - JDBC driver metadata reported database stores quoted identifiers in more than one case
[DEBUG] 2022-10-02 11:29:50.800 [main] IdentifierHelperBuilder - IdentifierCaseStrategy for both quoted and unquoted identifiers was set to the same strategy [MIXED]; that will likely lead to problems in schema update and validation if using quoted identifiers
[DEBUG] 2022-10-02 11:29:50.854 [main] Namespace - Created database namespace [logicalName=Name{catalog=null, schema=null}, physicalName=Name{catalog=null, schema=null}]
[DEBUG] 2022-10-02 11:29:50.859 [main] TypeConfiguration$Scope - Scoping TypeConfiguration [org.hibernate.type.spi.TypeConfiguration@6801b414] to MetadataBuildingContext [org.hibernate.boot.internal.MetadataBuildingContextRootImpl@177c41d7]
[DEBUG] 2022-10-02 11:29:50.917 [main] AnnotationBinder - Binding entity from annotated class: com.ericmclaughlin.entity.Recipe
[DEBUG] 2022-10-02 11:29:50.935 [main] Ejb3Column - Binding column: Ejb3DiscriminatorColumn{logicalColumnName'DTYPE', discriminatorTypeName='string'}
[DEBUG] 2022-10-02 11:29:50.940 [main] EntityBinder - Import with entity name Recipe
[DEBUG] 2022-10-02 11:29:50.943 [main] EntityBinder - Bind entity com.ericmclaughlin.entity.Recipe on table recipes
[DEBUG] 2022-10-02 11:29:50.966 [main] Ejb3Column - Binding column: Ejb3Column{table=org.hibernate.mapping.Table(recipes), mappingColumn=recipe_id, insertable=true, updatable=true, unique=false}
[DEBUG] 2022-10-02 11:29:50.969 [main] PropertyBinder - MetadataSourceProcessor property recipeId with lazy=false
[DEBUG] 2022-10-02 11:29:50.970 [main] AbstractPropertyHolder - Attempting to locate auto-apply AttributeConverter for property [com.ericmclaughlin.entity.Recipe:recipeId]
[DEBUG] 2022-10-02 11:29:50.972 [main] SimpleValueBinder - building SimpleValue for recipeId
[DEBUG] 2022-10-02 11:29:50.974 [main] PropertyBinder - Building property recipeId
[DEBUG] 2022-10-02 11:29:50.978 [main] BinderHelper - #makeIdGenerator(org.hibernate.mapping.SimpleValue([org.hibernate.mapping.Column(recipe_id)]), recipeId, org.hibernate.id.enhanced.SequenceStyleGenerator, native, ...)
[DEBUG] 2022-10-02 11:29:50.981 [main] Ejb3Column - Binding column: Ejb3Column{table=org.hibernate.mapping.Table(recipes), mappingColumn=description, insertable=true, updatable=true, unique=false}
[DEBUG] 2022-10-02 11:29:50.981 [main] PropertyBinder - MetadataSourceProcessor property description with lazy=false
[DEBUG] 2022-10-02 11:29:50.981 [main] AbstractPropertyHolder - Attempting to locate auto-apply AttributeConverter for property [com.ericmclaughlin.entity.Recipe:description]
[DEBUG] 2022-10-02 11:29:50.982 [main] SimpleValueBinder - building SimpleValue for description
[DEBUG] 2022-10-02 11:29:50.982 [main] PropertyBinder - Building property description
[DEBUG] 2022-10-02 11:29:50.982 [main] Ejb3Column - Binding column: Ejb3Column{table=org.hibernate.mapping.Table(recipes), mappingColumn=notes, insertable=true, updatable=true, unique=false}
[DEBUG] 2022-10-02 11:29:50.983 [main] PropertyBinder - MetadataSourceProcessor property notes with lazy=false
[DEBUG] 2022-10-02 11:29:50.983 [main] AbstractPropertyHolder - Attempting to locate auto-apply AttributeConverter for property [com.ericmclaughlin.entity.Recipe:notes]
[DEBUG] 2022-10-02 11:29:50.983 [main] SimpleValueBinder - building SimpleValue for notes
[DEBUG] 2022-10-02 11:29:50.983 [main] PropertyBinder - Building property notes
[DEBUG] 2022-10-02 11:29:50.983 [main] Ejb3Column - Binding column: Ejb3Column{table=org.hibernate.mapping.Table(recipes), mappingColumn=recipe_name, insertable=true, updatable=true, unique=false}
[DEBUG] 2022-10-02 11:29:50.983 [main] PropertyBinder - MetadataSourceProcessor property recipeName with lazy=false
[DEBUG] 2022-10-02 11:29:50.984 [main] AbstractPropertyHolder - Attempting to locate auto-apply AttributeConverter for property [com.ericmclaughlin.entity.Recipe:recipeName]
[DEBUG] 2022-10-02 11:29:50.984 [main] SimpleValueBinder - building SimpleValue for recipeName
[DEBUG] 2022-10-02 11:29:50.984 [main] PropertyBinder - Building property recipeName
[DEBUG] 2022-10-02 11:29:50.985 [main] Ejb3Column - Binding column: Ejb3JoinColumn{logicalColumnName='user_cd', referencedColumn='', mappedBy=''}
[DEBUG] 2022-10-02 11:29:50.985 [main] Ejb3Column - Binding column: Ejb3Column{table=org.hibernate.mapping.Table(recipes), mappingColumn=user, insertable=true, updatable=true, unique=false}
[DEBUG] 2022-10-02 11:29:50.987 [main] PropertyBinder - Building property user
[DEBUG] 2022-10-02 11:29:50.988 [main] AnnotationBinder - Binding entity from annotated class: com.ericmclaughlin.entity.User
[DEBUG] 2022-10-02 11:29:50.989 [main] Ejb3Column - Binding column: Ejb3DiscriminatorColumn{logicalColumnName'DTYPE', discriminatorTypeName='string'}
[DEBUG] 2022-10-02 11:29:50.989 [main] EntityBinder - Import with entity name User
[DEBUG] 2022-10-02 11:29:50.989 [main] EntityBinder - Bind entity com.ericmclaughlin.entity.User on table user
[DEBUG] 2022-10-02 11:29:50.998 [main] Ejb3Column - Binding column: Ejb3Column{table=org.hibernate.mapping.Table(user), mappingColumn=user_id, insertable=true, updatable=true, unique=false}
[DEBUG] 2022-10-02 11:29:50.998 [main] PropertyBinder - MetadataSourceProcessor property userId with lazy=false
[DEBUG] 2022-10-02 11:29:50.999 [main] AbstractPropertyHolder - Attempting to locate auto-apply AttributeConverter for property [com.ericmclaughlin.entity.User:userId]
[DEBUG] 2022-10-02 11:29:50.999 [main] SimpleValueBinder - building SimpleValue for userId
[DEBUG] 2022-10-02 11:29:51.005 [main] PropertyBinder - Building property userId
[DEBUG] 2022-10-02 11:29:51.005 [main] BinderHelper - #makeIdGenerator(org.hibernate.mapping.SimpleValue([org.hibernate.mapping.Column(user_id)]), userId, org.hibernate.id.enhanced.SequenceStyleGenerator, native, ...)
[DEBUG] 2022-10-02 11:29:51.006 [main] Ejb3Column - Binding column: Ejb3Column{table=org.hibernate.mapping.Table(user), mappingColumn=first_name, insertable=true, updatable=true, unique=false}
[DEBUG] 2022-10-02 11:29:51.006 [main] PropertyBinder - MetadataSourceProcessor property firstName with lazy=false
[DEBUG] 2022-10-02 11:29:51.006 [main] AbstractPropertyHolder - Attempting to locate auto-apply AttributeConverter for property [com.ericmclaughlin.entity.User:firstName]
[DEBUG] 2022-10-02 11:29:51.006 [main] SimpleValueBinder - building SimpleValue for firstName
[DEBUG] 2022-10-02 11:29:51.006 [main] PropertyBinder - Building property firstName
[DEBUG] 2022-10-02 11:29:51.006 [main] Ejb3Column - Binding column: Ejb3Column{table=org.hibernate.mapping.Table(user), mappingColumn=last_name, insertable=true, updatable=true, unique=false}
[DEBUG] 2022-10-02 11:29:51.007 [main] PropertyBinder - MetadataSourceProcessor property lastName with lazy=false
[DEBUG] 2022-10-02 11:29:51.007 [main] AbstractPropertyHolder - Attempting to locate auto-apply AttributeConverter for property [com.ericmclaughlin.entity.User:lastName]
[DEBUG] 2022-10-02 11:29:51.007 [main] SimpleValueBinder - building SimpleValue for lastName
[DEBUG] 2022-10-02 11:29:51.007 [main] PropertyBinder - Building property lastName
[DEBUG] 2022-10-02 11:29:51.007 [main] Ejb3Column - Binding column: Ejb3Column{table=org.hibernate.mapping.Table(user), mappingColumn=password, insertable=true, updatable=true, unique=false}
[DEBUG] 2022-10-02 11:29:51.007 [main] PropertyBinder - MetadataSourceProcessor property password with lazy=false
[DEBUG] 2022-10-02 11:29:51.007 [main] AbstractPropertyHolder - Attempting to locate auto-apply AttributeConverter for property [com.ericmclaughlin.entity.User:password]
[DEBUG] 2022-10-02 11:29:51.007 [main] SimpleValueBinder - building SimpleValue for password
[DEBUG] 2022-10-02 11:29:51.007 [main] PropertyBinder - Building property password
[DEBUG] 2022-10-02 11:29:51.008 [main] Ejb3Column - Binding column: Ejb3JoinColumn{logicalColumnName='null', referencedColumn='null', mappedBy='user'}
[DEBUG] 2022-10-02 11:29:51.008 [main] Ejb3Column - Binding column: Ejb3Column{table=org.hibernate.mapping.Table(user), mappingColumn=recipes, insertable=true, updatable=true, unique=false}
[DEBUG] 2022-10-02 11:29:51.009 [main] Ejb3Column - Binding column: Ejb3Column{table=org.hibernate.mapping.Table(user), mappingColumn=null, insertable=true, updatable=true, unique=false}
[DEBUG] 2022-10-02 11:29:51.021 [main] Ejb3Column - Binding column: Ejb3Column{table=org.hibernate.mapping.Table(user), mappingColumn=element, insertable=true, updatable=true, unique=false}
[DEBUG] 2022-10-02 11:29:51.022 [main] Ejb3Column - Binding column: Ejb3Column{table=org.hibernate.mapping.Table(user), mappingColumn=recipes_KEY, insertable=true, updatable=true, unique=false}
[DEBUG] 2022-10-02 11:29:51.022 [main] Ejb3Column - Binding column: Ejb3JoinColumn{logicalColumnName='recipes_KEY', referencedColumn='null', mappedBy='null'}
[DEBUG] 2022-10-02 11:29:51.023 [main] Ejb3Column - Binding column: Ejb3JoinColumn{logicalColumnName='null', referencedColumn='null', mappedBy='user'}
[DEBUG] 2022-10-02 11:29:51.023 [main] Ejb3Column - Binding column: Ejb3JoinColumn{logicalColumnName='null', referencedColumn='null', mappedBy='user'}
[DEBUG] 2022-10-02 11:29:51.024 [main] CollectionBinder - Collection role: com.ericmclaughlin.entity.User.recipes
[DEBUG] 2022-10-02 11:29:51.034 [main] PropertyBinder - Building property recipes
[DEBUG] 2022-10-02 11:29:51.035 [main] Ejb3Column - Binding column: Ejb3Column{table=org.hibernate.mapping.Table(user), mappingColumn=login_id, insertable=true, updatable=true, unique=false}
[DEBUG] 2022-10-02 11:29:51.035 [main] PropertyBinder - MetadataSourceProcessor property userName with lazy=false
[DEBUG] 2022-10-02 11:29:51.035 [main] AbstractPropertyHolder - Attempting to locate auto-apply AttributeConverter for property [com.ericmclaughlin.entity.User:userName]
[DEBUG] 2022-10-02 11:29:51.035 [main] SimpleValueBinder - building SimpleValue for userName
[DEBUG] 2022-10-02 11:29:51.035 [main] PropertyBinder - Building property userName
[DEBUG] 2022-10-02 11:29:51.037 [main] SimpleValueBinder - Starting fillSimpleValue for recipeId
[DEBUG] 2022-10-02 11:29:51.043 [main] SimpleValueBinder - Starting fillSimpleValue for description
[DEBUG] 2022-10-02 11:29:51.043 [main] SimpleValueBinder - Starting fillSimpleValue for notes
[DEBUG] 2022-10-02 11:29:51.043 [main] SimpleValueBinder - Starting fillSimpleValue for recipeName
[DEBUG] 2022-10-02 11:29:51.044 [main] SimpleValueBinder - Starting fillSimpleValue for userId
[DEBUG] 2022-10-02 11:29:51.044 [main] SimpleValueBinder - Starting fillSimpleValue for firstName
[DEBUG] 2022-10-02 11:29:51.044 [main] SimpleValueBinder - Starting fillSimpleValue for lastName
[DEBUG] 2022-10-02 11:29:51.044 [main] SimpleValueBinder - Starting fillSimpleValue for password
[DEBUG] 2022-10-02 11:29:51.044 [main] SimpleValueBinder - Starting fillSimpleValue for userName
[DEBUG] 2022-10-02 11:29:51.048 [main] PrimaryKey - Forcing column [recipe_id] to be non-null as it is part of the primary key for table [recipes]
[DEBUG] 2022-10-02 11:29:51.048 [main] PrimaryKey - Forcing column [user_id] to be non-null as it is part of the primary key for table [user]
[DEBUG] 2022-10-02 11:29:51.049 [main] CollectionSecondPass - Second pass for collection: com.ericmclaughlin.entity.User.recipes
[DEBUG] 2022-10-02 11:29:51.049 [main] CollectionBinder - Binding a OneToMany: com.ericmclaughlin.entity.User.recipes through a foreign key
[DEBUG] 2022-10-02 11:29:51.050 [main] CollectionBinder - Mapping collection: com.ericmclaughlin.entity.User.recipes -> recipes
[DEBUG] 2022-10-02 11:29:51.050 [main] TableBinder - Retrieving property com.ericmclaughlin.entity.Recipe.user
[DEBUG] 2022-10-02 11:29:51.050 [main] CollectionSecondPass - Mapped collection key: user_cd, one-to-many: com.ericmclaughlin.entity.Recipe
[DEBUG] 2022-10-02 11:29:51.051 [main] InFlightMetadataCollectorImpl - Resolving reference to class: com.ericmclaughlin.entity.User
[DEBUG] 2022-10-02 11:29:51.052 [main] InFlightMetadataCollectorImpl - Resolving reference to class: com.ericmclaughlin.entity.User
[DEBUG] 2022-10-02 11:29:51.074 [main] SessionFactoryImpl - Building session factory
[DEBUG] 2022-10-02 11:29:51.075 [main] Settings - SessionFactory name : null
[DEBUG] 2022-10-02 11:29:51.075 [main] Settings - Automatic flush during beforeCompletion(): enabled
[DEBUG] 2022-10-02 11:29:51.075 [main] Settings - Automatic session close at end of transaction: disabled
[DEBUG] 2022-10-02 11:29:51.075 [main] Settings - Statistics: disabled
[DEBUG] 2022-10-02 11:29:51.075 [main] Settings - Deleted entity synthetic identifier rollback: disabled
[DEBUG] 2022-10-02 11:29:51.075 [main] Settings - Default entity-mode: pojo
[DEBUG] 2022-10-02 11:29:51.075 [main] Settings - Check Nullability in Core (should be disabled when Bean Validation is on): enabled
[DEBUG] 2022-10-02 11:29:51.075 [main] Settings - Allow initialization of lazy state outside session : disabled
[DEBUG] 2022-10-02 11:29:51.075 [main] Settings - Using BatchFetchStyle : LEGACY
[DEBUG] 2022-10-02 11:29:51.076 [main] Settings - Default batch fetch size: -1
[DEBUG] 2022-10-02 11:29:51.076 [main] Settings - Maximum outer join fetch depth: 2
[DEBUG] 2022-10-02 11:29:51.076 [main] Settings - Default null ordering: NONE
[DEBUG] 2022-10-02 11:29:51.076 [main] Settings - Order SQL updates by primary key: disabled
[DEBUG] 2022-10-02 11:29:51.076 [main] Settings - Order SQL inserts for batching: disabled
[DEBUG] 2022-10-02 11:29:51.076 [main] Settings - multi-tenancy strategy : NONE
[DEBUG] 2022-10-02 11:29:51.076 [main] Settings - JTA Track by Thread: enabled
[DEBUG] 2022-10-02 11:29:51.076 [main] Settings - Query language substitutions: {}
[DEBUG] 2022-10-02 11:29:51.076 [main] Settings - Named query checking : enabled
[DEBUG] 2022-10-02 11:29:51.076 [main] Settings - Second-level cache: disabled
[DEBUG] 2022-10-02 11:29:51.076 [main] Settings - Second-level query cache: disabled
[DEBUG] 2022-10-02 11:29:51.077 [main] Settings - Second-level query cache factory: null
[DEBUG] 2022-10-02 11:29:51.077 [main] Settings - Second-level cache region prefix: null
[DEBUG] 2022-10-02 11:29:51.077 [main] Settings - Optimize second-level cache for minimal puts: disabled
[DEBUG] 2022-10-02 11:29:51.077 [main] Settings - Structured second-level cache entries: disabled
[DEBUG] 2022-10-02 11:29:51.077 [main] Settings - Second-level cache direct-reference entries: disabled
[DEBUG] 2022-10-02 11:29:51.077 [main] Settings - Automatic eviction of collection cache: disabled
[DEBUG] 2022-10-02 11:29:51.077 [main] Settings - JDBC batch size: 15
[DEBUG] 2022-10-02 11:29:51.077 [main] Settings - JDBC batch updates for versioned data: enabled
[DEBUG] 2022-10-02 11:29:51.077 [main] Settings - Scrollable result sets: enabled
[DEBUG] 2022-10-02 11:29:51.077 [main] Settings - Wrap result sets: disabled
[DEBUG] 2022-10-02 11:29:51.077 [main] Settings - JDBC3 getGeneratedKeys(): enabled
[DEBUG] 2022-10-02 11:29:51.078 [main] Settings - JDBC result set fetch size: null
[DEBUG] 2022-10-02 11:29:51.078 [main] Settings - Connection release mode: AFTER_TRANSACTION
[DEBUG] 2022-10-02 11:29:51.078 [main] Settings - Generate SQL with comments: disabled
[DEBUG] 2022-10-02 11:29:51.078 [main] Settings - JPA compliance - query : 
[DEBUG] 2022-10-02 11:29:51.078 [main] Settings - JPA compliance - closed-handling : 
[DEBUG] 2022-10-02 11:29:51.078 [main] Settings - JPA compliance - lists : 
[DEBUG] 2022-10-02 11:29:51.078 [main] Settings - JPA compliance - transactions : 
[INFO ] 2022-10-02 11:29:51.120 [main] beans - HHH10005002: No explicit CDI BeanManager reference was passed to Hibernate, but CDI is available on the Hibernate ClassLoader.
[DEBUG] 2022-10-02 11:29:51.135 [main] SessionFactoryImpl - Session factory constructed with filter configurations : {}
[DEBUG] 2022-10-02 11:29:51.136 [main] SessionFactoryImpl - Instantiating session factory with properties: {sun.desktop=gnome, awt.toolkit=sun.awt.X11.XToolkit, java.specification.version=11, sun.cpu.isalist=, hibernate.c3p0.idle_test_period=3000, sun.jnu.encoding=UTF-8, hibernate.c3p0.min_size=5, java.class.path=/home/student/intellij/idea-IU-222.3739.54/lib/idea_rt.jar:/home/student/intellij/idea-IU-222.3739.54/plugins/junit/lib/junit5-rt.jar:/home/student/intellij/idea-IU-222.3739.54/plugins/junit/lib/junit-rt.jar:/home/student/IdeaProjects/indieProject/target/test-classes:/home/student/IdeaProjects/indieProject/target/classes:/home/student/.m2/repository/org/hibernate/hibernate-core/5.4.4.Final/hibernate-core-5.4.4.Final.jar:/home/student/.m2/repository/org/jboss/logging/jboss-logging/3.3.2.Final/jboss-logging-3.3.2.Final.jar:/home/student/.m2/repository/javax/persistence/javax.persistence-api/2.2/javax.persistence-api-2.2.jar:/home/student/.m2/repository/org/javassist/javassist/3.24.0-GA/javassist-3.24.0-GA.jar:/home/student/.m2/repository/net/bytebuddy/byte-buddy/1.9.11/byte-buddy-1.9.11.jar:/home/student/.m2/repository/antlr/antlr/2.7.7/antlr-2.7.7.jar:/home/student/.m2/repository/org/jboss/spec/javax/transaction/jboss-transaction-api_1.2_spec/1.1.1.Final/jboss-transaction-api_1.2_spec-1.1.1.Final.jar:/home/student/.m2/repository/org/jboss/jandex/2.0.5.Final/jandex-2.0.5.Final.jar:/home/student/.m2/repository/com/fasterxml/classmate/1.3.4/classmate-1.3.4.jar:/home/student/.m2/repository/javax/activation/javax.activation-api/1.2.0/javax.activation-api-1.2.0.jar:/home/student/.m2/repository/org/dom4j/dom4j/2.1.1/dom4j-2.1.1.jar:/home/student/.m2/repository/org/hibernate/common/hibernate-commons-annotations/5.1.0.Final/hibernate-commons-annotations-5.1.0.Final.jar:/home/student/.m2/repository/javax/xml/bind/jaxb-api/2.3.1/jaxb-api-2.3.1.jar:/home/student/.m2/repository/org/glassfish/jaxb/jaxb-runtime/2.3.1/jaxb-runtime-2.3.1.jar:/home/student/.m2/repository/org/glassfish/jaxb/txw2/2.3.1/txw2-2.3.1.jar:/home/student/.m2/repository/com/sun/istack/istack-commons-runtime/3.0.7/istack-commons-runtime-3.0.7.jar:/home/student/.m2/repository/org/jvnet/staxex/stax-ex/1.8/stax-ex-1.8.jar:/home/student/.m2/repository/com/sun/xml/fastinfoset/FastInfoset/1.2.15/FastInfoset-1.2.15.jar:/home/student/.m2/repository/org/hibernate/hibernate-c3p0/5.4.4.Final/hibernate-c3p0-5.4.4.Final.jar:/home/student/.m2/repository/com/mchange/c3p0/0.9.5.3/c3p0-0.9.5.3.jar:/home/student/.m2/repository/com/mchange/mchange-commons-java/0.2.15/mchange-commons-java-0.2.15.jar:/home/student/.m2/repository/org/junit/platform/junit-platform-runner/1.0.0/junit-platform-runner-1.0.0.jar:/home/student/.m2/repository/org/apiguardian/apiguardian-api/1.0.0/apiguardian-api-1.0.0.jar:/home/student/.m2/repository/org/junit/platform/junit-platform-launcher/1.0.0/junit-platform-launcher-1.0.0.jar:/home/student/.m2/repository/org/junit/platform/junit-platform-suite-api/1.0.0/junit-platform-suite-api-1.0.0.jar:/home/student/.m2/repository/org/junit/platform/junit-platform-commons/1.0.0/junit-platform-commons-1.0.0.jar:/home/student/.m2/repository/org/junit/vintage/junit-vintage-engine/4.12.0/junit-vintage-engine-4.12.0.jar:/home/student/.m2/repository/org/junit/platform/junit-platform-engine/1.0.0/junit-platform-engine-1.0.0.jar:/home/student/.m2/repository/org/opentest4j/opentest4j/1.0.0/opentest4j-1.0.0.jar:/home/student/.m2/repository/org/junit/jupiter/junit-jupiter-engine/5.0.0/junit-jupiter-engine-5.0.0.jar:/home/student/.m2/repository/org/junit/jupiter/junit-jupiter-api/5.0.0/junit-jupiter-api-5.0.0.jar:/home/student/.m2/repository/junit/junit/4.12/junit-4.12.jar:/home/student/.m2/repository/org/hamcrest/hamcrest-core/1.3/hamcrest-core-1.3.jar:/home/student/.m2/repository/javax/javaee-web-api/7.0/javaee-web-api-7.0.jar:/home/student/.m2/repository/mysql/mysql-connector-java/8.0.22/mysql-connector-java-8.0.22.jar:/home/student/.m2/repository/com/google/protobuf/protobuf-java/3.11.4/protobuf-java-3.11.4.jar:/home/student/.m2/repository/jstl/jstl/1.2/jstl-1.2.jar:/home/student/.m2/repository/org/apache/logging/log4j/log4j-api/2.17.1/log4j-api-2.17.1.jar:/home/student/.m2/repository/org/apache/logging/log4j/log4j-core/2.17.1/log4j-core-2.17.1.jar, java.vm.vendor=Ubuntu, sun.arch.data.model=64, idea.test.cyclic.buffer.size=1048576, java.vendor.url=https://ubuntu.com/, user.timezone=America/Chicago, os.name=Linux, java.vm.specification.version=11, sun.java.launcher=SUN_STANDARD, user.country=US, sun.boot.library.path=/usr/lib/jvm/java-11-openjdk-amd64/lib, sun.java.command=com.intellij.rt.junit.JUnitStarter -ideVersion5 -junit5 com.ericmclaughlin.persistence.RecipeDaoTest,updateSuccess, jdk.debug=release, sun.cpu.endian=little, user.home=/home/student, hibernate.c3p0.max_statements=50, user.language=en, java.specification.vendor=Oracle Corporation, java.version.date=2022-07-19, java.home=/usr/lib/jvm/java-11-openjdk-amd64, file.separator=/, java.vm.compressedOopsMode=32-bit, line.separator=
, hibernate.c3p0.timeout=300, java.specification.name=Java Platform API Specification, java.vm.specification.vendor=Oracle Corporation, java.awt.graphicsenv=sun.awt.X11GraphicsEnvironment, connection.password=student, sun.management.compiler=HotSpot 64-Bit Tiered Compilers, hibernate.c3p0.max_size=20, java.runtime.version=11.0.16+8-post-Ubuntu-0ubuntu120.04, user.name=student, path.separator=:, hibernate.connection.username=****, os.version=5.4.0-126-generic, java.runtime.name=OpenJDK Runtime Environment, hibernate.connection.url=jdbc:mysql://localhost:3306/RecipeTracker, file.encoding=UTF-8, java.vm.name=OpenJDK 64-Bit Server VM, hibernate.connection.driver_class=com.mysql.cj.jdbc.Driver, java.vendor.url.bug=https://bugs.launchpad.net/ubuntu/+source/openjdk-lts, java.io.tmpdir=/tmp, java.version=11.0.16, user.dir=/home/student/IdeaProjects/indieProject, os.arch=amd64, connection.username=root, java.vm.specification.name=Java Virtual Machine Specification, java.awt.printerjob=sun.print.PSPrinterJob, hibernate.connection.password=****, sun.os.patch.level=unknown, connection.driver_class=com.mysql.cj.jdbc.Driver, hibernate.boot.CfgXmlAccessService.key=org.hibernate.boot.cfgxml.spi.LoadedConfig@44dc7b7d, java.library.path=/usr/java/packages/lib:/usr/lib/x86_64-linux-gnu/jni:/lib/x86_64-linux-gnu:/usr/lib/x86_64-linux-gnu:/usr/lib/jni:/lib:/usr/lib, java.vendor=Ubuntu, java.vm.info=mixed mode, sharing, java.vm.version=11.0.16+8-post-Ubuntu-0ubuntu120.04, hibernate.bytecode.use_reflection_optimizer=false, sun.io.unicode.encoding=UnicodeLittle, connection.url=jdbc:mysql://localhost:3306/RecipeTracker, java.class.version=55.0}
[DEBUG] 2022-10-02 11:29:51.152 [main] TypeSafeActivator - Unable to acquire Bean Validation ValidatorFactory, skipping activation
[DEBUG] 2022-10-02 11:29:51.152 [main] JaccIntegrator - Skipping JACC integration as it was not enabled
[DEBUG] 2022-10-02 11:29:51.152 [main] SessionFactoryImpl - Instantiated session factory
[DEBUG] 2022-10-02 11:29:51.153 [main] TypeConfiguration$Scope - Scoping TypeConfiguration [org.hibernate.type.spi.TypeConfiguration@6801b414] to SessionFactoryImpl [org.hibernate.internal.SessionFactoryImpl@61a2aeb7]
[DEBUG] 2022-10-02 11:29:51.194 [main] ClassLoaderAccessImpl - Not known whether passed class name [com.ericmclaughlin.entity.User] is safe
[DEBUG] 2022-10-02 11:29:51.194 [main] ClassLoaderAccessImpl - No temp ClassLoader provided; using live ClassLoader for loading potentially unsafe class : com.ericmclaughlin.entity.User
[DEBUG] 2022-10-02 11:29:51.217 [main] ClassLoaderAccessImpl - Not known whether passed class name [com.ericmclaughlin.entity.User] is safe
[DEBUG] 2022-10-02 11:29:51.217 [main] ClassLoaderAccessImpl - No temp ClassLoader provided; using live ClassLoader for loading potentially unsafe class : com.ericmclaughlin.entity.User
[DEBUG] 2022-10-02 11:29:51.419 [main] ClassLoaderAccessImpl - Not known whether passed class name [com.ericmclaughlin.entity.Recipe] is safe
[DEBUG] 2022-10-02 11:29:51.420 [main] ClassLoaderAccessImpl - No temp ClassLoader provided; using live ClassLoader for loading potentially unsafe class : com.ericmclaughlin.entity.Recipe
[DEBUG] 2022-10-02 11:29:51.420 [main] ClassLoaderAccessImpl - Not known whether passed class name [com.ericmclaughlin.entity.Recipe] is safe
[DEBUG] 2022-10-02 11:29:51.420 [main] ClassLoaderAccessImpl - No temp ClassLoader provided; using live ClassLoader for loading potentially unsafe class : com.ericmclaughlin.entity.Recipe
[DEBUG] 2022-10-02 11:29:51.458 [main] AbstractCollectionPersister - Static SQL for collection: com.ericmclaughlin.entity.User.recipes
[DEBUG] 2022-10-02 11:29:51.458 [main] AbstractCollectionPersister -  Row insert: update recipes set user_cd=? where recipe_id=?
[DEBUG] 2022-10-02 11:29:51.458 [main] AbstractCollectionPersister -  Row update: update recipes set  where recipe_id=?
[DEBUG] 2022-10-02 11:29:51.459 [main] AbstractCollectionPersister -  Row delete: update recipes set user_cd=null where user_cd=? and recipe_id=?
[DEBUG] 2022-10-02 11:29:51.459 [main] AbstractCollectionPersister -  One-shot delete: update recipes set user_cd=null where user_cd=?
[DEBUG] 2022-10-02 11:29:51.462 [main] AbstractEntityPersister - Static SQL for entity: com.ericmclaughlin.entity.User
[DEBUG] 2022-10-02 11:29:51.462 [main] AbstractEntityPersister -  Version select: select user_id from user where user_id =?
[DEBUG] 2022-10-02 11:29:51.462 [main] AbstractEntityPersister -  Snapshot select: select user_.user_id, user_.first_name as first_na2_1_, user_.last_name as last_nam3_1_, user_.password as password4_1_, user_.login_id as login_id5_1_ from user user_ where user_.user_id=?
[DEBUG] 2022-10-02 11:29:51.462 [main] AbstractEntityPersister -  Insert 0: insert into user (first_name, last_name, password, login_id, user_id) values (?, ?, ?, ?, ?)
[DEBUG] 2022-10-02 11:29:51.462 [main] AbstractEntityPersister -  Update 0: update user set first_name=?, last_name=?, password=?, login_id=? where user_id=?
[DEBUG] 2022-10-02 11:29:51.462 [main] AbstractEntityPersister -  Delete 0: delete from user where user_id=?
[DEBUG] 2022-10-02 11:29:51.462 [main] AbstractEntityPersister -  Identity insert: insert into user (first_name, last_name, password, login_id) values (?, ?, ?, ?)
[DEBUG] 2022-10-02 11:29:51.480 [main] QuerySpacesImpl - Adding QuerySpace : uid = <gen:0> -> org.hibernate.loader.plan.build.internal.spaces.EntityQuerySpaceImpl@5fb54740]
[DEBUG] 2022-10-02 11:29:51.481 [main] MetamodelGraphWalker - Visiting attribute path : firstName
[DEBUG] 2022-10-02 11:29:51.481 [main] MetamodelGraphWalker - Visiting attribute path : lastName
[DEBUG] 2022-10-02 11:29:51.481 [main] MetamodelGraphWalker - Visiting attribute path : password
[DEBUG] 2022-10-02 11:29:51.481 [main] MetamodelGraphWalker - Visiting attribute path : recipes
[DEBUG] 2022-10-02 11:29:51.484 [main] QuerySpacesImpl - Adding QuerySpace : uid = <gen:1> -> org.hibernate.loader.plan.build.internal.spaces.CollectionQuerySpaceImpl@404ced67]
[DEBUG] 2022-10-02 11:29:51.486 [main] QuerySpacesImpl - Adding QuerySpace : uid = <gen:2> -> org.hibernate.loader.plan.build.internal.spaces.EntityQuerySpaceImpl@3e43f049]
[DEBUG] 2022-10-02 11:29:51.487 [main] MetamodelGraphWalker - Visiting attribute path : recipes.description
[DEBUG] 2022-10-02 11:29:51.487 [main] MetamodelGraphWalker - Visiting attribute path : recipes.notes
[DEBUG] 2022-10-02 11:29:51.487 [main] MetamodelGraphWalker - Visiting attribute path : recipes.recipeName
[DEBUG] 2022-10-02 11:29:51.487 [main] MetamodelGraphWalker - Visiting attribute path : recipes.user
[DEBUG] 2022-10-02 11:29:51.487 [main] MetamodelGraphWalker - Property path deemed to be circular : recipes.user
[DEBUG] 2022-10-02 11:29:51.487 [main] MetamodelGraphWalker - Visiting attribute path : userName
[DEBUG] 2022-10-02 11:29:51.487 [main] FetchStyleLoadPlanBuildingAssociationVisitationStrategy - Building LoadPlan...
[DEBUG] 2022-10-02 11:29:51.497 [main] LoadQueryJoinAndFetchProcessor - processing queryspace <gen:0>
[DEBUG] 2022-10-02 11:29:51.504 [main] LoadPlanTreePrinter - LoadPlan(entity=com.ericmclaughlin.entity.User)
    - Returns
       - EntityReturnImpl(entity=com.ericmclaughlin.entity.User, querySpaceUid=<gen:0>, path=com.ericmclaughlin.entity.User)
          - CollectionAttributeFetchImpl(collection=com.ericmclaughlin.entity.User.recipes, querySpaceUid=<gen:1>, path=com.ericmclaughlin.entity.User.recipes)
             - (collection element) CollectionFetchableElementEntityGraph(entity=com.ericmclaughlin.entity.Recipe, querySpaceUid=<gen:2>, path=com.ericmclaughlin.entity.User.recipes.<elements>)
    - QuerySpaces
       - EntityQuerySpaceImpl(uid=<gen:0>, entity=com.ericmclaughlin.entity.User)
          - SQL table alias mapping - user0_
          - alias suffix - 0_
          - suffixed key columns - {user_id1_1_0_}
          - JOIN (JoinDefinedByMetadata(recipes)) : <gen:0> -> <gen:1>
             - CollectionQuerySpaceImpl(uid=<gen:1>, collection=com.ericmclaughlin.entity.User.recipes)
                - SQL table alias mapping - recipes1_
                - alias suffix - 1_
                - suffixed key columns - {user_cd5_0_1_}
                - entity-element alias suffix - 2_
                - 2_entity-element suffixed key columns - recipe_i1_0_2_
                - JOIN (JoinDefinedByMetadata(elements)) : <gen:1> -> <gen:2>
                   - EntityQuerySpaceImpl(uid=<gen:2>, entity=com.ericmclaughlin.entity.Recipe)
                      - SQL table alias mapping - recipes1_
                      - alias suffix - 2_
                      - suffixed key columns - {recipe_i1_0_2_}

[DEBUG] 2022-10-02 11:29:51.506 [main] EntityLoader - Static select for entity com.ericmclaughlin.entity.User [NONE]: select user0_.user_id as user_id1_1_0_, user0_.first_name as first_na2_1_0_, user0_.last_name as last_nam3_1_0_, user0_.password as password4_1_0_, user0_.login_id as login_id5_1_0_, recipes1_.user_cd as user_cd5_0_1_, recipes1_.recipe_id as recipe_i1_0_1_, recipes1_.recipe_id as recipe_i1_0_2_, recipes1_.description as descript2_0_2_, recipes1_.notes as notes3_0_2_, recipes1_.recipe_name as recipe_n4_0_2_, recipes1_.user_cd as user_cd5_0_2_ from user user0_ left outer join recipes recipes1_ on user0_.user_id=recipes1_.user_cd where user0_.user_id=?
[DEBUG] 2022-10-02 11:29:51.506 [main] QuerySpacesImpl - Adding QuerySpace : uid = <gen:0> -> org.hibernate.loader.plan.build.internal.spaces.EntityQuerySpaceImpl@4b3a01d8]
[DEBUG] 2022-10-02 11:29:51.506 [main] MetamodelGraphWalker - Visiting attribute path : firstName
[DEBUG] 2022-10-02 11:29:51.506 [main] MetamodelGraphWalker - Visiting attribute path : lastName
[DEBUG] 2022-10-02 11:29:51.506 [main] MetamodelGraphWalker - Visiting attribute path : password
[DEBUG] 2022-10-02 11:29:51.506 [main] MetamodelGraphWalker - Visiting attribute path : recipes
[DEBUG] 2022-10-02 11:29:51.506 [main] QuerySpacesImpl - Adding QuerySpace : uid = <gen:1> -> org.hibernate.loader.plan.build.internal.spaces.CollectionQuerySpaceImpl@2f4d32bf]
[DEBUG] 2022-10-02 11:29:51.507 [main] QuerySpacesImpl - Adding QuerySpace : uid = <gen:2> -> org.hibernate.loader.plan.build.internal.spaces.EntityQuerySpaceImpl@774d8276]
[DEBUG] 2022-10-02 11:29:51.507 [main] MetamodelGraphWalker - Visiting attribute path : recipes.description
[DEBUG] 2022-10-02 11:29:51.507 [main] MetamodelGraphWalker - Visiting attribute path : recipes.notes
[DEBUG] 2022-10-02 11:29:51.507 [main] MetamodelGraphWalker - Visiting attribute path : recipes.recipeName
[DEBUG] 2022-10-02 11:29:51.507 [main] MetamodelGraphWalker - Visiting attribute path : recipes.user
[DEBUG] 2022-10-02 11:29:51.507 [main] MetamodelGraphWalker - Property path deemed to be circular : recipes.user
[DEBUG] 2022-10-02 11:29:51.507 [main] MetamodelGraphWalker - Visiting attribute path : userName
[DEBUG] 2022-10-02 11:29:51.507 [main] FetchStyleLoadPlanBuildingAssociationVisitationStrategy - Building LoadPlan...
[DEBUG] 2022-10-02 11:29:51.507 [main] LoadQueryJoinAndFetchProcessor - processing queryspace <gen:0>
[DEBUG] 2022-10-02 11:29:51.508 [main] LoadPlanTreePrinter - LoadPlan(entity=com.ericmclaughlin.entity.User)
    - Returns
       - EntityReturnImpl(entity=com.ericmclaughlin.entity.User, querySpaceUid=<gen:0>, path=com.ericmclaughlin.entity.User)
          - CollectionAttributeFetchImpl(collection=com.ericmclaughlin.entity.User.recipes, querySpaceUid=<gen:1>, path=com.ericmclaughlin.entity.User.recipes)
             - (collection element) CollectionFetchableElementEntityGraph(entity=com.ericmclaughlin.entity.Recipe, querySpaceUid=<gen:2>, path=com.ericmclaughlin.entity.User.recipes.<elements>)
    - QuerySpaces
       - EntityQuerySpaceImpl(uid=<gen:0>, entity=com.ericmclaughlin.entity.User)
          - SQL table alias mapping - user0_
          - alias suffix - 0_
          - suffixed key columns - {user_id1_1_0_}
          - JOIN (JoinDefinedByMetadata(recipes)) : <gen:0> -> <gen:1>
             - CollectionQuerySpaceImpl(uid=<gen:1>, collection=com.ericmclaughlin.entity.User.recipes)
                - SQL table alias mapping - recipes1_
                - alias suffix - 1_
                - suffixed key columns - {user_cd5_0_1_}
                - entity-element alias suffix - 2_
                - 2_entity-element suffixed key columns - recipe_i1_0_2_
                - JOIN (JoinDefinedByMetadata(elements)) : <gen:1> -> <gen:2>
                   - EntityQuerySpaceImpl(uid=<gen:2>, entity=com.ericmclaughlin.entity.Recipe)
                      - SQL table alias mapping - recipes1_
                      - alias suffix - 2_
                      - suffixed key columns - {recipe_i1_0_2_}

[DEBUG] 2022-10-02 11:29:51.508 [main] EntityLoader - Static select for entity com.ericmclaughlin.entity.User [READ]: select user0_.user_id as user_id1_1_0_, user0_.first_name as first_na2_1_0_, user0_.last_name as last_nam3_1_0_, user0_.password as password4_1_0_, user0_.login_id as login_id5_1_0_, recipes1_.user_cd as user_cd5_0_1_, recipes1_.recipe_id as recipe_i1_0_1_, recipes1_.recipe_id as recipe_i1_0_2_, recipes1_.description as descript2_0_2_, recipes1_.notes as notes3_0_2_, recipes1_.recipe_name as recipe_n4_0_2_, recipes1_.user_cd as user_cd5_0_2_ from user user0_ left outer join recipes recipes1_ on user0_.user_id=recipes1_.user_cd where user0_.user_id=?
[DEBUG] 2022-10-02 11:29:51.519 [main] Loader - Static select for action ACTION_MERGE on entity com.ericmclaughlin.entity.User: select user0_.user_id as user_id1_1_1_, user0_.first_name as first_na2_1_1_, user0_.last_name as last_nam3_1_1_, user0_.password as password4_1_1_, user0_.login_id as login_id5_1_1_, recipes1_.user_cd as user_cd5_0_3_, recipes1_.recipe_id as recipe_i1_0_3_, recipes1_.recipe_id as recipe_i1_0_0_, recipes1_.description as descript2_0_0_, recipes1_.notes as notes3_0_0_, recipes1_.recipe_name as recipe_n4_0_0_, recipes1_.user_cd as user_cd5_0_0_ from user user0_ left outer join recipes recipes1_ on user0_.user_id=recipes1_.user_cd where user0_.user_id=?
[DEBUG] 2022-10-02 11:29:51.519 [main] Loader - Static select for action ACTION_REFRESH on entity com.ericmclaughlin.entity.User: select user0_.user_id as user_id1_1_1_, user0_.first_name as first_na2_1_1_, user0_.last_name as last_nam3_1_1_, user0_.password as password4_1_1_, user0_.login_id as login_id5_1_1_, recipes1_.user_cd as user_cd5_0_3_, recipes1_.recipe_id as recipe_i1_0_3_, recipes1_.recipe_id as recipe_i1_0_0_, recipes1_.description as descript2_0_0_, recipes1_.notes as notes3_0_0_, recipes1_.recipe_name as recipe_n4_0_0_, recipes1_.user_cd as user_cd5_0_0_ from user user0_ left outer join recipes recipes1_ on user0_.user_id=recipes1_.user_cd where user0_.user_id=?
[DEBUG] 2022-10-02 11:29:51.521 [main] AbstractEntityPersister - Static SQL for entity: com.ericmclaughlin.entity.Recipe
[DEBUG] 2022-10-02 11:29:51.521 [main] AbstractEntityPersister -  Version select: select recipe_id from recipes where recipe_id =?
[DEBUG] 2022-10-02 11:29:51.521 [main] AbstractEntityPersister -  Snapshot select: select recipe_.recipe_id, recipe_.description as descript2_0_, recipe_.notes as notes3_0_, recipe_.recipe_name as recipe_n4_0_, recipe_.user_cd as user_cd5_0_ from recipes recipe_ where recipe_.recipe_id=?
[DEBUG] 2022-10-02 11:29:51.521 [main] AbstractEntityPersister -  Insert 0: insert into recipes (description, notes, recipe_name, user_cd, recipe_id) values (?, ?, ?, ?, ?)
[DEBUG] 2022-10-02 11:29:51.521 [main] AbstractEntityPersister -  Update 0: update recipes set description=?, notes=?, recipe_name=?, user_cd=? where recipe_id=?
[DEBUG] 2022-10-02 11:29:51.521 [main] AbstractEntityPersister -  Delete 0: delete from recipes where recipe_id=?
[DEBUG] 2022-10-02 11:29:51.521 [main] AbstractEntityPersister -  Identity insert: insert into recipes (description, notes, recipe_name, user_cd) values (?, ?, ?, ?)
[DEBUG] 2022-10-02 11:29:51.521 [main] QuerySpacesImpl - Adding QuerySpace : uid = <gen:0> -> org.hibernate.loader.plan.build.internal.spaces.EntityQuerySpaceImpl@7eaa2bc6]
[DEBUG] 2022-10-02 11:29:51.522 [main] MetamodelGraphWalker - Visiting attribute path : description
[DEBUG] 2022-10-02 11:29:51.522 [main] MetamodelGraphWalker - Visiting attribute path : notes
[DEBUG] 2022-10-02 11:29:51.522 [main] MetamodelGraphWalker - Visiting attribute path : recipeName
[DEBUG] 2022-10-02 11:29:51.522 [main] MetamodelGraphWalker - Visiting attribute path : user
[DEBUG] 2022-10-02 11:29:51.522 [main] QuerySpacesImpl - Adding QuerySpace : uid = <gen:1> -> org.hibernate.loader.plan.build.internal.spaces.EntityQuerySpaceImpl@4d81e83a]
[DEBUG] 2022-10-02 11:29:51.522 [main] MetamodelGraphWalker - Visiting attribute path : user.firstName
[DEBUG] 2022-10-02 11:29:51.522 [main] MetamodelGraphWalker - Visiting attribute path : user.lastName
[DEBUG] 2022-10-02 11:29:51.523 [main] MetamodelGraphWalker - Visiting attribute path : user.password
[DEBUG] 2022-10-02 11:29:51.523 [main] MetamodelGraphWalker - Visiting attribute path : user.recipes
[DEBUG] 2022-10-02 11:29:51.523 [main] MetamodelGraphWalker - Property path deemed to be circular : user.recipes
[DEBUG] 2022-10-02 11:29:51.523 [main] MetamodelGraphWalker - Visiting attribute path : user.userName
[DEBUG] 2022-10-02 11:29:51.523 [main] FetchStyleLoadPlanBuildingAssociationVisitationStrategy - Building LoadPlan...
[DEBUG] 2022-10-02 11:29:51.523 [main] LoadQueryJoinAndFetchProcessor - processing queryspace <gen:0>
[DEBUG] 2022-10-02 11:29:51.524 [main] LoadPlanTreePrinter - LoadPlan(entity=com.ericmclaughlin.entity.Recipe)
    - Returns
       - EntityReturnImpl(entity=com.ericmclaughlin.entity.Recipe, querySpaceUid=<gen:0>, path=com.ericmclaughlin.entity.Recipe)
          - EntityAttributeFetchImpl(entity=com.ericmclaughlin.entity.User, querySpaceUid=<gen:1>, path=com.ericmclaughlin.entity.Recipe.user)
    - QuerySpaces
       - EntityQuerySpaceImpl(uid=<gen:0>, entity=com.ericmclaughlin.entity.Recipe)
          - SQL table alias mapping - recipe0_
          - alias suffix - 0_
          - suffixed key columns - {recipe_i1_0_0_}
          - JOIN (JoinDefinedByMetadata(user)) : <gen:0> -> <gen:1>
             - EntityQuerySpaceImpl(uid=<gen:1>, entity=com.ericmclaughlin.entity.User)
                - SQL table alias mapping - user1_
                - alias suffix - 1_
                - suffixed key columns - {user_id1_1_1_}

[DEBUG] 2022-10-02 11:29:51.524 [main] EntityLoader - Static select for entity com.ericmclaughlin.entity.Recipe [NONE]: select recipe0_.recipe_id as recipe_i1_0_0_, recipe0_.description as descript2_0_0_, recipe0_.notes as notes3_0_0_, recipe0_.recipe_name as recipe_n4_0_0_, recipe0_.user_cd as user_cd5_0_0_, user1_.user_id as user_id1_1_1_, user1_.first_name as first_na2_1_1_, user1_.last_name as last_nam3_1_1_, user1_.password as password4_1_1_, user1_.login_id as login_id5_1_1_ from recipes recipe0_ left outer join user user1_ on recipe0_.user_cd=user1_.user_id where recipe0_.recipe_id=?
[DEBUG] 2022-10-02 11:29:51.524 [main] QuerySpacesImpl - Adding QuerySpace : uid = <gen:0> -> org.hibernate.loader.plan.build.internal.spaces.EntityQuerySpaceImpl@50cbcca7]
[DEBUG] 2022-10-02 11:29:51.524 [main] MetamodelGraphWalker - Visiting attribute path : description
[DEBUG] 2022-10-02 11:29:51.524 [main] MetamodelGraphWalker - Visiting attribute path : notes
[DEBUG] 2022-10-02 11:29:51.524 [main] MetamodelGraphWalker - Visiting attribute path : recipeName
[DEBUG] 2022-10-02 11:29:51.524 [main] MetamodelGraphWalker - Visiting attribute path : user
[DEBUG] 2022-10-02 11:29:51.524 [main] QuerySpacesImpl - Adding QuerySpace : uid = <gen:1> -> org.hibernate.loader.plan.build.internal.spaces.EntityQuerySpaceImpl@5bec3e0]
[DEBUG] 2022-10-02 11:29:51.524 [main] MetamodelGraphWalker - Visiting attribute path : user.firstName
[DEBUG] 2022-10-02 11:29:51.524 [main] MetamodelGraphWalker - Visiting attribute path : user.lastName
[DEBUG] 2022-10-02 11:29:51.524 [main] MetamodelGraphWalker - Visiting attribute path : user.password
[DEBUG] 2022-10-02 11:29:51.525 [main] MetamodelGraphWalker - Visiting attribute path : user.recipes
[DEBUG] 2022-10-02 11:29:51.525 [main] MetamodelGraphWalker - Property path deemed to be circular : user.recipes
[DEBUG] 2022-10-02 11:29:51.525 [main] MetamodelGraphWalker - Visiting attribute path : user.userName
[DEBUG] 2022-10-02 11:29:51.525 [main] FetchStyleLoadPlanBuildingAssociationVisitationStrategy - Building LoadPlan...
[DEBUG] 2022-10-02 11:29:51.525 [main] LoadQueryJoinAndFetchProcessor - processing queryspace <gen:0>
[DEBUG] 2022-10-02 11:29:51.525 [main] LoadPlanTreePrinter - LoadPlan(entity=com.ericmclaughlin.entity.Recipe)
    - Returns
       - EntityReturnImpl(entity=com.ericmclaughlin.entity.Recipe, querySpaceUid=<gen:0>, path=com.ericmclaughlin.entity.Recipe)
          - EntityAttributeFetchImpl(entity=com.ericmclaughlin.entity.User, querySpaceUid=<gen:1>, path=com.ericmclaughlin.entity.Recipe.user)
    - QuerySpaces
       - EntityQuerySpaceImpl(uid=<gen:0>, entity=com.ericmclaughlin.entity.Recipe)
          - SQL table alias mapping - recipe0_
          - alias suffix - 0_
          - suffixed key columns - {recipe_i1_0_0_}
          - JOIN (JoinDefinedByMetadata(user)) : <gen:0> -> <gen:1>
             - EntityQuerySpaceImpl(uid=<gen:1>, entity=com.ericmclaughlin.entity.User)
                - SQL table alias mapping - user1_
                - alias suffix - 1_
                - suffixed key columns - {user_id1_1_1_}

[DEBUG] 2022-10-02 11:29:51.525 [main] EntityLoader - Static select for entity com.ericmclaughlin.entity.Recipe [READ]: select recipe0_.recipe_id as recipe_i1_0_0_, recipe0_.description as descript2_0_0_, recipe0_.notes as notes3_0_0_, recipe0_.recipe_name as recipe_n4_0_0_, recipe0_.user_cd as user_cd5_0_0_, user1_.user_id as user_id1_1_1_, user1_.first_name as first_na2_1_1_, user1_.last_name as last_nam3_1_1_, user1_.password as password4_1_1_, user1_.login_id as login_id5_1_1_ from recipes recipe0_ left outer join user user1_ on recipe0_.user_cd=user1_.user_id where recipe0_.recipe_id=?
[DEBUG] 2022-10-02 11:29:51.526 [main] Loader - Static select for action ACTION_MERGE on entity com.ericmclaughlin.entity.Recipe: select recipe0_.recipe_id as recipe_i1_0_0_, recipe0_.description as descript2_0_0_, recipe0_.notes as notes3_0_0_, recipe0_.recipe_name as recipe_n4_0_0_, recipe0_.user_cd as user_cd5_0_0_ from recipes recipe0_ where recipe0_.recipe_id=?
[DEBUG] 2022-10-02 11:29:51.526 [main] Loader - Static select for action ACTION_REFRESH on entity com.ericmclaughlin.entity.Recipe: select recipe0_.recipe_id as recipe_i1_0_0_, recipe0_.description as descript2_0_0_, recipe0_.notes as notes3_0_0_, recipe0_.recipe_name as recipe_n4_0_0_, recipe0_.user_cd as user_cd5_0_0_ from recipes recipe0_ where recipe0_.recipe_id=?
[DEBUG] 2022-10-02 11:29:51.529 [main] QuerySpacesImpl - Adding QuerySpace : uid = <gen:0> -> org.hibernate.loader.plan.build.internal.spaces.CollectionQuerySpaceImpl@2c47a053]
[DEBUG] 2022-10-02 11:29:51.529 [main] QuerySpacesImpl - Adding QuerySpace : uid = <gen:1> -> org.hibernate.loader.plan.build.internal.spaces.EntityQuerySpaceImpl@5d2a86c0]
[DEBUG] 2022-10-02 11:29:51.530 [main] MetamodelGraphWalker - Visiting attribute path : description
[DEBUG] 2022-10-02 11:29:51.530 [main] MetamodelGraphWalker - Visiting attribute path : notes
[DEBUG] 2022-10-02 11:29:51.530 [main] MetamodelGraphWalker - Visiting attribute path : recipeName
[DEBUG] 2022-10-02 11:29:51.530 [main] MetamodelGraphWalker - Visiting attribute path : user
[DEBUG] 2022-10-02 11:29:51.530 [main] MetamodelGraphWalker - Property path deemed to be circular : user
[DEBUG] 2022-10-02 11:29:51.530 [main] FetchStyleLoadPlanBuildingAssociationVisitationStrategy - Building LoadPlan...
[DEBUG] 2022-10-02 11:29:51.531 [main] LoadQueryJoinAndFetchProcessor - processing queryspace <gen:0>
[DEBUG] 2022-10-02 11:29:51.533 [main] LoadPlanTreePrinter - LoadPlan(collection=com.ericmclaughlin.entity.User.recipes)
    - Returns
       - CollectionReturnImpl(collection=com.ericmclaughlin.entity.User.recipes, querySpaceUid=<gen:0>, path=[com.ericmclaughlin.entity.User.recipes])
          - (collection element) CollectionFetchableElementEntityGraph(entity=com.ericmclaughlin.entity.Recipe, querySpaceUid=<gen:1>, path=[com.ericmclaughlin.entity.User.recipes].<elements>)
    - QuerySpaces
       - CollectionQuerySpaceImpl(uid=<gen:0>, collection=com.ericmclaughlin.entity.User.recipes)
          - SQL table alias mapping - recipes0_
          - alias suffix - 0_
          - suffixed key columns - {user_cd5_0_0_}
          - entity-element alias suffix - 1_
          - 1_entity-element suffixed key columns - recipe_i1_0_1_
          - JOIN (JoinDefinedByMetadata(elements)) : <gen:0> -> <gen:1>
             - EntityQuerySpaceImpl(uid=<gen:1>, entity=com.ericmclaughlin.entity.Recipe)
                - SQL table alias mapping - recipes0_
                - alias suffix - 1_
                - suffixed key columns - {recipe_i1_0_1_}

[DEBUG] 2022-10-02 11:29:51.533 [main] CollectionLoader - Static select for collection com.ericmclaughlin.entity.User.recipes: select recipes0_.user_cd as user_cd5_0_0_, recipes0_.recipe_id as recipe_i1_0_0_, recipes0_.recipe_id as recipe_i1_0_1_, recipes0_.description as descript2_0_1_, recipes0_.notes as notes3_0_1_, recipes0_.recipe_name as recipe_n4_0_1_, recipes0_.user_cd as user_cd5_0_1_ from recipes recipes0_ where recipes0_.user_cd=?
[DEBUG] 2022-10-02 11:29:51.563 [main] SchemaManagementToolCoordinator - No actions specified; doing nothing
[DEBUG] 2022-10-02 11:29:51.563 [main] JtaPlatformInitiator - No JtaPlatform was specified, checking resolver
[DEBUG] 2022-10-02 11:29:51.563 [main] JtaPlatformResolverInitiator - No JtaPlatformResolver was specified, using default [org.hibernate.engine.transaction.jta.platform.internal.StandardJtaPlatformResolver]
[DEBUG] 2022-10-02 11:29:51.568 [main] StandardJtaPlatformResolver - Could not resolve JtaPlatform, using default [org.hibernate.engine.transaction.jta.platform.internal.NoJtaPlatform]
[INFO ] 2022-10-02 11:29:51.568 [main] JtaPlatformInitiator - HHH000490: Using JtaPlatform implementation: [org.hibernate.engine.transaction.jta.platform.internal.NoJtaPlatform]
[DEBUG] 2022-10-02 11:29:51.569 [main] NamedQueryRepository - Checking 0 named HQL queries
[DEBUG] 2022-10-02 11:29:51.569 [main] NamedQueryRepository - Checking 0 named SQL queries
[DEBUG] 2022-10-02 11:29:51.570 [main] SessionFactoryRegistry - Initializing SessionFactoryRegistry : org.hibernate.internal.SessionFactoryRegistry@a056b26
[DEBUG] 2022-10-02 11:29:51.571 [main] SessionFactoryRegistry - Registering SessionFactory: 7588c839-2d83-4777-8893-f94728987fcf (<unnamed>)
[DEBUG] 2022-10-02 11:29:51.571 [main] SessionFactoryRegistry - Not binding SessionFactory to JNDI, no JNDI name configured
[DEBUG] 2022-10-02 11:29:51.649 [main] StatisticsInitiator - Statistics initialized [enabled=false]
[DEBUG] 2022-10-02 11:29:51.668 [main] SQL - select recipe0_.recipe_id as recipe_i1_0_0_, recipe0_.description as descript2_0_0_, recipe0_.notes as notes3_0_0_, recipe0_.recipe_name as recipe_n4_0_0_, recipe0_.user_cd as user_cd5_0_0_, user1_.user_id as user_id1_1_1_, user1_.first_name as first_na2_1_1_, user1_.last_name as last_nam3_1_1_, user1_.password as password4_1_1_, user1_.login_id as login_id5_1_1_ from recipes recipe0_ left outer join user user1_ on recipe0_.user_cd=user1_.user_id where recipe0_.recipe_id=?
[DEBUG] 2022-10-02 11:29:51.688 [main] ResultSetProcessorImpl - Starting ResultSet row #0
[DEBUG] 2022-10-02 11:29:51.689 [main] EntityReferenceInitializerImpl - On call to EntityIdentifierReaderImpl#resolve, EntityKey was already known; should only happen on root returns with an optional identifier specified
[DEBUG] 2022-10-02 11:29:51.696 [main] TwoPhaseLoad - Resolving attributes for [com.ericmclaughlin.entity.Recipe#2]
[DEBUG] 2022-10-02 11:29:51.696 [main] TwoPhaseLoad - Processing attribute `description` : value = null
[DEBUG] 2022-10-02 11:29:51.696 [main] TwoPhaseLoad - Attribute (`description`)  - enhanced for lazy-loading? - false
[DEBUG] 2022-10-02 11:29:51.697 [main] TwoPhaseLoad - Processing attribute `notes` : value = null
[DEBUG] 2022-10-02 11:29:51.697 [main] TwoPhaseLoad - Attribute (`notes`)  - enhanced for lazy-loading? - false
[DEBUG] 2022-10-02 11:29:51.697 [main] TwoPhaseLoad - Processing attribute `recipeName` : value = Meatloaf
[DEBUG] 2022-10-02 11:29:51.697 [main] TwoPhaseLoad - Attribute (`recipeName`)  - enhanced for lazy-loading? - false
[DEBUG] 2022-10-02 11:29:51.697 [main] TwoPhaseLoad - Processing attribute `user` : value = 2
[DEBUG] 2022-10-02 11:29:51.697 [main] TwoPhaseLoad - Attribute (`user`)  - enhanced for lazy-loading? - false
[DEBUG] 2022-10-02 11:29:51.698 [main] TwoPhaseLoad - Done materializing entity [com.ericmclaughlin.entity.Recipe#2]
[DEBUG] 2022-10-02 11:29:51.698 [main] TwoPhaseLoad - Resolving attributes for [com.ericmclaughlin.entity.User#2]
[DEBUG] 2022-10-02 11:29:51.698 [main] TwoPhaseLoad - Processing attribute `firstName` : value = Peggy
[DEBUG] 2022-10-02 11:29:51.698 [main] TwoPhaseLoad - Attribute (`firstName`)  - enhanced for lazy-loading? - false
[DEBUG] 2022-10-02 11:29:51.698 [main] TwoPhaseLoad - Processing attribute `lastName` : value = Curbs
[DEBUG] 2022-10-02 11:29:51.698 [main] TwoPhaseLoad - Attribute (`lastName`)  - enhanced for lazy-loading? - false
[DEBUG] 2022-10-02 11:29:51.698 [main] TwoPhaseLoad - Processing attribute `password` : value = CurbsP
[DEBUG] 2022-10-02 11:29:51.698 [main] TwoPhaseLoad - Attribute (`password`)  - enhanced for lazy-loading? - false
[DEBUG] 2022-10-02 11:29:51.698 [main] TwoPhaseLoad - Processing attribute `recipes` : value = NOT NULL COLLECTION
[DEBUG] 2022-10-02 11:29:51.698 [main] TwoPhaseLoad - Attribute (`recipes`)  - enhanced for lazy-loading? - false
[DEBUG] 2022-10-02 11:29:51.703 [main] TwoPhaseLoad - Processing attribute `userName` : value = CurbsP
[DEBUG] 2022-10-02 11:29:51.703 [main] TwoPhaseLoad - Attribute (`userName`)  - enhanced for lazy-loading? - false
[DEBUG] 2022-10-02 11:29:51.703 [main] TwoPhaseLoad - Done materializing entity [com.ericmclaughlin.entity.User#2]
[DEBUG] 2022-10-02 11:29:51.703 [main] ResourceRegistryStandardImpl - HHH000387: ResultSet's statement was not registered
[DEBUG] 2022-10-02 11:29:51.704 [main] AbstractLoadPlanBasedCollectionInitializer - Loading collection: [com.ericmclaughlin.entity.User.recipes#2]
[DEBUG] 2022-10-02 11:29:51.704 [main] SQL - select recipes0_.user_cd as user_cd5_0_0_, recipes0_.recipe_id as recipe_i1_0_0_, recipes0_.recipe_id as recipe_i1_0_1_, recipes0_.description as descript2_0_1_, recipes0_.notes as notes3_0_1_, recipes0_.recipe_name as recipe_n4_0_1_, recipes0_.user_cd as user_cd5_0_1_ from recipes recipes0_ where recipes0_.user_cd=?
[DEBUG] 2022-10-02 11:29:51.706 [main] ResultSetProcessorImpl - Preparing collection initializer : [com.ericmclaughlin.entity.User.recipes#2]
[DEBUG] 2022-10-02 11:29:51.708 [main] ResultSetProcessorImpl - Starting ResultSet row #0
[DEBUG] 2022-10-02 11:29:51.708 [main] CollectionReferenceInitializerImpl - Found row of collection: [com.ericmclaughlin.entity.User.recipes#2]
[DEBUG] 2022-10-02 11:29:51.709 [main] CollectionLoadContext - 1 collections were found in result set for role: com.ericmclaughlin.entity.User.recipes
[DEBUG] 2022-10-02 11:29:51.709 [main] CollectionLoadContext - Collection fully initialized: [com.ericmclaughlin.entity.User.recipes#2]
[DEBUG] 2022-10-02 11:29:51.709 [main] CollectionLoadContext - 1 collections initialized for role: com.ericmclaughlin.entity.User.recipes
[DEBUG] 2022-10-02 11:29:51.709 [main] ResourceRegistryStandardImpl - HHH000387: ResultSet's statement was not registered
[DEBUG] 2022-10-02 11:29:51.709 [main] AbstractLoadPlanBasedCollectionInitializer - Done loading collection
[DEBUG] 2022-10-02 11:29:51.709 [main] AbstractLoadPlanBasedEntityLoader - Done entity load : com.ericmclaughlin.entity.Recipe#2
[DEBUG] 2022-10-02 11:29:51.709 [main] LogicalConnectionManagedImpl - Initiating JDBC connection release from afterTransaction
[DEBUG] 2022-10-02 11:29:51.713 [main] TransactionImpl - On TransactionImpl creation, JpaCompliance#isJpaTransactionComplianceEnabled == false
[DEBUG] 2022-10-02 11:29:51.714 [main] TransactionImpl - begin
[DEBUG] 2022-10-02 11:29:51.719 [main] TransactionImpl - committing
[DEBUG] 2022-10-02 11:29:51.719 [main] AbstractFlushingEventListener - Processing flush-time cascades
[DEBUG] 2022-10-02 11:29:51.719 [main] AbstractFlushingEventListener - Dirty checking collections
[DEBUG] 2022-10-02 11:29:51.723 [main] AbstractFlushingEventListener - Flushed: 0 insertions, 1 updates, 0 deletions to 1 objects
[DEBUG] 2022-10-02 11:29:51.723 [main] AbstractFlushingEventListener - Flushed: 0 (re)creations, 0 updates, 0 removals to 0 collections
[DEBUG] 2022-10-02 11:29:51.723 [main] EntityPrinter - Listing entities:
[DEBUG] 2022-10-02 11:29:51.724 [main] EntityPrinter - com.ericmclaughlin.entity.Recipe{recipeName=Grandma's Meatloaf, notes=null, description=null, user=com.ericmclaughlin.entity.User#2, recipeId=2}
[DEBUG] 2022-10-02 11:29:51.725 [main] SQL - update recipes set description=?, notes=?, recipe_name=?, user_cd=? where recipe_id=?
[DEBUG] 2022-10-02 11:29:51.731 [main] LogicalConnectionManagedImpl - Initiating JDBC connection release from afterTransaction
[DEBUG] 2022-10-02 11:29:51.732 [main] LogicalConnectionManagedImpl - Initiating JDBC connection release from afterTransaction
[DEBUG] 2022-10-02 11:29:51.732 [main] SQL - select recipe0_.recipe_id as recipe_i1_0_0_, recipe0_.description as descript2_0_0_, recipe0_.notes as notes3_0_0_, recipe0_.recipe_name as recipe_n4_0_0_, recipe0_.user_cd as user_cd5_0_0_, user1_.user_id as user_id1_1_1_, user1_.first_name as first_na2_1_1_, user1_.last_name as last_nam3_1_1_, user1_.password as password4_1_1_, user1_.login_id as login_id5_1_1_ from recipes recipe0_ left outer join user user1_ on recipe0_.user_cd=user1_.user_id where recipe0_.recipe_id=?
[DEBUG] 2022-10-02 11:29:51.735 [main] ResultSetProcessorImpl - Starting ResultSet row #0
[DEBUG] 2022-10-02 11:29:51.735 [main] EntityReferenceInitializerImpl - On call to EntityIdentifierReaderImpl#resolve, EntityKey was already known; should only happen on root returns with an optional identifier specified
[DEBUG] 2022-10-02 11:29:51.736 [main] TwoPhaseLoad - Resolving attributes for [com.ericmclaughlin.entity.Recipe#2]
[DEBUG] 2022-10-02 11:29:51.736 [main] TwoPhaseLoad - Processing attribute `description` : value = null
[DEBUG] 2022-10-02 11:29:51.736 [main] TwoPhaseLoad - Attribute (`description`)  - enhanced for lazy-loading? - false
[DEBUG] 2022-10-02 11:29:51.736 [main] TwoPhaseLoad - Processing attribute `notes` : value = null
[DEBUG] 2022-10-02 11:29:51.736 [main] TwoPhaseLoad - Attribute (`notes`)  - enhanced for lazy-loading? - false
[DEBUG] 2022-10-02 11:29:51.736 [main] TwoPhaseLoad - Processing attribute `recipeName` : value = Grandma's Meatloaf
[DEBUG] 2022-10-02 11:29:51.736 [main] TwoPhaseLoad - Attribute (`recipeName`)  - enhanced for lazy-loading? - false
[DEBUG] 2022-10-02 11:29:51.736 [main] TwoPhaseLoad - Processing attribute `user` : value = 2
[DEBUG] 2022-10-02 11:29:51.736 [main] TwoPhaseLoad - Attribute (`user`)  - enhanced for lazy-loading? - false
[DEBUG] 2022-10-02 11:29:51.737 [main] TwoPhaseLoad - Done materializing entity [com.ericmclaughlin.entity.Recipe#2]
[DEBUG] 2022-10-02 11:29:51.737 [main] TwoPhaseLoad - Resolving attributes for [com.ericmclaughlin.entity.User#2]
[DEBUG] 2022-10-02 11:29:51.737 [main] TwoPhaseLoad - Processing attribute `firstName` : value = Peggy
[DEBUG] 2022-10-02 11:29:51.737 [main] TwoPhaseLoad - Attribute (`firstName`)  - enhanced for lazy-loading? - false
[DEBUG] 2022-10-02 11:29:51.737 [main] TwoPhaseLoad - Processing attribute `lastName` : value = Curbs
[DEBUG] 2022-10-02 11:29:51.737 [main] TwoPhaseLoad - Attribute (`lastName`)  - enhanced for lazy-loading? - false
[DEBUG] 2022-10-02 11:29:51.737 [main] TwoPhaseLoad - Processing attribute `password` : value = CurbsP
[DEBUG] 2022-10-02 11:29:51.737 [main] TwoPhaseLoad - Attribute (`password`)  - enhanced for lazy-loading? - false
[DEBUG] 2022-10-02 11:29:51.737 [main] TwoPhaseLoad - Processing attribute `recipes` : value = NOT NULL COLLECTION
[DEBUG] 2022-10-02 11:29:51.737 [main] TwoPhaseLoad - Attribute (`recipes`)  - enhanced for lazy-loading? - false
[DEBUG] 2022-10-02 11:29:51.737 [main] TwoPhaseLoad - Processing attribute `userName` : value = CurbsP
[DEBUG] 2022-10-02 11:29:51.737 [main] TwoPhaseLoad - Attribute (`userName`)  - enhanced for lazy-loading? - false
[DEBUG] 2022-10-02 11:29:51.737 [main] TwoPhaseLoad - Done materializing entity [com.ericmclaughlin.entity.User#2]
[DEBUG] 2022-10-02 11:29:51.737 [main] ResourceRegistryStandardImpl - HHH000387: ResultSet's statement was not registered
[DEBUG] 2022-10-02 11:29:51.738 [main] AbstractLoadPlanBasedCollectionInitializer - Loading collection: [com.ericmclaughlin.entity.User.recipes#2]
[DEBUG] 2022-10-02 11:29:51.738 [main] SQL - select recipes0_.user_cd as user_cd5_0_0_, recipes0_.recipe_id as recipe_i1_0_0_, recipes0_.recipe_id as recipe_i1_0_1_, recipes0_.description as descript2_0_1_, recipes0_.notes as notes3_0_1_, recipes0_.recipe_name as recipe_n4_0_1_, recipes0_.user_cd as user_cd5_0_1_ from recipes recipes0_ where recipes0_.user_cd=?
[DEBUG] 2022-10-02 11:29:51.739 [main] ResultSetProcessorImpl - Preparing collection initializer : [com.ericmclaughlin.entity.User.recipes#2]
[DEBUG] 2022-10-02 11:29:51.739 [main] ResultSetProcessorImpl - Starting ResultSet row #0
[DEBUG] 2022-10-02 11:29:51.739 [main] CollectionReferenceInitializerImpl - Found row of collection: [com.ericmclaughlin.entity.User.recipes#2]
[DEBUG] 2022-10-02 11:29:51.740 [main] CollectionLoadContext - 1 collections were found in result set for role: com.ericmclaughlin.entity.User.recipes
[DEBUG] 2022-10-02 11:29:51.740 [main] CollectionLoadContext - Collection fully initialized: [com.ericmclaughlin.entity.User.recipes#2]
[DEBUG] 2022-10-02 11:29:51.740 [main] CollectionLoadContext - 1 collections initialized for role: com.ericmclaughlin.entity.User.recipes
[DEBUG] 2022-10-02 11:29:51.740 [main] ResourceRegistryStandardImpl - HHH000387: ResultSet's statement was not registered
[DEBUG] 2022-10-02 11:29:51.740 [main] AbstractLoadPlanBasedCollectionInitializer - Done loading collection
[DEBUG] 2022-10-02 11:29:51.740 [main] AbstractLoadPlanBasedEntityLoader - Done entity load : com.ericmclaughlin.entity.Recipe#2
[DEBUG] 2022-10-02 11:29:51.740 [main] LogicalConnectionManagedImpl - Initiating JDBC connection release from afterTransaction
