[DEBUG] 2022-09-29 15:05:51.660 [http-nio-8080-exec-4] IntegratorServiceImpl - Adding Integrator [org.hibernate.cfg.beanvalidation.BeanValidationIntegrator].
[DEBUG] 2022-09-29 15:05:51.671 [http-nio-8080-exec-4] IntegratorServiceImpl - Adding Integrator [org.hibernate.secure.spi.JaccIntegrator].
[DEBUG] 2022-09-29 15:05:51.675 [http-nio-8080-exec-4] IntegratorServiceImpl - Adding Integrator [org.hibernate.cache.internal.CollectionCacheInvalidator].
[INFO ] 2022-09-29 15:05:51.775 [http-nio-8080-exec-4] Version - HHH000412: Hibernate Core {5.4.4.Final}
[DEBUG] 2022-09-29 15:05:51.777 [http-nio-8080-exec-4] Environment - HHH000206: hibernate.properties not found
[DEBUG] 2022-09-29 15:05:51.956 [http-nio-8080-exec-4] LocalXmlResourceResolver - Interpreting public/system identifier : [-//Hibernate/Hibernate Configuration DTD//EN] - [http://www.hibernate.org/dtd/hibernate-configuration-3.0.dtd]
[DEBUG] 2022-09-29 15:05:51.957 [http-nio-8080-exec-4] LocalXmlResourceResolver - Recognized hibernate-configuration identifier; attempting to resolve on classpath under org/hibernate/
[DEBUG] 2022-09-29 15:05:51.959 [http-nio-8080-exec-4] JaxbCfgProcessor - cfg.xml document did not define namespaces; wrapping in custom event reader to introduce namespace information
[DEBUG] 2022-09-29 15:05:52.343 [http-nio-8080-exec-4] ServiceBinding - Overriding existing service binding [org.hibernate.secure.spi.JaccService]
[DEBUG] 2022-09-29 15:05:52.367 [http-nio-8080-exec-4] RegionFactoryInitiator - Cannot default RegionFactory based on registered strategies as `[]` RegionFactory strategies were registered
[DEBUG] 2022-09-29 15:05:52.368 [http-nio-8080-exec-4] RegionFactoryInitiator - Cache region factory : org.hibernate.cache.internal.NoCachingRegionFactory
[INFO ] 2022-09-29 15:05:52.392 [http-nio-8080-exec-4] Version - HCANN000001: Hibernate Commons Annotations {5.1.0.Final}
[DEBUG] 2022-09-29 15:05:52.430 [http-nio-8080-exec-4] BasicTypeRegistry - Adding type registration boolean -> org.hibernate.type.BooleanType@7212a8a8
[DEBUG] 2022-09-29 15:05:52.430 [http-nio-8080-exec-4] BasicTypeRegistry - Adding type registration boolean -> org.hibernate.type.BooleanType@7212a8a8
[DEBUG] 2022-09-29 15:05:52.430 [http-nio-8080-exec-4] BasicTypeRegistry - Adding type registration java.lang.Boolean -> org.hibernate.type.BooleanType@7212a8a8
[DEBUG] 2022-09-29 15:05:52.430 [http-nio-8080-exec-4] BasicTypeRegistry - Adding type registration numeric_boolean -> org.hibernate.type.NumericBooleanType@439ca00a
[DEBUG] 2022-09-29 15:05:52.431 [http-nio-8080-exec-4] BasicTypeRegistry - Adding type registration true_false -> org.hibernate.type.TrueFalseType@682c1c52
[DEBUG] 2022-09-29 15:05:52.431 [http-nio-8080-exec-4] BasicTypeRegistry - Adding type registration yes_no -> org.hibernate.type.YesNoType@69c09d16
[DEBUG] 2022-09-29 15:05:52.432 [http-nio-8080-exec-4] BasicTypeRegistry - Adding type registration byte -> org.hibernate.type.ByteType@4cecc49f
[DEBUG] 2022-09-29 15:05:52.432 [http-nio-8080-exec-4] BasicTypeRegistry - Adding type registration byte -> org.hibernate.type.ByteType@4cecc49f
[DEBUG] 2022-09-29 15:05:52.433 [http-nio-8080-exec-4] BasicTypeRegistry - Adding type registration java.lang.Byte -> org.hibernate.type.ByteType@4cecc49f
[DEBUG] 2022-09-29 15:05:52.433 [http-nio-8080-exec-4] BasicTypeRegistry - Adding type registration character -> org.hibernate.type.CharacterType@63793d87
[DEBUG] 2022-09-29 15:05:52.434 [http-nio-8080-exec-4] BasicTypeRegistry - Adding type registration char -> org.hibernate.type.CharacterType@63793d87
[DEBUG] 2022-09-29 15:05:52.434 [http-nio-8080-exec-4] BasicTypeRegistry - Adding type registration java.lang.Character -> org.hibernate.type.CharacterType@63793d87
[DEBUG] 2022-09-29 15:05:52.435 [http-nio-8080-exec-4] BasicTypeRegistry - Adding type registration short -> org.hibernate.type.ShortType@31c2f02b
[DEBUG] 2022-09-29 15:05:52.435 [http-nio-8080-exec-4] BasicTypeRegistry - Adding type registration short -> org.hibernate.type.ShortType@31c2f02b
[DEBUG] 2022-09-29 15:05:52.435 [http-nio-8080-exec-4] BasicTypeRegistry - Adding type registration java.lang.Short -> org.hibernate.type.ShortType@31c2f02b
[DEBUG] 2022-09-29 15:05:52.437 [http-nio-8080-exec-4] BasicTypeRegistry - Adding type registration integer -> org.hibernate.type.IntegerType@3868d977
[DEBUG] 2022-09-29 15:05:52.437 [http-nio-8080-exec-4] BasicTypeRegistry - Adding type registration int -> org.hibernate.type.IntegerType@3868d977
[DEBUG] 2022-09-29 15:05:52.437 [http-nio-8080-exec-4] BasicTypeRegistry - Adding type registration java.lang.Integer -> org.hibernate.type.IntegerType@3868d977
[DEBUG] 2022-09-29 15:05:52.438 [http-nio-8080-exec-4] BasicTypeRegistry - Adding type registration long -> org.hibernate.type.LongType@56068228
[DEBUG] 2022-09-29 15:05:52.438 [http-nio-8080-exec-4] BasicTypeRegistry - Adding type registration long -> org.hibernate.type.LongType@56068228
[DEBUG] 2022-09-29 15:05:52.438 [http-nio-8080-exec-4] BasicTypeRegistry - Adding type registration java.lang.Long -> org.hibernate.type.LongType@56068228
[DEBUG] 2022-09-29 15:05:52.439 [http-nio-8080-exec-4] BasicTypeRegistry - Adding type registration float -> org.hibernate.type.FloatType@416a5978
[DEBUG] 2022-09-29 15:05:52.439 [http-nio-8080-exec-4] BasicTypeRegistry - Adding type registration float -> org.hibernate.type.FloatType@416a5978
[DEBUG] 2022-09-29 15:05:52.439 [http-nio-8080-exec-4] BasicTypeRegistry - Adding type registration java.lang.Float -> org.hibernate.type.FloatType@416a5978
[DEBUG] 2022-09-29 15:05:52.440 [http-nio-8080-exec-4] BasicTypeRegistry - Adding type registration double -> org.hibernate.type.DoubleType@1eb388fc
[DEBUG] 2022-09-29 15:05:52.440 [http-nio-8080-exec-4] BasicTypeRegistry - Adding type registration double -> org.hibernate.type.DoubleType@1eb388fc
[DEBUG] 2022-09-29 15:05:52.440 [http-nio-8080-exec-4] BasicTypeRegistry - Adding type registration java.lang.Double -> org.hibernate.type.DoubleType@1eb388fc
[DEBUG] 2022-09-29 15:05:52.441 [http-nio-8080-exec-4] BasicTypeRegistry - Adding type registration big_decimal -> org.hibernate.type.BigDecimalType@4ec9084e
[DEBUG] 2022-09-29 15:05:52.441 [http-nio-8080-exec-4] BasicTypeRegistry - Adding type registration java.math.BigDecimal -> org.hibernate.type.BigDecimalType@4ec9084e
[DEBUG] 2022-09-29 15:05:52.442 [http-nio-8080-exec-4] BasicTypeRegistry - Adding type registration big_integer -> org.hibernate.type.BigIntegerType@3ab7efb
[DEBUG] 2022-09-29 15:05:52.442 [http-nio-8080-exec-4] BasicTypeRegistry - Adding type registration java.math.BigInteger -> org.hibernate.type.BigIntegerType@3ab7efb
[DEBUG] 2022-09-29 15:05:52.443 [http-nio-8080-exec-4] BasicTypeRegistry - Adding type registration string -> org.hibernate.type.StringType@6e9b155
[DEBUG] 2022-09-29 15:05:52.443 [http-nio-8080-exec-4] BasicTypeRegistry - Adding type registration java.lang.String -> org.hibernate.type.StringType@6e9b155
[DEBUG] 2022-09-29 15:05:52.443 [http-nio-8080-exec-4] BasicTypeRegistry - Adding type registration nstring -> org.hibernate.type.StringNVarcharType@3e9a730b
[DEBUG] 2022-09-29 15:05:52.444 [http-nio-8080-exec-4] BasicTypeRegistry - Adding type registration ncharacter -> org.hibernate.type.CharacterNCharType@36401bda
[DEBUG] 2022-09-29 15:05:52.445 [http-nio-8080-exec-4] BasicTypeRegistry - Adding type registration url -> org.hibernate.type.UrlType@58e9448d
[DEBUG] 2022-09-29 15:05:52.445 [http-nio-8080-exec-4] BasicTypeRegistry - Adding type registration java.net.URL -> org.hibernate.type.UrlType@58e9448d
[DEBUG] 2022-09-29 15:05:52.446 [http-nio-8080-exec-4] BasicTypeRegistry - Adding type registration Duration -> org.hibernate.type.DurationType@43d32607
[DEBUG] 2022-09-29 15:05:52.446 [http-nio-8080-exec-4] BasicTypeRegistry - Adding type registration java.time.Duration -> org.hibernate.type.DurationType@43d32607
[DEBUG] 2022-09-29 15:05:52.450 [http-nio-8080-exec-4] BasicTypeRegistry - Adding type registration Instant -> org.hibernate.type.InstantType@26bad2d1
[DEBUG] 2022-09-29 15:05:52.450 [http-nio-8080-exec-4] BasicTypeRegistry - Adding type registration java.time.Instant -> org.hibernate.type.InstantType@26bad2d1
[DEBUG] 2022-09-29 15:05:52.452 [http-nio-8080-exec-4] BasicTypeRegistry - Adding type registration LocalDateTime -> org.hibernate.type.LocalDateTimeType@1cb7e5cb
[DEBUG] 2022-09-29 15:05:52.452 [http-nio-8080-exec-4] BasicTypeRegistry - Adding type registration java.time.LocalDateTime -> org.hibernate.type.LocalDateTimeType@1cb7e5cb
[DEBUG] 2022-09-29 15:05:52.453 [http-nio-8080-exec-4] BasicTypeRegistry - Adding type registration LocalDate -> org.hibernate.type.LocalDateType@1873a7fc
[DEBUG] 2022-09-29 15:05:52.453 [http-nio-8080-exec-4] BasicTypeRegistry - Adding type registration java.time.LocalDate -> org.hibernate.type.LocalDateType@1873a7fc
[DEBUG] 2022-09-29 15:05:52.454 [http-nio-8080-exec-4] BasicTypeRegistry - Adding type registration LocalTime -> org.hibernate.type.LocalTimeType@1a7c4c9f
[DEBUG] 2022-09-29 15:05:52.455 [http-nio-8080-exec-4] BasicTypeRegistry - Adding type registration java.time.LocalTime -> org.hibernate.type.LocalTimeType@1a7c4c9f
[DEBUG] 2022-09-29 15:05:52.456 [http-nio-8080-exec-4] BasicTypeRegistry - Adding type registration OffsetDateTime -> org.hibernate.type.OffsetDateTimeType@a21254e
[DEBUG] 2022-09-29 15:05:52.456 [http-nio-8080-exec-4] BasicTypeRegistry - Adding type registration java.time.OffsetDateTime -> org.hibernate.type.OffsetDateTimeType@a21254e
[DEBUG] 2022-09-29 15:05:52.458 [http-nio-8080-exec-4] BasicTypeRegistry - Adding type registration OffsetTime -> org.hibernate.type.OffsetTimeType@15a408b3
[DEBUG] 2022-09-29 15:05:52.458 [http-nio-8080-exec-4] BasicTypeRegistry - Adding type registration java.time.OffsetTime -> org.hibernate.type.OffsetTimeType@15a408b3
[DEBUG] 2022-09-29 15:05:52.459 [http-nio-8080-exec-4] BasicTypeRegistry - Adding type registration ZonedDateTime -> org.hibernate.type.ZonedDateTimeType@4fc9467f
[DEBUG] 2022-09-29 15:05:52.459 [http-nio-8080-exec-4] BasicTypeRegistry - Adding type registration java.time.ZonedDateTime -> org.hibernate.type.ZonedDateTimeType@4fc9467f
[DEBUG] 2022-09-29 15:05:52.461 [http-nio-8080-exec-4] BasicTypeRegistry - Adding type registration date -> org.hibernate.type.DateType@6813bf31
[DEBUG] 2022-09-29 15:05:52.461 [http-nio-8080-exec-4] BasicTypeRegistry - Adding type registration java.sql.Date -> org.hibernate.type.DateType@6813bf31
[DEBUG] 2022-09-29 15:05:52.462 [http-nio-8080-exec-4] BasicTypeRegistry - Adding type registration time -> org.hibernate.type.TimeType@112dc46d
[DEBUG] 2022-09-29 15:05:52.462 [http-nio-8080-exec-4] BasicTypeRegistry - Adding type registration java.sql.Time -> org.hibernate.type.TimeType@112dc46d
[DEBUG] 2022-09-29 15:05:52.463 [http-nio-8080-exec-4] BasicTypeRegistry - Adding type registration timestamp -> org.hibernate.type.TimestampType@7f4a3e0b
[DEBUG] 2022-09-29 15:05:52.463 [http-nio-8080-exec-4] BasicTypeRegistry - Adding type registration java.sql.Timestamp -> org.hibernate.type.TimestampType@7f4a3e0b
[DEBUG] 2022-09-29 15:05:52.463 [http-nio-8080-exec-4] BasicTypeRegistry - Adding type registration java.util.Date -> org.hibernate.type.TimestampType@7f4a3e0b
[DEBUG] 2022-09-29 15:05:52.465 [http-nio-8080-exec-4] BasicTypeRegistry - Adding type registration dbtimestamp -> org.hibernate.type.DbTimestampType@35355a2d
[DEBUG] 2022-09-29 15:05:52.466 [http-nio-8080-exec-4] BasicTypeRegistry - Adding type registration calendar -> org.hibernate.type.CalendarType@1b2e29a2
[DEBUG] 2022-09-29 15:05:52.466 [http-nio-8080-exec-4] BasicTypeRegistry - Adding type registration java.util.Calendar -> org.hibernate.type.CalendarType@1b2e29a2
[DEBUG] 2022-09-29 15:05:52.466 [http-nio-8080-exec-4] BasicTypeRegistry - Adding type registration java.util.GregorianCalendar -> org.hibernate.type.CalendarType@1b2e29a2
[DEBUG] 2022-09-29 15:05:52.467 [http-nio-8080-exec-4] BasicTypeRegistry - Adding type registration calendar_date -> org.hibernate.type.CalendarDateType@48ec160a
[DEBUG] 2022-09-29 15:05:52.468 [http-nio-8080-exec-4] BasicTypeRegistry - Adding type registration locale -> org.hibernate.type.LocaleType@60bcb583
[DEBUG] 2022-09-29 15:05:52.468 [http-nio-8080-exec-4] BasicTypeRegistry - Adding type registration java.util.Locale -> org.hibernate.type.LocaleType@60bcb583
[DEBUG] 2022-09-29 15:05:52.469 [http-nio-8080-exec-4] BasicTypeRegistry - Adding type registration currency -> org.hibernate.type.CurrencyType@e22201a
[DEBUG] 2022-09-29 15:05:52.469 [http-nio-8080-exec-4] BasicTypeRegistry - Adding type registration java.util.Currency -> org.hibernate.type.CurrencyType@e22201a
[DEBUG] 2022-09-29 15:05:52.470 [http-nio-8080-exec-4] BasicTypeRegistry - Adding type registration timezone -> org.hibernate.type.TimeZoneType@6abe48d4
[DEBUG] 2022-09-29 15:05:52.470 [http-nio-8080-exec-4] BasicTypeRegistry - Adding type registration java.util.TimeZone -> org.hibernate.type.TimeZoneType@6abe48d4
[DEBUG] 2022-09-29 15:05:52.471 [http-nio-8080-exec-4] BasicTypeRegistry - Adding type registration class -> org.hibernate.type.ClassType@753ca914
[DEBUG] 2022-09-29 15:05:52.471 [http-nio-8080-exec-4] BasicTypeRegistry - Adding type registration java.lang.Class -> org.hibernate.type.ClassType@753ca914
[DEBUG] 2022-09-29 15:05:52.472 [http-nio-8080-exec-4] BasicTypeRegistry - Adding type registration uuid-binary -> org.hibernate.type.UUIDBinaryType@1da9eb06
[DEBUG] 2022-09-29 15:05:52.472 [http-nio-8080-exec-4] BasicTypeRegistry - Adding type registration java.util.UUID -> org.hibernate.type.UUIDBinaryType@1da9eb06
[DEBUG] 2022-09-29 15:05:52.472 [http-nio-8080-exec-4] BasicTypeRegistry - Adding type registration uuid-char -> org.hibernate.type.UUIDCharType@1dc367c0
[DEBUG] 2022-09-29 15:05:52.473 [http-nio-8080-exec-4] BasicTypeRegistry - Adding type registration binary -> org.hibernate.type.BinaryType@2a348c69
[DEBUG] 2022-09-29 15:05:52.473 [http-nio-8080-exec-4] BasicTypeRegistry - Adding type registration byte[] -> org.hibernate.type.BinaryType@2a348c69
[DEBUG] 2022-09-29 15:05:52.474 [http-nio-8080-exec-4] BasicTypeRegistry - Adding type registration [B -> org.hibernate.type.BinaryType@2a348c69
[DEBUG] 2022-09-29 15:05:52.474 [http-nio-8080-exec-4] BasicTypeRegistry - Adding type registration wrapper-binary -> org.hibernate.type.WrapperBinaryType@4e337206
[DEBUG] 2022-09-29 15:05:52.475 [http-nio-8080-exec-4] BasicTypeRegistry - Adding type registration Byte[] -> org.hibernate.type.WrapperBinaryType@4e337206
[DEBUG] 2022-09-29 15:05:52.475 [http-nio-8080-exec-4] BasicTypeRegistry - Adding type registration [Ljava.lang.Byte; -> org.hibernate.type.WrapperBinaryType@4e337206
[DEBUG] 2022-09-29 15:05:52.476 [http-nio-8080-exec-4] BasicTypeRegistry - Adding type registration row_version -> org.hibernate.type.RowVersionType@40589d98
[DEBUG] 2022-09-29 15:05:52.476 [http-nio-8080-exec-4] BasicTypeRegistry - Adding type registration image -> org.hibernate.type.ImageType@7c33036
[DEBUG] 2022-09-29 15:05:52.477 [http-nio-8080-exec-4] BasicTypeRegistry - Adding type registration characters -> org.hibernate.type.CharArrayType@28f9264
[DEBUG] 2022-09-29 15:05:52.477 [http-nio-8080-exec-4] BasicTypeRegistry - Adding type registration char[] -> org.hibernate.type.CharArrayType@28f9264
[DEBUG] 2022-09-29 15:05:52.477 [http-nio-8080-exec-4] BasicTypeRegistry - Adding type registration [C -> org.hibernate.type.CharArrayType@28f9264
[DEBUG] 2022-09-29 15:05:52.478 [http-nio-8080-exec-4] BasicTypeRegistry - Adding type registration wrapper-characters -> org.hibernate.type.CharacterArrayType@5b91102e
[DEBUG] 2022-09-29 15:05:52.478 [http-nio-8080-exec-4] BasicTypeRegistry - Adding type registration [Ljava.lang.Character; -> org.hibernate.type.CharacterArrayType@5b91102e
[DEBUG] 2022-09-29 15:05:52.478 [http-nio-8080-exec-4] BasicTypeRegistry - Adding type registration Character[] -> org.hibernate.type.CharacterArrayType@5b91102e
[DEBUG] 2022-09-29 15:05:52.479 [http-nio-8080-exec-4] BasicTypeRegistry - Adding type registration text -> org.hibernate.type.TextType@e0c81d9
[DEBUG] 2022-09-29 15:05:52.479 [http-nio-8080-exec-4] BasicTypeRegistry - Adding type registration ntext -> org.hibernate.type.NTextType@3d05df2f
[DEBUG] 2022-09-29 15:05:52.481 [http-nio-8080-exec-4] BasicTypeRegistry - Adding type registration blob -> org.hibernate.type.BlobType@46b26c68
[DEBUG] 2022-09-29 15:05:52.481 [http-nio-8080-exec-4] BasicTypeRegistry - Adding type registration java.sql.Blob -> org.hibernate.type.BlobType@46b26c68
[DEBUG] 2022-09-29 15:05:52.482 [http-nio-8080-exec-4] BasicTypeRegistry - Adding type registration materialized_blob -> org.hibernate.type.MaterializedBlobType@6ddd72ad
[DEBUG] 2022-09-29 15:05:52.483 [http-nio-8080-exec-4] BasicTypeRegistry - Adding type registration clob -> org.hibernate.type.ClobType@3692bc1a
[DEBUG] 2022-09-29 15:05:52.483 [http-nio-8080-exec-4] BasicTypeRegistry - Adding type registration java.sql.Clob -> org.hibernate.type.ClobType@3692bc1a
[DEBUG] 2022-09-29 15:05:52.484 [http-nio-8080-exec-4] BasicTypeRegistry - Adding type registration nclob -> org.hibernate.type.NClobType@314ad96d
[DEBUG] 2022-09-29 15:05:52.484 [http-nio-8080-exec-4] BasicTypeRegistry - Adding type registration java.sql.NClob -> org.hibernate.type.NClobType@314ad96d
[DEBUG] 2022-09-29 15:05:52.485 [http-nio-8080-exec-4] BasicTypeRegistry - Adding type registration materialized_clob -> org.hibernate.type.MaterializedClobType@5c31f153
[DEBUG] 2022-09-29 15:05:52.485 [http-nio-8080-exec-4] BasicTypeRegistry - Adding type registration materialized_nclob -> org.hibernate.type.MaterializedNClobType@20d0d3f4
[DEBUG] 2022-09-29 15:05:52.486 [http-nio-8080-exec-4] BasicTypeRegistry - Adding type registration serializable -> org.hibernate.type.SerializableType@3fb6271c
[DEBUG] 2022-09-29 15:05:52.489 [http-nio-8080-exec-4] BasicTypeRegistry - Adding type registration object -> org.hibernate.type.ObjectType@3253af11
[DEBUG] 2022-09-29 15:05:52.490 [http-nio-8080-exec-4] BasicTypeRegistry - Adding type registration java.lang.Object -> org.hibernate.type.ObjectType@3253af11
[DEBUG] 2022-09-29 15:05:52.490 [http-nio-8080-exec-4] BasicTypeRegistry - Adding type registration imm_date -> org.hibernate.type.AdaptedImmutableType@77dc0eb1
[DEBUG] 2022-09-29 15:05:52.490 [http-nio-8080-exec-4] BasicTypeRegistry - Adding type registration imm_time -> org.hibernate.type.AdaptedImmutableType@16493a32
[DEBUG] 2022-09-29 15:05:52.490 [http-nio-8080-exec-4] BasicTypeRegistry - Adding type registration imm_timestamp -> org.hibernate.type.AdaptedImmutableType@1f1538bb
[DEBUG] 2022-09-29 15:05:52.490 [http-nio-8080-exec-4] BasicTypeRegistry - Adding type registration imm_dbtimestamp -> org.hibernate.type.AdaptedImmutableType@799d6ac
[DEBUG] 2022-09-29 15:05:52.490 [http-nio-8080-exec-4] BasicTypeRegistry - Adding type registration imm_calendar -> org.hibernate.type.AdaptedImmutableType@10a7f968
[DEBUG] 2022-09-29 15:05:52.491 [http-nio-8080-exec-4] BasicTypeRegistry - Adding type registration imm_calendar_date -> org.hibernate.type.AdaptedImmutableType@4fe0d9e4
[DEBUG] 2022-09-29 15:05:52.491 [http-nio-8080-exec-4] BasicTypeRegistry - Adding type registration imm_binary -> org.hibernate.type.AdaptedImmutableType@7986e043
[DEBUG] 2022-09-29 15:05:52.491 [http-nio-8080-exec-4] BasicTypeRegistry - Adding type registration imm_serializable -> org.hibernate.type.AdaptedImmutableType@30636569
[DEBUG] 2022-09-29 15:05:52.518 [http-nio-8080-exec-4] DefaultIdentifierGeneratorFactory - Registering IdentifierGenerator strategy [uuid2] -> [org.hibernate.id.UUIDGenerator]
[DEBUG] 2022-09-29 15:05:52.519 [http-nio-8080-exec-4] DefaultIdentifierGeneratorFactory - Registering IdentifierGenerator strategy [guid] -> [org.hibernate.id.GUIDGenerator]
[DEBUG] 2022-09-29 15:05:52.519 [http-nio-8080-exec-4] DefaultIdentifierGeneratorFactory - Registering IdentifierGenerator strategy [uuid] -> [org.hibernate.id.UUIDHexGenerator]
[DEBUG] 2022-09-29 15:05:52.520 [http-nio-8080-exec-4] DefaultIdentifierGeneratorFactory - Registering IdentifierGenerator strategy [uuid.hex] -> [org.hibernate.id.UUIDHexGenerator]
[DEBUG] 2022-09-29 15:05:52.520 [http-nio-8080-exec-4] DefaultIdentifierGeneratorFactory - Registering IdentifierGenerator strategy [assigned] -> [org.hibernate.id.Assigned]
[DEBUG] 2022-09-29 15:05:52.521 [http-nio-8080-exec-4] DefaultIdentifierGeneratorFactory - Registering IdentifierGenerator strategy [identity] -> [org.hibernate.id.IdentityGenerator]
[DEBUG] 2022-09-29 15:05:52.521 [http-nio-8080-exec-4] DefaultIdentifierGeneratorFactory - Registering IdentifierGenerator strategy [select] -> [org.hibernate.id.SelectGenerator]
[DEBUG] 2022-09-29 15:05:52.522 [http-nio-8080-exec-4] DefaultIdentifierGeneratorFactory - Registering IdentifierGenerator strategy [sequence] -> [org.hibernate.id.enhanced.SequenceStyleGenerator]
[DEBUG] 2022-09-29 15:05:52.523 [http-nio-8080-exec-4] DefaultIdentifierGeneratorFactory - Registering IdentifierGenerator strategy [seqhilo] -> [org.hibernate.id.SequenceHiLoGenerator]
[DEBUG] 2022-09-29 15:05:52.524 [http-nio-8080-exec-4] DefaultIdentifierGeneratorFactory - Registering IdentifierGenerator strategy [increment] -> [org.hibernate.id.IncrementGenerator]
[DEBUG] 2022-09-29 15:05:52.524 [http-nio-8080-exec-4] DefaultIdentifierGeneratorFactory - Registering IdentifierGenerator strategy [foreign] -> [org.hibernate.id.ForeignGenerator]
[DEBUG] 2022-09-29 15:05:52.524 [http-nio-8080-exec-4] DefaultIdentifierGeneratorFactory - Registering IdentifierGenerator strategy [sequence-identity] -> [org.hibernate.id.SequenceIdentityGenerator]
[DEBUG] 2022-09-29 15:05:52.524 [http-nio-8080-exec-4] DefaultIdentifierGeneratorFactory - Registering IdentifierGenerator strategy [enhanced-sequence] -> [org.hibernate.id.enhanced.SequenceStyleGenerator]
[DEBUG] 2022-09-29 15:05:52.525 [http-nio-8080-exec-4] DefaultIdentifierGeneratorFactory - Registering IdentifierGenerator strategy [enhanced-table] -> [org.hibernate.id.enhanced.TableGenerator]
[INFO ] 2022-09-29 15:05:52.530 [http-nio-8080-exec-4] C3P0ConnectionProvider - HHH010002: C3P0 using driver: com.mysql.cj.jdbc.Driver at URL: jdbc:mysql://localhost:3306/RecipeTracker
[INFO ] 2022-09-29 15:05:52.531 [http-nio-8080-exec-4] C3P0ConnectionProvider - HHH10001001: Connection properties: {password=****, user=root}
[INFO ] 2022-09-29 15:05:52.531 [http-nio-8080-exec-4] C3P0ConnectionProvider - HHH10001003: Autocommit mode: false
[INFO ] 2022-09-29 15:05:52.652 [http-nio-8080-exec-4] C3P0ConnectionProvider - HHH10001007: JDBC isolation level: <unknown>
[DEBUG] 2022-09-29 15:05:53.314 [http-nio-8080-exec-4] JdbcEnvironmentInitiator - Database ->
       name : MySQL
    version : 8.0.22
      major : 8
      minor : 0
[DEBUG] 2022-09-29 15:05:53.315 [http-nio-8080-exec-4] JdbcEnvironmentInitiator - Driver ->
       name : MySQL Connector/J
    version : mysql-connector-java-8.0.16 (Revision: 34cbc6bc61f72836e26327537a432d6db7c77de6)
      major : 8
      minor : 0
[DEBUG] 2022-09-29 15:05:53.315 [http-nio-8080-exec-4] JdbcEnvironmentInitiator - JDBC version : 4.2
[INFO ] 2022-09-29 15:05:53.360 [http-nio-8080-exec-4] Dialect - HHH000400: Using dialect: org.hibernate.dialect.MySQL8Dialect
[DEBUG] 2022-09-29 15:05:53.377 [http-nio-8080-exec-4] IdentifierHelperBuilder - JDBC driver metadata reported database stores quoted identifiers in more than one case
[DEBUG] 2022-09-29 15:05:53.418 [http-nio-8080-exec-4] IdentifierHelperBuilder - IdentifierCaseStrategy for both quoted and unquoted identifiers was set to the same strategy [MIXED]; that will likely lead to problems in schema update and validation if using quoted identifiers
[DEBUG] 2022-09-29 15:05:53.458 [http-nio-8080-exec-4] Namespace - Created database namespace [logicalName=Name{catalog=null, schema=null}, physicalName=Name{catalog=null, schema=null}]
[DEBUG] 2022-09-29 15:05:53.463 [http-nio-8080-exec-4] TypeConfiguration$Scope - Scoping TypeConfiguration [org.hibernate.type.spi.TypeConfiguration@60aede2b] to MetadataBuildingContext [org.hibernate.boot.internal.MetadataBuildingContextRootImpl@70134c0f]
[DEBUG] 2022-09-29 15:05:53.525 [http-nio-8080-exec-4] AnnotationBinder - Binding entity from annotated class: com.ericmclaughlin.entity.Recipe
[DEBUG] 2022-09-29 15:05:53.556 [http-nio-8080-exec-4] Ejb3Column - Binding column: Ejb3DiscriminatorColumn{logicalColumnName'DTYPE', discriminatorTypeName='string'}
[DEBUG] 2022-09-29 15:05:53.563 [http-nio-8080-exec-4] EntityBinder - Import with entity name Recipe
[DEBUG] 2022-09-29 15:05:53.566 [http-nio-8080-exec-4] EntityBinder - Bind entity com.ericmclaughlin.entity.Recipe on table RECIPES
[DEBUG] 2022-09-29 15:05:53.591 [http-nio-8080-exec-4] Ejb3Column - Binding column: Ejb3Column{table=org.hibernate.mapping.Table(RECIPES), mappingColumn=RecipeId, insertable=true, updatable=true, unique=false}
[DEBUG] 2022-09-29 15:05:53.595 [http-nio-8080-exec-4] PropertyBinder - MetadataSourceProcessor property recipeId with lazy=false
[DEBUG] 2022-09-29 15:05:53.597 [http-nio-8080-exec-4] AbstractPropertyHolder - Attempting to locate auto-apply AttributeConverter for property [com.ericmclaughlin.entity.Recipe:recipeId]
[DEBUG] 2022-09-29 15:05:53.599 [http-nio-8080-exec-4] SimpleValueBinder - building SimpleValue for recipeId
[DEBUG] 2022-09-29 15:05:53.601 [http-nio-8080-exec-4] PropertyBinder - Building property recipeId
[DEBUG] 2022-09-29 15:05:53.605 [http-nio-8080-exec-4] BinderHelper - #makeIdGenerator(org.hibernate.mapping.SimpleValue([org.hibernate.mapping.Column(RecipeId)]), recipeId, org.hibernate.id.enhanced.SequenceStyleGenerator, native, ...)
[DEBUG] 2022-09-29 15:05:53.606 [http-nio-8080-exec-4] Ejb3Column - Binding column: Ejb3Column{table=org.hibernate.mapping.Table(RECIPES), mappingColumn=Description, insertable=true, updatable=true, unique=false}
[DEBUG] 2022-09-29 15:05:53.606 [http-nio-8080-exec-4] PropertyBinder - MetadataSourceProcessor property description with lazy=false
[DEBUG] 2022-09-29 15:05:53.606 [http-nio-8080-exec-4] AbstractPropertyHolder - Attempting to locate auto-apply AttributeConverter for property [com.ericmclaughlin.entity.Recipe:description]
[DEBUG] 2022-09-29 15:05:53.606 [http-nio-8080-exec-4] SimpleValueBinder - building SimpleValue for description
[DEBUG] 2022-09-29 15:05:53.607 [http-nio-8080-exec-4] PropertyBinder - Building property description
[DEBUG] 2022-09-29 15:05:53.607 [http-nio-8080-exec-4] Ejb3Column - Binding column: Ejb3Column{table=org.hibernate.mapping.Table(RECIPES), mappingColumn=Notes, insertable=true, updatable=true, unique=false}
[DEBUG] 2022-09-29 15:05:53.607 [http-nio-8080-exec-4] PropertyBinder - MetadataSourceProcessor property notes with lazy=false
[DEBUG] 2022-09-29 15:05:53.607 [http-nio-8080-exec-4] AbstractPropertyHolder - Attempting to locate auto-apply AttributeConverter for property [com.ericmclaughlin.entity.Recipe:notes]
[DEBUG] 2022-09-29 15:05:53.607 [http-nio-8080-exec-4] SimpleValueBinder - building SimpleValue for notes
[DEBUG] 2022-09-29 15:05:53.607 [http-nio-8080-exec-4] PropertyBinder - Building property notes
[DEBUG] 2022-09-29 15:05:53.607 [http-nio-8080-exec-4] Ejb3Column - Binding column: Ejb3Column{table=org.hibernate.mapping.Table(RECIPES), mappingColumn=RecipeName, insertable=true, updatable=true, unique=false}
[DEBUG] 2022-09-29 15:05:53.607 [http-nio-8080-exec-4] PropertyBinder - MetadataSourceProcessor property recipeName with lazy=false
[DEBUG] 2022-09-29 15:05:53.607 [http-nio-8080-exec-4] AbstractPropertyHolder - Attempting to locate auto-apply AttributeConverter for property [com.ericmclaughlin.entity.Recipe:recipeName]
[DEBUG] 2022-09-29 15:05:53.608 [http-nio-8080-exec-4] SimpleValueBinder - building SimpleValue for recipeName
[DEBUG] 2022-09-29 15:05:53.608 [http-nio-8080-exec-4] PropertyBinder - Building property recipeName
[DEBUG] 2022-09-29 15:05:53.609 [http-nio-8080-exec-4] Ejb3Column - Binding column: Ejb3JoinColumn{logicalColumnName='null', referencedColumn='null', mappedBy='null'}
[DEBUG] 2022-09-29 15:05:53.611 [http-nio-8080-exec-4] Ejb3Column - Binding column: Ejb3Column{table=org.hibernate.mapping.Table(RECIPES), mappingColumn=user, insertable=true, updatable=true, unique=false}
[DEBUG] 2022-09-29 15:05:53.614 [http-nio-8080-exec-4] PropertyBinder - Building property user
[DEBUG] 2022-09-29 15:05:53.615 [http-nio-8080-exec-4] AnnotationBinder - Binding entity from annotated class: com.ericmclaughlin.entity.User
[DEBUG] 2022-09-29 15:05:53.615 [http-nio-8080-exec-4] Ejb3Column - Binding column: Ejb3DiscriminatorColumn{logicalColumnName'DTYPE', discriminatorTypeName='string'}
[DEBUG] 2022-09-29 15:05:53.615 [http-nio-8080-exec-4] EntityBinder - Import with entity name User
[DEBUG] 2022-09-29 15:05:53.615 [http-nio-8080-exec-4] EntityBinder - Bind entity com.ericmclaughlin.entity.User on table USER
[DEBUG] 2022-09-29 15:05:53.624 [http-nio-8080-exec-4] Ejb3Column - Binding column: Ejb3Column{table=org.hibernate.mapping.Table(USER), mappingColumn=UserId, insertable=true, updatable=true, unique=false}
[DEBUG] 2022-09-29 15:05:53.628 [http-nio-8080-exec-4] PropertyBinder - MetadataSourceProcessor property userId with lazy=false
[DEBUG] 2022-09-29 15:05:53.628 [http-nio-8080-exec-4] AbstractPropertyHolder - Attempting to locate auto-apply AttributeConverter for property [com.ericmclaughlin.entity.User:userId]
[DEBUG] 2022-09-29 15:05:53.628 [http-nio-8080-exec-4] SimpleValueBinder - building SimpleValue for userId
[DEBUG] 2022-09-29 15:05:53.628 [http-nio-8080-exec-4] PropertyBinder - Building property userId
[DEBUG] 2022-09-29 15:05:53.629 [http-nio-8080-exec-4] BinderHelper - #makeIdGenerator(org.hibernate.mapping.SimpleValue([org.hibernate.mapping.Column(UserId)]), userId, org.hibernate.id.enhanced.SequenceStyleGenerator, native, ...)
[DEBUG] 2022-09-29 15:05:53.630 [http-nio-8080-exec-4] Ejb3Column - Binding column: Ejb3Column{table=org.hibernate.mapping.Table(USER), mappingColumn=FirstName, insertable=true, updatable=true, unique=false}
[DEBUG] 2022-09-29 15:05:53.630 [http-nio-8080-exec-4] PropertyBinder - MetadataSourceProcessor property firstName with lazy=false
[DEBUG] 2022-09-29 15:05:53.630 [http-nio-8080-exec-4] AbstractPropertyHolder - Attempting to locate auto-apply AttributeConverter for property [com.ericmclaughlin.entity.User:firstName]
[DEBUG] 2022-09-29 15:05:53.630 [http-nio-8080-exec-4] SimpleValueBinder - building SimpleValue for firstName
[DEBUG] 2022-09-29 15:05:53.631 [http-nio-8080-exec-4] PropertyBinder - Building property firstName
[DEBUG] 2022-09-29 15:05:53.632 [http-nio-8080-exec-4] Ejb3Column - Binding column: Ejb3Column{table=org.hibernate.mapping.Table(USER), mappingColumn=LastName, insertable=true, updatable=true, unique=false}
[DEBUG] 2022-09-29 15:05:53.632 [http-nio-8080-exec-4] PropertyBinder - MetadataSourceProcessor property lastName with lazy=false
[DEBUG] 2022-09-29 15:05:53.632 [http-nio-8080-exec-4] AbstractPropertyHolder - Attempting to locate auto-apply AttributeConverter for property [com.ericmclaughlin.entity.User:lastName]
[DEBUG] 2022-09-29 15:05:53.632 [http-nio-8080-exec-4] SimpleValueBinder - building SimpleValue for lastName
[DEBUG] 2022-09-29 15:05:53.632 [http-nio-8080-exec-4] PropertyBinder - Building property lastName
[DEBUG] 2022-09-29 15:05:53.632 [http-nio-8080-exec-4] Ejb3Column - Binding column: Ejb3Column{table=org.hibernate.mapping.Table(USER), mappingColumn=Password, insertable=true, updatable=true, unique=false}
[DEBUG] 2022-09-29 15:05:53.633 [http-nio-8080-exec-4] PropertyBinder - MetadataSourceProcessor property password with lazy=false
[DEBUG] 2022-09-29 15:05:53.635 [http-nio-8080-exec-4] AbstractPropertyHolder - Attempting to locate auto-apply AttributeConverter for property [com.ericmclaughlin.entity.User:password]
[DEBUG] 2022-09-29 15:05:53.635 [http-nio-8080-exec-4] SimpleValueBinder - building SimpleValue for password
[DEBUG] 2022-09-29 15:05:53.635 [http-nio-8080-exec-4] PropertyBinder - Building property password
[DEBUG] 2022-09-29 15:05:53.636 [http-nio-8080-exec-4] Ejb3Column - Binding column: Ejb3JoinColumn{logicalColumnName='null', referencedColumn='null', mappedBy='user'}
[DEBUG] 2022-09-29 15:05:53.637 [http-nio-8080-exec-4] Ejb3Column - Binding column: Ejb3Column{table=org.hibernate.mapping.Table(USER), mappingColumn=recipes, insertable=true, updatable=true, unique=false}
[DEBUG] 2022-09-29 15:05:53.639 [http-nio-8080-exec-4] Ejb3Column - Binding column: Ejb3Column{table=org.hibernate.mapping.Table(USER), mappingColumn=null, insertable=true, updatable=true, unique=false}
[DEBUG] 2022-09-29 15:05:53.653 [http-nio-8080-exec-4] Ejb3Column - Binding column: Ejb3Column{table=org.hibernate.mapping.Table(USER), mappingColumn=element, insertable=true, updatable=true, unique=false}
[DEBUG] 2022-09-29 15:05:53.654 [http-nio-8080-exec-4] Ejb3Column - Binding column: Ejb3Column{table=org.hibernate.mapping.Table(USER), mappingColumn=recipes_KEY, insertable=true, updatable=true, unique=false}
[DEBUG] 2022-09-29 15:05:53.655 [http-nio-8080-exec-4] Ejb3Column - Binding column: Ejb3JoinColumn{logicalColumnName='recipes_KEY', referencedColumn='null', mappedBy='null'}
[DEBUG] 2022-09-29 15:05:53.656 [http-nio-8080-exec-4] Ejb3Column - Binding column: Ejb3JoinColumn{logicalColumnName='null', referencedColumn='null', mappedBy='user'}
[DEBUG] 2022-09-29 15:05:53.656 [http-nio-8080-exec-4] Ejb3Column - Binding column: Ejb3JoinColumn{logicalColumnName='null', referencedColumn='null', mappedBy='user'}
[DEBUG] 2022-09-29 15:05:53.658 [http-nio-8080-exec-4] CollectionBinder - Collection role: com.ericmclaughlin.entity.User.recipes
[DEBUG] 2022-09-29 15:05:53.660 [http-nio-8080-exec-4] PropertyBinder - Building property recipes
[DEBUG] 2022-09-29 15:05:53.660 [http-nio-8080-exec-4] Ejb3Column - Binding column: Ejb3Column{table=org.hibernate.mapping.Table(USER), mappingColumn=LoginId, insertable=true, updatable=true, unique=false}
[DEBUG] 2022-09-29 15:05:53.660 [http-nio-8080-exec-4] PropertyBinder - MetadataSourceProcessor property userName with lazy=false
[DEBUG] 2022-09-29 15:05:53.660 [http-nio-8080-exec-4] AbstractPropertyHolder - Attempting to locate auto-apply AttributeConverter for property [com.ericmclaughlin.entity.User:userName]
[DEBUG] 2022-09-29 15:05:53.661 [http-nio-8080-exec-4] SimpleValueBinder - building SimpleValue for userName
[DEBUG] 2022-09-29 15:05:53.661 [http-nio-8080-exec-4] PropertyBinder - Building property userName
[DEBUG] 2022-09-29 15:05:53.662 [http-nio-8080-exec-4] SimpleValueBinder - Starting fillSimpleValue for recipeId
[DEBUG] 2022-09-29 15:05:53.662 [http-nio-8080-exec-4] SimpleValueBinder - Starting fillSimpleValue for description
[DEBUG] 2022-09-29 15:05:53.662 [http-nio-8080-exec-4] SimpleValueBinder - Starting fillSimpleValue for notes
[DEBUG] 2022-09-29 15:05:53.662 [http-nio-8080-exec-4] SimpleValueBinder - Starting fillSimpleValue for recipeName
[DEBUG] 2022-09-29 15:05:53.662 [http-nio-8080-exec-4] SimpleValueBinder - Starting fillSimpleValue for userId
[DEBUG] 2022-09-29 15:05:53.662 [http-nio-8080-exec-4] SimpleValueBinder - Starting fillSimpleValue for firstName
[DEBUG] 2022-09-29 15:05:53.662 [http-nio-8080-exec-4] SimpleValueBinder - Starting fillSimpleValue for lastName
[DEBUG] 2022-09-29 15:05:53.663 [http-nio-8080-exec-4] SimpleValueBinder - Starting fillSimpleValue for password
[DEBUG] 2022-09-29 15:05:53.663 [http-nio-8080-exec-4] SimpleValueBinder - Starting fillSimpleValue for userName
[DEBUG] 2022-09-29 15:05:53.667 [http-nio-8080-exec-4] PrimaryKey - Forcing column [recipeid] to be non-null as it is part of the primary key for table [recipes]
[DEBUG] 2022-09-29 15:05:53.667 [http-nio-8080-exec-4] PrimaryKey - Forcing column [userid] to be non-null as it is part of the primary key for table [user]
[DEBUG] 2022-09-29 15:05:53.667 [http-nio-8080-exec-4] CollectionSecondPass - Second pass for collection: com.ericmclaughlin.entity.User.recipes
[DEBUG] 2022-09-29 15:05:53.668 [http-nio-8080-exec-4] CollectionBinder - Binding a OneToMany: com.ericmclaughlin.entity.User.recipes through a foreign key
[DEBUG] 2022-09-29 15:05:53.668 [http-nio-8080-exec-4] CollectionBinder - Mapping collection: com.ericmclaughlin.entity.User.recipes -> RECIPES
[DEBUG] 2022-09-29 15:05:53.669 [http-nio-8080-exec-4] TableBinder - Retrieving property com.ericmclaughlin.entity.Recipe.user
[DEBUG] 2022-09-29 15:05:53.669 [http-nio-8080-exec-4] CollectionSecondPass - Mapped collection key: user_UserId, one-to-many: com.ericmclaughlin.entity.Recipe
[DEBUG] 2022-09-29 15:05:53.670 [http-nio-8080-exec-4] InFlightMetadataCollectorImpl - Resolving reference to class: com.ericmclaughlin.entity.User
[DEBUG] 2022-09-29 15:05:53.672 [http-nio-8080-exec-4] InFlightMetadataCollectorImpl - Resolving reference to class: com.ericmclaughlin.entity.User
[DEBUG] 2022-09-29 15:05:53.704 [http-nio-8080-exec-4] SessionFactoryImpl - Building session factory
[DEBUG] 2022-09-29 15:05:53.705 [http-nio-8080-exec-4] Settings - SessionFactory name : null
[DEBUG] 2022-09-29 15:05:53.705 [http-nio-8080-exec-4] Settings - Automatic flush during beforeCompletion(): enabled
[DEBUG] 2022-09-29 15:05:53.705 [http-nio-8080-exec-4] Settings - Automatic session close at end of transaction: disabled
[DEBUG] 2022-09-29 15:05:53.705 [http-nio-8080-exec-4] Settings - Statistics: disabled
[DEBUG] 2022-09-29 15:05:53.705 [http-nio-8080-exec-4] Settings - Deleted entity synthetic identifier rollback: disabled
[DEBUG] 2022-09-29 15:05:53.705 [http-nio-8080-exec-4] Settings - Default entity-mode: pojo
[DEBUG] 2022-09-29 15:05:53.705 [http-nio-8080-exec-4] Settings - Check Nullability in Core (should be disabled when Bean Validation is on): enabled
[DEBUG] 2022-09-29 15:05:53.706 [http-nio-8080-exec-4] Settings - Allow initialization of lazy state outside session : disabled
[DEBUG] 2022-09-29 15:05:53.706 [http-nio-8080-exec-4] Settings - Using BatchFetchStyle : LEGACY
[DEBUG] 2022-09-29 15:05:53.706 [http-nio-8080-exec-4] Settings - Default batch fetch size: -1
[DEBUG] 2022-09-29 15:05:53.706 [http-nio-8080-exec-4] Settings - Maximum outer join fetch depth: 2
[DEBUG] 2022-09-29 15:05:53.706 [http-nio-8080-exec-4] Settings - Default null ordering: NONE
[DEBUG] 2022-09-29 15:05:53.706 [http-nio-8080-exec-4] Settings - Order SQL updates by primary key: disabled
[DEBUG] 2022-09-29 15:05:53.706 [http-nio-8080-exec-4] Settings - Order SQL inserts for batching: disabled
[DEBUG] 2022-09-29 15:05:53.706 [http-nio-8080-exec-4] Settings - multi-tenancy strategy : NONE
[DEBUG] 2022-09-29 15:05:53.706 [http-nio-8080-exec-4] Settings - JTA Track by Thread: enabled
[DEBUG] 2022-09-29 15:05:53.706 [http-nio-8080-exec-4] Settings - Query language substitutions: {}
[DEBUG] 2022-09-29 15:05:53.707 [http-nio-8080-exec-4] Settings - Named query checking : enabled
[DEBUG] 2022-09-29 15:05:53.707 [http-nio-8080-exec-4] Settings - Second-level cache: disabled
[DEBUG] 2022-09-29 15:05:53.707 [http-nio-8080-exec-4] Settings - Second-level query cache: disabled
[DEBUG] 2022-09-29 15:05:53.707 [http-nio-8080-exec-4] Settings - Second-level query cache factory: null
[DEBUG] 2022-09-29 15:05:53.707 [http-nio-8080-exec-4] Settings - Second-level cache region prefix: null
[DEBUG] 2022-09-29 15:05:53.707 [http-nio-8080-exec-4] Settings - Optimize second-level cache for minimal puts: disabled
[DEBUG] 2022-09-29 15:05:53.707 [http-nio-8080-exec-4] Settings - Structured second-level cache entries: disabled
[DEBUG] 2022-09-29 15:05:53.707 [http-nio-8080-exec-4] Settings - Second-level cache direct-reference entries: disabled
[DEBUG] 2022-09-29 15:05:53.707 [http-nio-8080-exec-4] Settings - Automatic eviction of collection cache: disabled
[DEBUG] 2022-09-29 15:05:53.707 [http-nio-8080-exec-4] Settings - JDBC batch size: 15
[DEBUG] 2022-09-29 15:05:53.707 [http-nio-8080-exec-4] Settings - JDBC batch updates for versioned data: enabled
[DEBUG] 2022-09-29 15:05:53.708 [http-nio-8080-exec-4] Settings - Scrollable result sets: enabled
[DEBUG] 2022-09-29 15:05:53.708 [http-nio-8080-exec-4] Settings - Wrap result sets: disabled
[DEBUG] 2022-09-29 15:05:53.708 [http-nio-8080-exec-4] Settings - JDBC3 getGeneratedKeys(): enabled
[DEBUG] 2022-09-29 15:05:53.708 [http-nio-8080-exec-4] Settings - JDBC result set fetch size: null
[DEBUG] 2022-09-29 15:05:53.708 [http-nio-8080-exec-4] Settings - Connection release mode: AFTER_TRANSACTION
[DEBUG] 2022-09-29 15:05:53.708 [http-nio-8080-exec-4] Settings - Generate SQL with comments: disabled
[DEBUG] 2022-09-29 15:05:53.708 [http-nio-8080-exec-4] Settings - JPA compliance - query : 
[DEBUG] 2022-09-29 15:05:53.708 [http-nio-8080-exec-4] Settings - JPA compliance - closed-handling : 
[DEBUG] 2022-09-29 15:05:53.708 [http-nio-8080-exec-4] Settings - JPA compliance - lists : 
[DEBUG] 2022-09-29 15:05:53.708 [http-nio-8080-exec-4] Settings - JPA compliance - transactions : 
[INFO ] 2022-09-29 15:05:53.784 [http-nio-8080-exec-4] beans - HHH10005002: No explicit CDI BeanManager reference was passed to Hibernate, but CDI is available on the Hibernate ClassLoader.
[DEBUG] 2022-09-29 15:05:53.811 [http-nio-8080-exec-4] SessionFactoryImpl - Session factory constructed with filter configurations : {}
[DEBUG] 2022-09-29 15:05:53.812 [http-nio-8080-exec-4] SessionFactoryImpl - Instantiating session factory with properties: {sun.desktop=gnome, awt.toolkit=sun.awt.X11.XToolkit, java.specification.version=11, sun.cpu.isalist=, hibernate.c3p0.idle_test_period=3000, sun.jnu.encoding=UTF-8, hibernate.c3p0.min_size=5, java.class.path=/home/student/tomcat/bin/bootstrap.jar:/home/student/tomcat/bin/tomcat-juli.jar, java.vm.vendor=Ubuntu, sun.arch.data.model=64, java.vendor.url=https://ubuntu.com/, catalina.useNaming=true, user.timezone=America/Chicago, os.name=Linux, java.vm.specification.version=11, sun.java.launcher=SUN_STANDARD, user.country=US, sun.boot.library.path=/usr/lib/jvm/java-11-openjdk-amd64/lib, com.sun.management.jmxremote.ssl=false, sun.java.command=org.apache.catalina.startup.Bootstrap start, com.sun.management.jmxremote=, jdk.debug=release, sun.cpu.endian=little, user.home=/home/student, hibernate.c3p0.max_statements=50, user.language=en, java.specification.vendor=Oracle Corporation, java.naming.factory.url.pkgs=org.apache.naming, java.version.date=2022-07-19, java.home=/usr/lib/jvm/java-11-openjdk-amd64, ignore.endorsed.dirs=, file.separator=/, java.vm.compressedOopsMode=32-bit, line.separator=
, hibernate.c3p0.timeout=300, java.specification.name=Java Platform API Specification, java.vm.specification.vendor=Oracle Corporation, java.awt.graphicsenv=sun.awt.X11GraphicsEnvironment, com.sun.management.jmxremote.password.file=/home/student/.cache/JetBrains/IntelliJIdea2022.2/tomcat/468a916e-ca92-405c-8032-b38cf9b60bb8/jmxremote.password, package.access=sun.,org.apache.catalina.,org.apache.coyote.,org.apache.jasper.,org.apache.tomcat., package.definition=sun.,java.,org.apache.catalina.,org.apache.coyote.,org.apache.jasper.,org.apache.naming.,org.apache.tomcat., jdk.tls.ephemeralDHKeySize=2048, server.loader=, java.util.logging.config.file=/home/student/.cache/JetBrains/IntelliJIdea2022.2/tomcat/468a916e-ca92-405c-8032-b38cf9b60bb8/conf/logging.properties, java.protocol.handler.pkgs=org.apache.catalina.webresources, connection.password=student, com.sun.management.jmxremote.access.file=/home/student/.cache/JetBrains/IntelliJIdea2022.2/tomcat/468a916e-ca92-405c-8032-b38cf9b60bb8/jmxremote.access, sun.management.compiler=HotSpot 64-Bit Tiered Compilers, hibernate.c3p0.max_size=20, java.runtime.version=11.0.16+8-post-Ubuntu-0ubuntu120.04, java.naming.factory.initial=org.apache.naming.java.javaURLContextFactory, user.name=student, path.separator=:, common.loader="/home/student/tomcat/lib","/home/student/tomcat/lib/*.jar","/home/student/tomcat/lib","/home/student/tomcat/lib/*.jar", hibernate.connection.username=****, os.version=5.4.0-126-generic, java.runtime.name=OpenJDK Runtime Environment, hibernate.connection.url=jdbc:mysql://localhost:3306/RecipeTracker, file.encoding=UTF-8, java.vm.name=OpenJDK 64-Bit Server VM, org.apache.catalina.security.SecurityListener.UMASK=0027, hibernate.connection.driver_class=com.mysql.cj.jdbc.Driver, java.vendor.url.bug=https://bugs.launchpad.net/ubuntu/+source/openjdk-lts, java.io.tmpdir=/home/student/tomcat/temp, tomcat.util.scan.StandardJarScanFilter.jarsToScan=log4j-taglib*.jar,log4j-web*.jar,log4javascript*.jar,slf4j-taglib*.jar, catalina.home=/home/student/tomcat, com.sun.management.jmxremote.port=1099, java.version=11.0.16, tomcat.util.scan.StandardJarScanFilter.jarsToSkip=annotations-api.jar,ant-junit*.jar,ant-launcher.jar,ant.jar,asm-*.jar,aspectj*.jar,bootstrap.jar,catalina-ant.jar,catalina-ha.jar,catalina-jmx-remote.jar,catalina-storeconfig.jar,catalina-tribes.jar,catalina-ws.jar,catalina.jar,cglib-*.jar,cobertura-*.jar,commons-beanutils*.jar,commons-codec*.jar,commons-collections*.jar,commons-daemon.jar,commons-dbcp*.jar,commons-digester*.jar,commons-fileupload*.jar,commons-httpclient*.jar,commons-io*.jar,commons-lang*.jar,commons-logging*.jar,commons-math*.jar,commons-pool*.jar,derby-*.jar,dom4j-*.jar,easymock-*.jar,ecj-*.jar,el-api.jar,geronimo-spec-jaxrpc*.jar,h2*.jar,ha-api-*.jar,hamcrest-*.jar,hibernate*.jar,httpclient*.jar,icu4j-*.jar,jasper-el.jar,jasper.jar,jaspic-api.jar,jaxb-*.jar,jaxen-*.jar,jaxws-rt-*.jar,jdom-*.jar,jetty-*.jar,jmx-tools.jar,jmx.jar,jsp-api.jar,jstl.jar,jta*.jar,junit-*.jar,junit.jar,log4j*.jar,mail*.jar,objenesis-*.jar,oraclepki.jar,oro-*.jar,servlet-api-*.jar,servlet-api.jar,slf4j*.jar,taglibs-standard-spec-*.jar,tagsoup-*.jar,tomcat-api.jar,tomcat-coyote.jar,tomcat-dbcp.jar,tomcat-i18n-*.jar,tomcat-jdbc.jar,tomcat-jni.jar,tomcat-juli-adapters.jar,tomcat-juli.jar,tomcat-util-scan.jar,tomcat-util.jar,tomcat-websocket.jar,tools.jar,websocket-api.jar,wsdl4j*.jar,xercesImpl.jar,xml-apis.jar,xmlParserAPIs-*.jar,xmlParserAPIs.jar,xom-*.jar, user.dir=/home/student/tomcat/bin, os.arch=amd64, connection.username=root, java.vm.specification.name=Java Virtual Machine Specification, java.awt.printerjob=sun.print.PSPrinterJob, hibernate.connection.password=****, sun.os.patch.level=unknown, connection.driver_class=com.mysql.cj.jdbc.Driver, catalina.base=/home/student/.cache/JetBrains/IntelliJIdea2022.2/tomcat/468a916e-ca92-405c-8032-b38cf9b60bb8, shared.loader=, hibernate.boot.CfgXmlAccessService.key=org.hibernate.boot.cfgxml.spi.LoadedConfig@17413922, java.util.logging.manager=org.apache.juli.ClassLoaderLogManager, java.library.path=/usr/java/packages/lib:/usr/lib/x86_64-linux-gnu/jni:/lib/x86_64-linux-gnu:/usr/lib/x86_64-linux-gnu:/usr/lib/jni:/lib:/usr/lib, java.vendor=Ubuntu, java.vm.info=mixed mode, sharing, java.vm.version=11.0.16+8-post-Ubuntu-0ubuntu120.04, hibernate.bytecode.use_reflection_optimizer=false, java.rmi.server.randomIDs=true, java.rmi.server.hostname=127.0.0.1, sun.io.unicode.encoding=UnicodeLittle, tomcat.util.buf.StringCache.byte.enabled=true, connection.url=jdbc:mysql://localhost:3306/RecipeTracker, java.class.version=55.0}
[DEBUG] 2022-09-29 15:05:53.833 [http-nio-8080-exec-4] TypeSafeActivator - Unable to acquire Bean Validation ValidatorFactory, skipping activation
[DEBUG] 2022-09-29 15:05:53.833 [http-nio-8080-exec-4] JaccIntegrator - Skipping JACC integration as it was not enabled
[DEBUG] 2022-09-29 15:05:53.834 [http-nio-8080-exec-4] SessionFactoryImpl - Instantiated session factory
[DEBUG] 2022-09-29 15:05:53.834 [http-nio-8080-exec-4] TypeConfiguration$Scope - Scoping TypeConfiguration [org.hibernate.type.spi.TypeConfiguration@60aede2b] to SessionFactoryImpl [org.hibernate.internal.SessionFactoryImpl@695f10ac]
[DEBUG] 2022-09-29 15:05:53.886 [http-nio-8080-exec-4] ClassLoaderAccessImpl - Not known whether passed class name [com.ericmclaughlin.entity.User] is safe
[DEBUG] 2022-09-29 15:05:53.886 [http-nio-8080-exec-4] ClassLoaderAccessImpl - No temp ClassLoader provided; using live ClassLoader for loading potentially unsafe class : com.ericmclaughlin.entity.User
[DEBUG] 2022-09-29 15:05:53.905 [http-nio-8080-exec-4] ClassLoaderAccessImpl - Not known whether passed class name [com.ericmclaughlin.entity.User] is safe
[DEBUG] 2022-09-29 15:05:53.906 [http-nio-8080-exec-4] ClassLoaderAccessImpl - No temp ClassLoader provided; using live ClassLoader for loading potentially unsafe class : com.ericmclaughlin.entity.User
[DEBUG] 2022-09-29 15:05:54.127 [http-nio-8080-exec-4] ClassLoaderAccessImpl - Not known whether passed class name [com.ericmclaughlin.entity.Recipe] is safe
[DEBUG] 2022-09-29 15:05:54.127 [http-nio-8080-exec-4] ClassLoaderAccessImpl - No temp ClassLoader provided; using live ClassLoader for loading potentially unsafe class : com.ericmclaughlin.entity.Recipe
[DEBUG] 2022-09-29 15:05:54.127 [http-nio-8080-exec-4] ClassLoaderAccessImpl - Not known whether passed class name [com.ericmclaughlin.entity.Recipe] is safe
[DEBUG] 2022-09-29 15:05:54.127 [http-nio-8080-exec-4] ClassLoaderAccessImpl - No temp ClassLoader provided; using live ClassLoader for loading potentially unsafe class : com.ericmclaughlin.entity.Recipe
[DEBUG] 2022-09-29 15:05:54.156 [http-nio-8080-exec-4] AbstractCollectionPersister - Static SQL for collection: com.ericmclaughlin.entity.User.recipes
[DEBUG] 2022-09-29 15:05:54.156 [http-nio-8080-exec-4] AbstractCollectionPersister -  Row insert: update RECIPES set user_UserId=? where RecipeId=?
[DEBUG] 2022-09-29 15:05:54.156 [http-nio-8080-exec-4] AbstractCollectionPersister -  Row update: update RECIPES set  where RecipeId=?
[DEBUG] 2022-09-29 15:05:54.156 [http-nio-8080-exec-4] AbstractCollectionPersister -  Row delete: update RECIPES set user_UserId=null where user_UserId=? and RecipeId=?
[DEBUG] 2022-09-29 15:05:54.156 [http-nio-8080-exec-4] AbstractCollectionPersister -  One-shot delete: update RECIPES set user_UserId=null where user_UserId=?
[DEBUG] 2022-09-29 15:05:54.160 [http-nio-8080-exec-4] AbstractEntityPersister - Static SQL for entity: com.ericmclaughlin.entity.User
[DEBUG] 2022-09-29 15:05:54.160 [http-nio-8080-exec-4] AbstractEntityPersister -  Version select: select UserId from USER where UserId =?
[DEBUG] 2022-09-29 15:05:54.160 [http-nio-8080-exec-4] AbstractEntityPersister -  Snapshot select: select user_.UserId, user_.FirstName as FirstNam2_1_, user_.LastName as LastName3_1_, user_.Password as Password4_1_, user_.LoginId as LoginId5_1_ from USER user_ where user_.UserId=?
[DEBUG] 2022-09-29 15:05:54.160 [http-nio-8080-exec-4] AbstractEntityPersister -  Insert 0: insert into USER (FirstName, LastName, Password, LoginId, UserId) values (?, ?, ?, ?, ?)
[DEBUG] 2022-09-29 15:05:54.160 [http-nio-8080-exec-4] AbstractEntityPersister -  Update 0: update USER set FirstName=?, LastName=?, Password=?, LoginId=? where UserId=?
[DEBUG] 2022-09-29 15:05:54.160 [http-nio-8080-exec-4] AbstractEntityPersister -  Delete 0: delete from USER where UserId=?
[DEBUG] 2022-09-29 15:05:54.160 [http-nio-8080-exec-4] AbstractEntityPersister -  Identity insert: insert into USER (FirstName, LastName, Password, LoginId) values (?, ?, ?, ?)
[DEBUG] 2022-09-29 15:05:54.188 [http-nio-8080-exec-4] QuerySpacesImpl - Adding QuerySpace : uid = <gen:0> -> org.hibernate.loader.plan.build.internal.spaces.EntityQuerySpaceImpl@61e26dc5]
[DEBUG] 2022-09-29 15:05:54.189 [http-nio-8080-exec-4] MetamodelGraphWalker - Visiting attribute path : firstName
[DEBUG] 2022-09-29 15:05:54.189 [http-nio-8080-exec-4] MetamodelGraphWalker - Visiting attribute path : lastName
[DEBUG] 2022-09-29 15:05:54.189 [http-nio-8080-exec-4] MetamodelGraphWalker - Visiting attribute path : password
[DEBUG] 2022-09-29 15:05:54.189 [http-nio-8080-exec-4] MetamodelGraphWalker - Visiting attribute path : recipes
[DEBUG] 2022-09-29 15:05:54.194 [http-nio-8080-exec-4] QuerySpacesImpl - Adding QuerySpace : uid = <gen:1> -> org.hibernate.loader.plan.build.internal.spaces.CollectionQuerySpaceImpl@51c4081e]
[DEBUG] 2022-09-29 15:05:54.197 [http-nio-8080-exec-4] QuerySpacesImpl - Adding QuerySpace : uid = <gen:2> -> org.hibernate.loader.plan.build.internal.spaces.EntityQuerySpaceImpl@3a27b1f4]
[DEBUG] 2022-09-29 15:05:54.198 [http-nio-8080-exec-4] MetamodelGraphWalker - Visiting attribute path : recipes.description
[DEBUG] 2022-09-29 15:05:54.198 [http-nio-8080-exec-4] MetamodelGraphWalker - Visiting attribute path : recipes.notes
[DEBUG] 2022-09-29 15:05:54.198 [http-nio-8080-exec-4] MetamodelGraphWalker - Visiting attribute path : recipes.recipeName
[DEBUG] 2022-09-29 15:05:54.198 [http-nio-8080-exec-4] MetamodelGraphWalker - Visiting attribute path : recipes.user
[DEBUG] 2022-09-29 15:05:54.198 [http-nio-8080-exec-4] MetamodelGraphWalker - Property path deemed to be circular : recipes.user
[DEBUG] 2022-09-29 15:05:54.199 [http-nio-8080-exec-4] MetamodelGraphWalker - Visiting attribute path : userName
[DEBUG] 2022-09-29 15:05:54.199 [http-nio-8080-exec-4] FetchStyleLoadPlanBuildingAssociationVisitationStrategy - Building LoadPlan...
[DEBUG] 2022-09-29 15:05:54.211 [http-nio-8080-exec-4] LoadQueryJoinAndFetchProcessor - processing queryspace <gen:0>
[DEBUG] 2022-09-29 15:05:54.219 [http-nio-8080-exec-4] LoadPlanTreePrinter - LoadPlan(entity=com.ericmclaughlin.entity.User)
    - Returns
       - EntityReturnImpl(entity=com.ericmclaughlin.entity.User, querySpaceUid=<gen:0>, path=com.ericmclaughlin.entity.User)
          - CollectionAttributeFetchImpl(collection=com.ericmclaughlin.entity.User.recipes, querySpaceUid=<gen:1>, path=com.ericmclaughlin.entity.User.recipes)
             - (collection element) CollectionFetchableElementEntityGraph(entity=com.ericmclaughlin.entity.Recipe, querySpaceUid=<gen:2>, path=com.ericmclaughlin.entity.User.recipes.<elements>)
    - QuerySpaces
       - EntityQuerySpaceImpl(uid=<gen:0>, entity=com.ericmclaughlin.entity.User)
          - SQL table alias mapping - user0_
          - alias suffix - 0_
          - suffixed key columns - {UserId1_1_0_}
          - JOIN (JoinDefinedByMetadata(recipes)) : <gen:0> -> <gen:1>
             - CollectionQuerySpaceImpl(uid=<gen:1>, collection=com.ericmclaughlin.entity.User.recipes)
                - SQL table alias mapping - recipes1_
                - alias suffix - 1_
                - suffixed key columns - {user_Use5_0_1_}
                - entity-element alias suffix - 2_
                - 2_entity-element suffixed key columns - RecipeId1_0_2_
                - JOIN (JoinDefinedByMetadata(elements)) : <gen:1> -> <gen:2>
                   - EntityQuerySpaceImpl(uid=<gen:2>, entity=com.ericmclaughlin.entity.Recipe)
                      - SQL table alias mapping - recipes1_
                      - alias suffix - 2_
                      - suffixed key columns - {RecipeId1_0_2_}

[DEBUG] 2022-09-29 15:05:54.221 [http-nio-8080-exec-4] EntityLoader - Static select for entity com.ericmclaughlin.entity.User [NONE]: select user0_.UserId as UserId1_1_0_, user0_.FirstName as FirstNam2_1_0_, user0_.LastName as LastName3_1_0_, user0_.Password as Password4_1_0_, user0_.LoginId as LoginId5_1_0_, recipes1_.user_UserId as user_Use5_0_1_, recipes1_.RecipeId as RecipeId1_0_1_, recipes1_.RecipeId as RecipeId1_0_2_, recipes1_.Description as Descript2_0_2_, recipes1_.Notes as Notes3_0_2_, recipes1_.RecipeName as RecipeNa4_0_2_, recipes1_.user_UserId as user_Use5_0_2_ from USER user0_ left outer join RECIPES recipes1_ on user0_.UserId=recipes1_.user_UserId where user0_.UserId=?
[DEBUG] 2022-09-29 15:05:54.221 [http-nio-8080-exec-4] QuerySpacesImpl - Adding QuerySpace : uid = <gen:0> -> org.hibernate.loader.plan.build.internal.spaces.EntityQuerySpaceImpl@42c15490]
[DEBUG] 2022-09-29 15:05:54.221 [http-nio-8080-exec-4] MetamodelGraphWalker - Visiting attribute path : firstName
[DEBUG] 2022-09-29 15:05:54.222 [http-nio-8080-exec-4] MetamodelGraphWalker - Visiting attribute path : lastName
[DEBUG] 2022-09-29 15:05:54.222 [http-nio-8080-exec-4] MetamodelGraphWalker - Visiting attribute path : password
[DEBUG] 2022-09-29 15:05:54.222 [http-nio-8080-exec-4] MetamodelGraphWalker - Visiting attribute path : recipes
[DEBUG] 2022-09-29 15:05:54.222 [http-nio-8080-exec-4] QuerySpacesImpl - Adding QuerySpace : uid = <gen:1> -> org.hibernate.loader.plan.build.internal.spaces.CollectionQuerySpaceImpl@76686c1b]
[DEBUG] 2022-09-29 15:05:54.222 [http-nio-8080-exec-4] QuerySpacesImpl - Adding QuerySpace : uid = <gen:2> -> org.hibernate.loader.plan.build.internal.spaces.EntityQuerySpaceImpl@647cf323]
[DEBUG] 2022-09-29 15:05:54.222 [http-nio-8080-exec-4] MetamodelGraphWalker - Visiting attribute path : recipes.description
[DEBUG] 2022-09-29 15:05:54.222 [http-nio-8080-exec-4] MetamodelGraphWalker - Visiting attribute path : recipes.notes
[DEBUG] 2022-09-29 15:05:54.222 [http-nio-8080-exec-4] MetamodelGraphWalker - Visiting attribute path : recipes.recipeName
[DEBUG] 2022-09-29 15:05:54.222 [http-nio-8080-exec-4] MetamodelGraphWalker - Visiting attribute path : recipes.user
[DEBUG] 2022-09-29 15:05:54.222 [http-nio-8080-exec-4] MetamodelGraphWalker - Property path deemed to be circular : recipes.user
[DEBUG] 2022-09-29 15:05:54.222 [http-nio-8080-exec-4] MetamodelGraphWalker - Visiting attribute path : userName
[DEBUG] 2022-09-29 15:05:54.222 [http-nio-8080-exec-4] FetchStyleLoadPlanBuildingAssociationVisitationStrategy - Building LoadPlan...
[DEBUG] 2022-09-29 15:05:54.223 [http-nio-8080-exec-4] LoadQueryJoinAndFetchProcessor - processing queryspace <gen:0>
[DEBUG] 2022-09-29 15:05:54.223 [http-nio-8080-exec-4] LoadPlanTreePrinter - LoadPlan(entity=com.ericmclaughlin.entity.User)
    - Returns
       - EntityReturnImpl(entity=com.ericmclaughlin.entity.User, querySpaceUid=<gen:0>, path=com.ericmclaughlin.entity.User)
          - CollectionAttributeFetchImpl(collection=com.ericmclaughlin.entity.User.recipes, querySpaceUid=<gen:1>, path=com.ericmclaughlin.entity.User.recipes)
             - (collection element) CollectionFetchableElementEntityGraph(entity=com.ericmclaughlin.entity.Recipe, querySpaceUid=<gen:2>, path=com.ericmclaughlin.entity.User.recipes.<elements>)
    - QuerySpaces
       - EntityQuerySpaceImpl(uid=<gen:0>, entity=com.ericmclaughlin.entity.User)
          - SQL table alias mapping - user0_
          - alias suffix - 0_
          - suffixed key columns - {UserId1_1_0_}
          - JOIN (JoinDefinedByMetadata(recipes)) : <gen:0> -> <gen:1>
             - CollectionQuerySpaceImpl(uid=<gen:1>, collection=com.ericmclaughlin.entity.User.recipes)
                - SQL table alias mapping - recipes1_
                - alias suffix - 1_
                - suffixed key columns - {user_Use5_0_1_}
                - entity-element alias suffix - 2_
                - 2_entity-element suffixed key columns - RecipeId1_0_2_
                - JOIN (JoinDefinedByMetadata(elements)) : <gen:1> -> <gen:2>
                   - EntityQuerySpaceImpl(uid=<gen:2>, entity=com.ericmclaughlin.entity.Recipe)
                      - SQL table alias mapping - recipes1_
                      - alias suffix - 2_
                      - suffixed key columns - {RecipeId1_0_2_}

[DEBUG] 2022-09-29 15:05:54.223 [http-nio-8080-exec-4] EntityLoader - Static select for entity com.ericmclaughlin.entity.User [READ]: select user0_.UserId as UserId1_1_0_, user0_.FirstName as FirstNam2_1_0_, user0_.LastName as LastName3_1_0_, user0_.Password as Password4_1_0_, user0_.LoginId as LoginId5_1_0_, recipes1_.user_UserId as user_Use5_0_1_, recipes1_.RecipeId as RecipeId1_0_1_, recipes1_.RecipeId as RecipeId1_0_2_, recipes1_.Description as Descript2_0_2_, recipes1_.Notes as Notes3_0_2_, recipes1_.RecipeName as RecipeNa4_0_2_, recipes1_.user_UserId as user_Use5_0_2_ from USER user0_ left outer join RECIPES recipes1_ on user0_.UserId=recipes1_.user_UserId where user0_.UserId=?
[DEBUG] 2022-09-29 15:05:54.237 [http-nio-8080-exec-4] Loader - Static select for action ACTION_MERGE on entity com.ericmclaughlin.entity.User: select user0_.UserId as UserId1_1_1_, user0_.FirstName as FirstNam2_1_1_, user0_.LastName as LastName3_1_1_, user0_.Password as Password4_1_1_, user0_.LoginId as LoginId5_1_1_, recipes1_.user_UserId as user_Use5_0_3_, recipes1_.RecipeId as RecipeId1_0_3_, recipes1_.RecipeId as RecipeId1_0_0_, recipes1_.Description as Descript2_0_0_, recipes1_.Notes as Notes3_0_0_, recipes1_.RecipeName as RecipeNa4_0_0_, recipes1_.user_UserId as user_Use5_0_0_ from USER user0_ left outer join RECIPES recipes1_ on user0_.UserId=recipes1_.user_UserId where user0_.UserId=?
[DEBUG] 2022-09-29 15:05:54.238 [http-nio-8080-exec-4] Loader - Static select for action ACTION_REFRESH on entity com.ericmclaughlin.entity.User: select user0_.UserId as UserId1_1_1_, user0_.FirstName as FirstNam2_1_1_, user0_.LastName as LastName3_1_1_, user0_.Password as Password4_1_1_, user0_.LoginId as LoginId5_1_1_, recipes1_.user_UserId as user_Use5_0_3_, recipes1_.RecipeId as RecipeId1_0_3_, recipes1_.RecipeId as RecipeId1_0_0_, recipes1_.Description as Descript2_0_0_, recipes1_.Notes as Notes3_0_0_, recipes1_.RecipeName as RecipeNa4_0_0_, recipes1_.user_UserId as user_Use5_0_0_ from USER user0_ left outer join RECIPES recipes1_ on user0_.UserId=recipes1_.user_UserId where user0_.UserId=?
[DEBUG] 2022-09-29 15:05:54.238 [http-nio-8080-exec-4] AbstractEntityPersister - Static SQL for entity: com.ericmclaughlin.entity.Recipe
[DEBUG] 2022-09-29 15:05:54.238 [http-nio-8080-exec-4] AbstractEntityPersister -  Version select: select RecipeId from RECIPES where RecipeId =?
[DEBUG] 2022-09-29 15:05:54.238 [http-nio-8080-exec-4] AbstractEntityPersister -  Snapshot select: select recipe_.RecipeId, recipe_.Description as Descript2_0_, recipe_.Notes as Notes3_0_, recipe_.RecipeName as RecipeNa4_0_, recipe_.user_UserId as user_Use5_0_ from RECIPES recipe_ where recipe_.RecipeId=?
[DEBUG] 2022-09-29 15:05:54.238 [http-nio-8080-exec-4] AbstractEntityPersister -  Insert 0: insert into RECIPES (Description, Notes, RecipeName, user_UserId, RecipeId) values (?, ?, ?, ?, ?)
[DEBUG] 2022-09-29 15:05:54.238 [http-nio-8080-exec-4] AbstractEntityPersister -  Update 0: update RECIPES set Description=?, Notes=?, RecipeName=?, user_UserId=? where RecipeId=?
[DEBUG] 2022-09-29 15:05:54.238 [http-nio-8080-exec-4] AbstractEntityPersister -  Delete 0: delete from RECIPES where RecipeId=?
[DEBUG] 2022-09-29 15:05:54.238 [http-nio-8080-exec-4] AbstractEntityPersister -  Identity insert: insert into RECIPES (Description, Notes, RecipeName, user_UserId) values (?, ?, ?, ?)
[DEBUG] 2022-09-29 15:05:54.239 [http-nio-8080-exec-4] QuerySpacesImpl - Adding QuerySpace : uid = <gen:0> -> org.hibernate.loader.plan.build.internal.spaces.EntityQuerySpaceImpl@6c2df6d8]
[DEBUG] 2022-09-29 15:05:54.239 [http-nio-8080-exec-4] MetamodelGraphWalker - Visiting attribute path : description
[DEBUG] 2022-09-29 15:05:54.239 [http-nio-8080-exec-4] MetamodelGraphWalker - Visiting attribute path : notes
[DEBUG] 2022-09-29 15:05:54.239 [http-nio-8080-exec-4] MetamodelGraphWalker - Visiting attribute path : recipeName
[DEBUG] 2022-09-29 15:05:54.239 [http-nio-8080-exec-4] MetamodelGraphWalker - Visiting attribute path : user
[DEBUG] 2022-09-29 15:05:54.239 [http-nio-8080-exec-4] QuerySpacesImpl - Adding QuerySpace : uid = <gen:1> -> org.hibernate.loader.plan.build.internal.spaces.EntityQuerySpaceImpl@4acfda11]
[DEBUG] 2022-09-29 15:05:54.240 [http-nio-8080-exec-4] MetamodelGraphWalker - Visiting attribute path : user.firstName
[DEBUG] 2022-09-29 15:05:54.240 [http-nio-8080-exec-4] MetamodelGraphWalker - Visiting attribute path : user.lastName
[DEBUG] 2022-09-29 15:05:54.240 [http-nio-8080-exec-4] MetamodelGraphWalker - Visiting attribute path : user.password
[DEBUG] 2022-09-29 15:05:54.240 [http-nio-8080-exec-4] MetamodelGraphWalker - Visiting attribute path : user.recipes
[DEBUG] 2022-09-29 15:05:54.240 [http-nio-8080-exec-4] MetamodelGraphWalker - Property path deemed to be circular : user.recipes
[DEBUG] 2022-09-29 15:05:54.240 [http-nio-8080-exec-4] MetamodelGraphWalker - Visiting attribute path : user.userName
[DEBUG] 2022-09-29 15:05:54.240 [http-nio-8080-exec-4] FetchStyleLoadPlanBuildingAssociationVisitationStrategy - Building LoadPlan...
[DEBUG] 2022-09-29 15:05:54.240 [http-nio-8080-exec-4] LoadQueryJoinAndFetchProcessor - processing queryspace <gen:0>
[DEBUG] 2022-09-29 15:05:54.241 [http-nio-8080-exec-4] LoadPlanTreePrinter - LoadPlan(entity=com.ericmclaughlin.entity.Recipe)
    - Returns
       - EntityReturnImpl(entity=com.ericmclaughlin.entity.Recipe, querySpaceUid=<gen:0>, path=com.ericmclaughlin.entity.Recipe)
          - EntityAttributeFetchImpl(entity=com.ericmclaughlin.entity.User, querySpaceUid=<gen:1>, path=com.ericmclaughlin.entity.Recipe.user)
    - QuerySpaces
       - EntityQuerySpaceImpl(uid=<gen:0>, entity=com.ericmclaughlin.entity.Recipe)
          - SQL table alias mapping - recipe0_
          - alias suffix - 0_
          - suffixed key columns - {RecipeId1_0_0_}
          - JOIN (JoinDefinedByMetadata(user)) : <gen:0> -> <gen:1>
             - EntityQuerySpaceImpl(uid=<gen:1>, entity=com.ericmclaughlin.entity.User)
                - SQL table alias mapping - user1_
                - alias suffix - 1_
                - suffixed key columns - {UserId1_1_1_}

[DEBUG] 2022-09-29 15:05:54.241 [http-nio-8080-exec-4] EntityLoader - Static select for entity com.ericmclaughlin.entity.Recipe [NONE]: select recipe0_.RecipeId as RecipeId1_0_0_, recipe0_.Description as Descript2_0_0_, recipe0_.Notes as Notes3_0_0_, recipe0_.RecipeName as RecipeNa4_0_0_, recipe0_.user_UserId as user_Use5_0_0_, user1_.UserId as UserId1_1_1_, user1_.FirstName as FirstNam2_1_1_, user1_.LastName as LastName3_1_1_, user1_.Password as Password4_1_1_, user1_.LoginId as LoginId5_1_1_ from RECIPES recipe0_ left outer join USER user1_ on recipe0_.user_UserId=user1_.UserId where recipe0_.RecipeId=?
[DEBUG] 2022-09-29 15:05:54.241 [http-nio-8080-exec-4] QuerySpacesImpl - Adding QuerySpace : uid = <gen:0> -> org.hibernate.loader.plan.build.internal.spaces.EntityQuerySpaceImpl@1224b237]
[DEBUG] 2022-09-29 15:05:54.241 [http-nio-8080-exec-4] MetamodelGraphWalker - Visiting attribute path : description
[DEBUG] 2022-09-29 15:05:54.241 [http-nio-8080-exec-4] MetamodelGraphWalker - Visiting attribute path : notes
[DEBUG] 2022-09-29 15:05:54.241 [http-nio-8080-exec-4] MetamodelGraphWalker - Visiting attribute path : recipeName
[DEBUG] 2022-09-29 15:05:54.241 [http-nio-8080-exec-4] MetamodelGraphWalker - Visiting attribute path : user
[DEBUG] 2022-09-29 15:05:54.241 [http-nio-8080-exec-4] QuerySpacesImpl - Adding QuerySpace : uid = <gen:1> -> org.hibernate.loader.plan.build.internal.spaces.EntityQuerySpaceImpl@7c6b20e3]
[DEBUG] 2022-09-29 15:05:54.242 [http-nio-8080-exec-4] MetamodelGraphWalker - Visiting attribute path : user.firstName
[DEBUG] 2022-09-29 15:05:54.242 [http-nio-8080-exec-4] MetamodelGraphWalker - Visiting attribute path : user.lastName
[DEBUG] 2022-09-29 15:05:54.242 [http-nio-8080-exec-4] MetamodelGraphWalker - Visiting attribute path : user.password
[DEBUG] 2022-09-29 15:05:54.242 [http-nio-8080-exec-4] MetamodelGraphWalker - Visiting attribute path : user.recipes
[DEBUG] 2022-09-29 15:05:54.242 [http-nio-8080-exec-4] MetamodelGraphWalker - Property path deemed to be circular : user.recipes
[DEBUG] 2022-09-29 15:05:54.242 [http-nio-8080-exec-4] MetamodelGraphWalker - Visiting attribute path : user.userName
[DEBUG] 2022-09-29 15:05:54.242 [http-nio-8080-exec-4] FetchStyleLoadPlanBuildingAssociationVisitationStrategy - Building LoadPlan...
[DEBUG] 2022-09-29 15:05:54.242 [http-nio-8080-exec-4] LoadQueryJoinAndFetchProcessor - processing queryspace <gen:0>
[DEBUG] 2022-09-29 15:05:54.243 [http-nio-8080-exec-4] LoadPlanTreePrinter - LoadPlan(entity=com.ericmclaughlin.entity.Recipe)
    - Returns
       - EntityReturnImpl(entity=com.ericmclaughlin.entity.Recipe, querySpaceUid=<gen:0>, path=com.ericmclaughlin.entity.Recipe)
          - EntityAttributeFetchImpl(entity=com.ericmclaughlin.entity.User, querySpaceUid=<gen:1>, path=com.ericmclaughlin.entity.Recipe.user)
    - QuerySpaces
       - EntityQuerySpaceImpl(uid=<gen:0>, entity=com.ericmclaughlin.entity.Recipe)
          - SQL table alias mapping - recipe0_
          - alias suffix - 0_
          - suffixed key columns - {RecipeId1_0_0_}
          - JOIN (JoinDefinedByMetadata(user)) : <gen:0> -> <gen:1>
             - EntityQuerySpaceImpl(uid=<gen:1>, entity=com.ericmclaughlin.entity.User)
                - SQL table alias mapping - user1_
                - alias suffix - 1_
                - suffixed key columns - {UserId1_1_1_}

[DEBUG] 2022-09-29 15:05:54.243 [http-nio-8080-exec-4] EntityLoader - Static select for entity com.ericmclaughlin.entity.Recipe [READ]: select recipe0_.RecipeId as RecipeId1_0_0_, recipe0_.Description as Descript2_0_0_, recipe0_.Notes as Notes3_0_0_, recipe0_.RecipeName as RecipeNa4_0_0_, recipe0_.user_UserId as user_Use5_0_0_, user1_.UserId as UserId1_1_1_, user1_.FirstName as FirstNam2_1_1_, user1_.LastName as LastName3_1_1_, user1_.Password as Password4_1_1_, user1_.LoginId as LoginId5_1_1_ from RECIPES recipe0_ left outer join USER user1_ on recipe0_.user_UserId=user1_.UserId where recipe0_.RecipeId=?
[DEBUG] 2022-09-29 15:05:54.243 [http-nio-8080-exec-4] Loader - Static select for action ACTION_MERGE on entity com.ericmclaughlin.entity.Recipe: select recipe0_.RecipeId as RecipeId1_0_0_, recipe0_.Description as Descript2_0_0_, recipe0_.Notes as Notes3_0_0_, recipe0_.RecipeName as RecipeNa4_0_0_, recipe0_.user_UserId as user_Use5_0_0_ from RECIPES recipe0_ where recipe0_.RecipeId=?
[DEBUG] 2022-09-29 15:05:54.243 [http-nio-8080-exec-4] Loader - Static select for action ACTION_REFRESH on entity com.ericmclaughlin.entity.Recipe: select recipe0_.RecipeId as RecipeId1_0_0_, recipe0_.Description as Descript2_0_0_, recipe0_.Notes as Notes3_0_0_, recipe0_.RecipeName as RecipeNa4_0_0_, recipe0_.user_UserId as user_Use5_0_0_ from RECIPES recipe0_ where recipe0_.RecipeId=?
[DEBUG] 2022-09-29 15:05:54.249 [http-nio-8080-exec-4] QuerySpacesImpl - Adding QuerySpace : uid = <gen:0> -> org.hibernate.loader.plan.build.internal.spaces.CollectionQuerySpaceImpl@3c750e6d]
[DEBUG] 2022-09-29 15:05:54.250 [http-nio-8080-exec-4] QuerySpacesImpl - Adding QuerySpace : uid = <gen:1> -> org.hibernate.loader.plan.build.internal.spaces.EntityQuerySpaceImpl@10b51e4c]
[DEBUG] 2022-09-29 15:05:54.250 [http-nio-8080-exec-4] MetamodelGraphWalker - Visiting attribute path : description
[DEBUG] 2022-09-29 15:05:54.251 [http-nio-8080-exec-4] MetamodelGraphWalker - Visiting attribute path : notes
[DEBUG] 2022-09-29 15:05:54.251 [http-nio-8080-exec-4] MetamodelGraphWalker - Visiting attribute path : recipeName
[DEBUG] 2022-09-29 15:05:54.251 [http-nio-8080-exec-4] MetamodelGraphWalker - Visiting attribute path : user
[DEBUG] 2022-09-29 15:05:54.251 [http-nio-8080-exec-4] MetamodelGraphWalker - Property path deemed to be circular : user
[DEBUG] 2022-09-29 15:05:54.251 [http-nio-8080-exec-4] FetchStyleLoadPlanBuildingAssociationVisitationStrategy - Building LoadPlan...
[DEBUG] 2022-09-29 15:05:54.253 [http-nio-8080-exec-4] LoadQueryJoinAndFetchProcessor - processing queryspace <gen:0>
[DEBUG] 2022-09-29 15:05:54.253 [http-nio-8080-exec-4] LoadPlanTreePrinter - LoadPlan(collection=com.ericmclaughlin.entity.User.recipes)
    - Returns
       - CollectionReturnImpl(collection=com.ericmclaughlin.entity.User.recipes, querySpaceUid=<gen:0>, path=[com.ericmclaughlin.entity.User.recipes])
          - (collection element) CollectionFetchableElementEntityGraph(entity=com.ericmclaughlin.entity.Recipe, querySpaceUid=<gen:1>, path=[com.ericmclaughlin.entity.User.recipes].<elements>)
    - QuerySpaces
       - CollectionQuerySpaceImpl(uid=<gen:0>, collection=com.ericmclaughlin.entity.User.recipes)
          - SQL table alias mapping - recipes0_
          - alias suffix - 0_
          - suffixed key columns - {user_Use5_0_0_}
          - entity-element alias suffix - 1_
          - 1_entity-element suffixed key columns - RecipeId1_0_1_
          - JOIN (JoinDefinedByMetadata(elements)) : <gen:0> -> <gen:1>
             - EntityQuerySpaceImpl(uid=<gen:1>, entity=com.ericmclaughlin.entity.Recipe)
                - SQL table alias mapping - recipes0_
                - alias suffix - 1_
                - suffixed key columns - {RecipeId1_0_1_}

[DEBUG] 2022-09-29 15:05:54.254 [http-nio-8080-exec-4] CollectionLoader - Static select for collection com.ericmclaughlin.entity.User.recipes: select recipes0_.user_UserId as user_Use5_0_0_, recipes0_.RecipeId as RecipeId1_0_0_, recipes0_.RecipeId as RecipeId1_0_1_, recipes0_.Description as Descript2_0_1_, recipes0_.Notes as Notes3_0_1_, recipes0_.RecipeName as RecipeNa4_0_1_, recipes0_.user_UserId as user_Use5_0_1_ from RECIPES recipes0_ where recipes0_.user_UserId=?
[DEBUG] 2022-09-29 15:05:54.290 [http-nio-8080-exec-4] SchemaManagementToolCoordinator - No actions specified; doing nothing
[DEBUG] 2022-09-29 15:05:54.290 [http-nio-8080-exec-4] JtaPlatformInitiator - No JtaPlatform was specified, checking resolver
[DEBUG] 2022-09-29 15:05:54.290 [http-nio-8080-exec-4] JtaPlatformResolverInitiator - No JtaPlatformResolver was specified, using default [org.hibernate.engine.transaction.jta.platform.internal.StandardJtaPlatformResolver]
[DEBUG] 2022-09-29 15:05:54.296 [http-nio-8080-exec-4] StandardJtaPlatformResolver - Could not resolve JtaPlatform, using default [org.hibernate.engine.transaction.jta.platform.internal.NoJtaPlatform]
[INFO ] 2022-09-29 15:05:54.296 [http-nio-8080-exec-4] JtaPlatformInitiator - HHH000490: Using JtaPlatform implementation: [org.hibernate.engine.transaction.jta.platform.internal.NoJtaPlatform]
[DEBUG] 2022-09-29 15:05:54.298 [http-nio-8080-exec-4] NamedQueryRepository - Checking 0 named HQL queries
[DEBUG] 2022-09-29 15:05:54.298 [http-nio-8080-exec-4] NamedQueryRepository - Checking 0 named SQL queries
[DEBUG] 2022-09-29 15:05:54.299 [http-nio-8080-exec-4] SessionFactoryRegistry - Initializing SessionFactoryRegistry : org.hibernate.internal.SessionFactoryRegistry@7874de50
[DEBUG] 2022-09-29 15:05:54.301 [http-nio-8080-exec-4] SessionFactoryRegistry - Registering SessionFactory: b6929245-785e-4965-b969-813dfb35d6ad (<unnamed>)
[DEBUG] 2022-09-29 15:05:54.301 [http-nio-8080-exec-4] SessionFactoryRegistry - Not binding SessionFactory to JNDI, no JNDI name configured
[DEBUG] 2022-09-29 15:05:54.371 [http-nio-8080-exec-4] StatisticsInitiator - Statistics initialized [enabled=false]
[DEBUG] 2022-09-29 15:05:54.396 [http-nio-8080-exec-4] CriteriaQueryImpl - Rendered criteria query -> select generatedAlias0 from User as generatedAlias0
[DEBUG] 2022-09-29 15:05:54.410 [http-nio-8080-exec-4] QueryTranslatorFactoryInitiator - QueryTranslatorFactory: org.hibernate.hql.internal.ast.ASTQueryTranslatorFactory@24b54709
[DEBUG] 2022-09-29 15:05:54.446 [http-nio-8080-exec-4] QueryTranslatorImpl - parse() - HQL: select generatedAlias0 from com.ericmclaughlin.entity.User as generatedAlias0
[DEBUG] 2022-09-29 15:05:54.454 [http-nio-8080-exec-4] ErrorTracker - throwQueryException() : no errors
[DEBUG] 2022-09-29 15:05:54.481 [http-nio-8080-exec-4] QueryTranslatorImpl - --- HQL AST ---
 \-[QUERY] Node: 'query'
    \-[SELECT_FROM] Node: 'SELECT_FROM'
       +-[FROM] Node: 'from'
       |  \-[RANGE] Node: 'RANGE'
       |     +-[DOT] Node: '.'
       |     |  +-[DOT] Node: '.'
       |     |  |  +-[DOT] Node: '.'
       |     |  |  |  +-[IDENT] Node: 'com'
       |     |  |  |  \-[IDENT] Node: 'ericmclaughlin'
       |     |  |  \-[IDENT] Node: 'entity'
       |     |  \-[IDENT] Node: 'User'
       |     \-[ALIAS] Node: 'generatedAlias0'
       \-[SELECT] Node: 'select'
          \-[IDENT] Node: 'generatedAlias0'

[DEBUG] 2022-09-29 15:05:54.512 [http-nio-8080-exec-4] HqlSqlBaseWalker - select << begin [level=1, statement=select]
[DEBUG] 2022-09-29 15:05:54.525 [http-nio-8080-exec-4] FromElement - FromClause{level=1} : com.ericmclaughlin.entity.User (generatedAlias0) -> user0_
[DEBUG] 2022-09-29 15:05:54.527 [http-nio-8080-exec-4] FromReferenceNode - Resolved : generatedAlias0 -> user0_.UserId
[DEBUG] 2022-09-29 15:05:54.528 [http-nio-8080-exec-4] HqlSqlBaseWalker - select : finishing up [level=1, statement=select]
[DEBUG] 2022-09-29 15:05:54.528 [http-nio-8080-exec-4] HqlSqlWalker - processQuery() :  ( SELECT ( {select clause} user0_.UserId ) ( FromClause{level=1} USER user0_ ) )
[DEBUG] 2022-09-29 15:05:54.543 [http-nio-8080-exec-4] JoinProcessor - Using FROM fragment [USER user0_]
[DEBUG] 2022-09-29 15:05:54.544 [http-nio-8080-exec-4] HqlSqlBaseWalker - select >> end [level=1, statement=select]
[DEBUG] 2022-09-29 15:05:54.544 [http-nio-8080-exec-4] QueryTranslatorImpl - --- SQL AST ---
 \-[SELECT] QueryNode: 'SELECT'  querySpaces (USER)
    +-[SELECT_CLAUSE] SelectClause: '{select clause}'
    |  +-[ALIAS_REF] IdentNode: 'user0_.UserId as UserId1_1_' {alias=generatedAlias0, className=com.ericmclaughlin.entity.User, tableAlias=user0_}
    |  \-[SQL_TOKEN] SqlFragment: 'user0_.FirstName as FirstNam2_1_, user0_.LastName as LastName3_1_, user0_.Password as Password4_1_, user0_.LoginId as LoginId5_1_'
    \-[FROM] FromClause: 'from' FromClause{level=1, fromElementCounter=1, fromElements=1, fromElementByClassAlias=[generatedAlias0], fromElementByTableAlias=[user0_], fromElementsByPath=[], collectionJoinFromElementsByPath=[], impliedElements=[]}
       \-[FROM_FRAGMENT] FromElement: 'USER user0_' FromElement{explicit,not a collection join,not a fetch join,fetch non-lazy properties,classAlias=generatedAlias0,role=null,tableName=USER,tableAlias=user0_,origin=null,columns={,className=com.ericmclaughlin.entity.User}}

[DEBUG] 2022-09-29 15:05:54.544 [http-nio-8080-exec-4] ErrorTracker - throwQueryException() : no errors
[DEBUG] 2022-09-29 15:05:54.550 [http-nio-8080-exec-4] QueryTranslatorImpl - HQL: select generatedAlias0 from com.ericmclaughlin.entity.User as generatedAlias0
[DEBUG] 2022-09-29 15:05:54.551 [http-nio-8080-exec-4] QueryTranslatorImpl - SQL: select user0_.UserId as UserId1_1_, user0_.FirstName as FirstNam2_1_, user0_.LastName as LastName3_1_, user0_.Password as Password4_1_, user0_.LoginId as LoginId5_1_ from USER user0_
[DEBUG] 2022-09-29 15:05:54.551 [http-nio-8080-exec-4] ErrorTracker - throwQueryException() : no errors
[DEBUG] 2022-09-29 15:05:54.567 [http-nio-8080-exec-4] SQL - select user0_.UserId as UserId1_1_, user0_.FirstName as FirstNam2_1_, user0_.LastName as LastName3_1_, user0_.Password as Password4_1_, user0_.LoginId as LoginId5_1_ from USER user0_
[DEBUG] 2022-09-29 15:05:54.584 [http-nio-8080-exec-4] Loader - Result set row: 0
[DEBUG] 2022-09-29 15:05:54.586 [http-nio-8080-exec-4] Loader - Result row: EntityKey[com.ericmclaughlin.entity.User#1]
[DEBUG] 2022-09-29 15:05:54.592 [http-nio-8080-exec-4] Loader - Result set row: 1
[DEBUG] 2022-09-29 15:05:54.592 [http-nio-8080-exec-4] Loader - Result row: EntityKey[com.ericmclaughlin.entity.User#2]
[DEBUG] 2022-09-29 15:05:54.592 [http-nio-8080-exec-4] Loader - Result set row: 2
[DEBUG] 2022-09-29 15:05:54.592 [http-nio-8080-exec-4] Loader - Result row: EntityKey[com.ericmclaughlin.entity.User#3]
[DEBUG] 2022-09-29 15:05:54.593 [http-nio-8080-exec-4] TwoPhaseLoad - Resolving attributes for [com.ericmclaughlin.entity.User#1]
[DEBUG] 2022-09-29 15:05:54.594 [http-nio-8080-exec-4] TwoPhaseLoad - Processing attribute `firstName` : value = Johnny
[DEBUG] 2022-09-29 15:05:54.594 [http-nio-8080-exec-4] TwoPhaseLoad - Attribute (`firstName`)  - enhanced for lazy-loading? - false
[DEBUG] 2022-09-29 15:05:54.594 [http-nio-8080-exec-4] TwoPhaseLoad - Processing attribute `lastName` : value = Cash
[DEBUG] 2022-09-29 15:05:54.594 [http-nio-8080-exec-4] TwoPhaseLoad - Attribute (`lastName`)  - enhanced for lazy-loading? - false
[DEBUG] 2022-09-29 15:05:54.594 [http-nio-8080-exec-4] TwoPhaseLoad - Processing attribute `password` : value = CashJ
[DEBUG] 2022-09-29 15:05:54.594 [http-nio-8080-exec-4] TwoPhaseLoad - Attribute (`password`)  - enhanced for lazy-loading? - false
[DEBUG] 2022-09-29 15:05:54.594 [http-nio-8080-exec-4] TwoPhaseLoad - Processing attribute `recipes` : value = NOT NULL COLLECTION
[DEBUG] 2022-09-29 15:05:54.594 [http-nio-8080-exec-4] TwoPhaseLoad - Attribute (`recipes`)  - enhanced for lazy-loading? - false
[DEBUG] 2022-09-29 15:05:54.601 [http-nio-8080-exec-4] TwoPhaseLoad - Processing attribute `userName` : value = CashJ
[DEBUG] 2022-09-29 15:05:54.601 [http-nio-8080-exec-4] TwoPhaseLoad - Attribute (`userName`)  - enhanced for lazy-loading? - false
[DEBUG] 2022-09-29 15:05:54.602 [http-nio-8080-exec-4] TwoPhaseLoad - Done materializing entity [com.ericmclaughlin.entity.User#1]
[DEBUG] 2022-09-29 15:05:54.602 [http-nio-8080-exec-4] TwoPhaseLoad - Resolving attributes for [com.ericmclaughlin.entity.User#2]
[DEBUG] 2022-09-29 15:05:54.602 [http-nio-8080-exec-4] TwoPhaseLoad - Processing attribute `firstName` : value = Peggy
[DEBUG] 2022-09-29 15:05:54.602 [http-nio-8080-exec-4] TwoPhaseLoad - Attribute (`firstName`)  - enhanced for lazy-loading? - false
[DEBUG] 2022-09-29 15:05:54.602 [http-nio-8080-exec-4] TwoPhaseLoad - Processing attribute `lastName` : value = Curbs
[DEBUG] 2022-09-29 15:05:54.602 [http-nio-8080-exec-4] TwoPhaseLoad - Attribute (`lastName`)  - enhanced for lazy-loading? - false
[DEBUG] 2022-09-29 15:05:54.602 [http-nio-8080-exec-4] TwoPhaseLoad - Processing attribute `password` : value = CurbsP
[DEBUG] 2022-09-29 15:05:54.602 [http-nio-8080-exec-4] TwoPhaseLoad - Attribute (`password`)  - enhanced for lazy-loading? - false
[DEBUG] 2022-09-29 15:05:54.602 [http-nio-8080-exec-4] TwoPhaseLoad - Processing attribute `recipes` : value = NOT NULL COLLECTION
[DEBUG] 2022-09-29 15:05:54.603 [http-nio-8080-exec-4] TwoPhaseLoad - Attribute (`recipes`)  - enhanced for lazy-loading? - false
[DEBUG] 2022-09-29 15:05:54.603 [http-nio-8080-exec-4] TwoPhaseLoad - Processing attribute `userName` : value = CurbsP
[DEBUG] 2022-09-29 15:05:54.603 [http-nio-8080-exec-4] TwoPhaseLoad - Attribute (`userName`)  - enhanced for lazy-loading? - false
[DEBUG] 2022-09-29 15:05:54.603 [http-nio-8080-exec-4] TwoPhaseLoad - Done materializing entity [com.ericmclaughlin.entity.User#2]
[DEBUG] 2022-09-29 15:05:54.603 [http-nio-8080-exec-4] TwoPhaseLoad - Resolving attributes for [com.ericmclaughlin.entity.User#3]
[DEBUG] 2022-09-29 15:05:54.603 [http-nio-8080-exec-4] TwoPhaseLoad - Processing attribute `firstName` : value = Bob
[DEBUG] 2022-09-29 15:05:54.603 [http-nio-8080-exec-4] TwoPhaseLoad - Attribute (`firstName`)  - enhanced for lazy-loading? - false
[DEBUG] 2022-09-29 15:05:54.603 [http-nio-8080-exec-4] TwoPhaseLoad - Processing attribute `lastName` : value = Hamelin
[DEBUG] 2022-09-29 15:05:54.603 [http-nio-8080-exec-4] TwoPhaseLoad - Attribute (`lastName`)  - enhanced for lazy-loading? - false
[DEBUG] 2022-09-29 15:05:54.603 [http-nio-8080-exec-4] TwoPhaseLoad - Processing attribute `password` : value = HamelB
[DEBUG] 2022-09-29 15:05:54.603 [http-nio-8080-exec-4] TwoPhaseLoad - Attribute (`password`)  - enhanced for lazy-loading? - false
[DEBUG] 2022-09-29 15:05:54.603 [http-nio-8080-exec-4] TwoPhaseLoad - Processing attribute `recipes` : value = NOT NULL COLLECTION
[DEBUG] 2022-09-29 15:05:54.603 [http-nio-8080-exec-4] TwoPhaseLoad - Attribute (`recipes`)  - enhanced for lazy-loading? - false
[DEBUG] 2022-09-29 15:05:54.603 [http-nio-8080-exec-4] TwoPhaseLoad - Processing attribute `userName` : value = HamelB
[DEBUG] 2022-09-29 15:05:54.603 [http-nio-8080-exec-4] TwoPhaseLoad - Attribute (`userName`)  - enhanced for lazy-loading? - false
[DEBUG] 2022-09-29 15:05:54.604 [http-nio-8080-exec-4] TwoPhaseLoad - Done materializing entity [com.ericmclaughlin.entity.User#3]
[DEBUG] 2022-09-29 15:05:54.605 [http-nio-8080-exec-4] AbstractLoadPlanBasedCollectionInitializer - Loading collection: [com.ericmclaughlin.entity.User.recipes#3]
[DEBUG] 2022-09-29 15:05:54.606 [http-nio-8080-exec-4] SQL - select recipes0_.user_UserId as user_Use5_0_0_, recipes0_.RecipeId as RecipeId1_0_0_, recipes0_.RecipeId as RecipeId1_0_1_, recipes0_.Description as Descript2_0_1_, recipes0_.Notes as Notes3_0_1_, recipes0_.RecipeName as RecipeNa4_0_1_, recipes0_.user_UserId as user_Use5_0_1_ from RECIPES recipes0_ where recipes0_.user_UserId=?
[DEBUG] 2022-09-29 15:05:54.641 [http-nio-8080-exec-4] SqlExceptionHelper - could not extract ResultSet [n/a]
java.sql.SQLSyntaxErrorException: Unknown column 'recipes0_.user_UserId' in 'field list'
	at com.mysql.cj.jdbc.exceptions.SQLError.createSQLException(SQLError.java:120) ~[mysql-connector-java-8.0.16.jar:8.0.16]
	at com.mysql.cj.jdbc.exceptions.SQLError.createSQLException(SQLError.java:97) ~[mysql-connector-java-8.0.16.jar:8.0.16]
	at com.mysql.cj.jdbc.exceptions.SQLExceptionsMapping.translateException(SQLExceptionsMapping.java:122) ~[mysql-connector-java-8.0.16.jar:8.0.16]
	at com.mysql.cj.jdbc.ClientPreparedStatement.executeInternal(ClientPreparedStatement.java:955) ~[mysql-connector-java-8.0.16.jar:8.0.16]
	at com.mysql.cj.jdbc.ClientPreparedStatement.executeQuery(ClientPreparedStatement.java:1005) ~[mysql-connector-java-8.0.16.jar:8.0.16]
	at com.mchange.v2.c3p0.impl.NewProxyPreparedStatement.executeQuery(NewProxyPreparedStatement.java:379) ~[c3p0-0.9.5.3.jar:0.9.5.3]
	at org.hibernate.engine.jdbc.internal.ResultSetReturnImpl.extract(ResultSetReturnImpl.java:60) [hibernate-core-5.4.4.Final.jar:5.4.4.Final]
	at org.hibernate.loader.plan.exec.internal.AbstractLoadPlanBasedLoader.getResultSet(AbstractLoadPlanBasedLoader.java:418) [hibernate-core-5.4.4.Final.jar:5.4.4.Final]
	at org.hibernate.loader.plan.exec.internal.AbstractLoadPlanBasedLoader.executeQueryStatement(AbstractLoadPlanBasedLoader.java:191) [hibernate-core-5.4.4.Final.jar:5.4.4.Final]
	at org.hibernate.loader.plan.exec.internal.AbstractLoadPlanBasedLoader.executeLoad(AbstractLoadPlanBasedLoader.java:121) [hibernate-core-5.4.4.Final.jar:5.4.4.Final]
	at org.hibernate.loader.plan.exec.internal.AbstractLoadPlanBasedLoader.executeLoad(AbstractLoadPlanBasedLoader.java:86) [hibernate-core-5.4.4.Final.jar:5.4.4.Final]
	at org.hibernate.loader.collection.plan.AbstractLoadPlanBasedCollectionInitializer.initialize(AbstractLoadPlanBasedCollectionInitializer.java:87) [hibernate-core-5.4.4.Final.jar:5.4.4.Final]
	at org.hibernate.persister.collection.AbstractCollectionPersister.initialize(AbstractCollectionPersister.java:706) [hibernate-core-5.4.4.Final.jar:5.4.4.Final]
	at org.hibernate.event.internal.DefaultInitializeCollectionEventListener.onInitializeCollection(DefaultInitializeCollectionEventListener.java:76) [hibernate-core-5.4.4.Final.jar:5.4.4.Final]
	at org.hibernate.internal.SessionImpl.initializeCollection(SessionImpl.java:2295) [hibernate-core-5.4.4.Final.jar:5.4.4.Final]
	at org.hibernate.collection.internal.AbstractPersistentCollection$4.doWork(AbstractPersistentCollection.java:589) [hibernate-core-5.4.4.Final.jar:5.4.4.Final]
	at org.hibernate.collection.internal.AbstractPersistentCollection.withTemporarySessionIfNeeded(AbstractPersistentCollection.java:264) [hibernate-core-5.4.4.Final.jar:5.4.4.Final]
	at org.hibernate.collection.internal.AbstractPersistentCollection.initialize(AbstractPersistentCollection.java:585) [hibernate-core-5.4.4.Final.jar:5.4.4.Final]
	at org.hibernate.collection.internal.AbstractPersistentCollection.forceInitialization(AbstractPersistentCollection.java:777) [hibernate-core-5.4.4.Final.jar:5.4.4.Final]
	at org.hibernate.engine.internal.StatefulPersistenceContext.initializeNonLazyCollections(StatefulPersistenceContext.java:952) [hibernate-core-5.4.4.Final.jar:5.4.4.Final]
	at org.hibernate.loader.Loader.doQueryAndInitializeNonLazyCollections(Loader.java:359) [hibernate-core-5.4.4.Final.jar:5.4.4.Final]
	at org.hibernate.loader.Loader.doList(Loader.java:2810) [hibernate-core-5.4.4.Final.jar:5.4.4.Final]
	at org.hibernate.loader.Loader.doList(Loader.java:2792) [hibernate-core-5.4.4.Final.jar:5.4.4.Final]
	at org.hibernate.loader.Loader.listIgnoreQueryCache(Loader.java:2624) [hibernate-core-5.4.4.Final.jar:5.4.4.Final]
	at org.hibernate.loader.Loader.list(Loader.java:2619) [hibernate-core-5.4.4.Final.jar:5.4.4.Final]
	at org.hibernate.loader.hql.QueryLoader.list(QueryLoader.java:506) [hibernate-core-5.4.4.Final.jar:5.4.4.Final]
	at org.hibernate.hql.internal.ast.QueryTranslatorImpl.list(QueryTranslatorImpl.java:396) [hibernate-core-5.4.4.Final.jar:5.4.4.Final]
	at org.hibernate.engine.query.spi.HQLQueryPlan.performList(HQLQueryPlan.java:219) [hibernate-core-5.4.4.Final.jar:5.4.4.Final]
	at org.hibernate.internal.SessionImpl.list(SessionImpl.java:1547) [hibernate-core-5.4.4.Final.jar:5.4.4.Final]
	at org.hibernate.query.internal.AbstractProducedQuery.doList(AbstractProducedQuery.java:1557) [hibernate-core-5.4.4.Final.jar:5.4.4.Final]
	at org.hibernate.query.internal.AbstractProducedQuery.list(AbstractProducedQuery.java:1525) [hibernate-core-5.4.4.Final.jar:5.4.4.Final]
	at org.hibernate.query.Query.getResultList(Query.java:165) [hibernate-core-5.4.4.Final.jar:5.4.4.Final]
	at org.hibernate.query.criteria.internal.compile.CriteriaQueryTypeQueryAdapter.getResultList(CriteriaQueryTypeQueryAdapter.java:76) [hibernate-core-5.4.4.Final.jar:5.4.4.Final]
	at com.ericmclaughlin.persistence.UserDao.getAllUsers(UserDao.java:29) [classes/:?]
	at com.ericmclaughlin.controller.SearchUser.doGet(SearchUser.java:34) [classes/:?]
	at javax.servlet.http.HttpServlet.service(HttpServlet.java:656) [servlet-api.jar:?]
	at javax.servlet.http.HttpServlet.service(HttpServlet.java:765) [servlet-api.jar:?]
	at org.apache.catalina.core.ApplicationFilterChain.internalDoFilter(ApplicationFilterChain.java:231) [catalina.jar:8.5.82]
	at org.apache.catalina.core.ApplicationFilterChain.doFilter(ApplicationFilterChain.java:166) [catalina.jar:8.5.82]
	at org.apache.tomcat.websocket.server.WsFilter.doFilter(WsFilter.java:52) [tomcat-websocket.jar:8.5.82]
	at org.apache.catalina.core.ApplicationFilterChain.internalDoFilter(ApplicationFilterChain.java:193) [catalina.jar:8.5.82]
	at org.apache.catalina.core.ApplicationFilterChain.doFilter(ApplicationFilterChain.java:166) [catalina.jar:8.5.82]
	at org.apache.catalina.core.StandardWrapperValve.invoke(StandardWrapperValve.java:197) [catalina.jar:8.5.82]
	at org.apache.catalina.core.StandardContextValve.invoke(StandardContextValve.java:97) [catalina.jar:8.5.82]
	at org.apache.catalina.authenticator.AuthenticatorBase.invoke(AuthenticatorBase.java:543) [catalina.jar:8.5.82]
	at org.apache.catalina.core.StandardHostValve.invoke(StandardHostValve.java:135) [catalina.jar:8.5.82]
	at org.apache.catalina.valves.ErrorReportValve.invoke(ErrorReportValve.java:92) [catalina.jar:8.5.82]
	at org.apache.catalina.valves.AbstractAccessLogValve.invoke(AbstractAccessLogValve.java:698) [catalina.jar:8.5.82]
	at org.apache.catalina.core.StandardEngineValve.invoke(StandardEngineValve.java:78) [catalina.jar:8.5.82]
	at org.apache.catalina.connector.CoyoteAdapter.service(CoyoteAdapter.java:367) [catalina.jar:8.5.82]
	at org.apache.coyote.http11.Http11Processor.service(Http11Processor.java:639) [tomcat-coyote.jar:8.5.82]
	at org.apache.coyote.AbstractProcessorLight.process(AbstractProcessorLight.java:65) [tomcat-coyote.jar:8.5.82]
	at org.apache.coyote.AbstractProtocol$ConnectionHandler.process(AbstractProtocol.java:882) [tomcat-coyote.jar:8.5.82]
	at org.apache.tomcat.util.net.NioEndpoint$SocketProcessor.doRun(NioEndpoint.java:1693) [tomcat-coyote.jar:8.5.82]
	at org.apache.tomcat.util.net.SocketProcessorBase.run(SocketProcessorBase.java:49) [tomcat-coyote.jar:8.5.82]
	at org.apache.tomcat.util.threads.ThreadPoolExecutor.runWorker(ThreadPoolExecutor.java:1191) [tomcat-util.jar:8.5.82]
	at org.apache.tomcat.util.threads.ThreadPoolExecutor$Worker.run(ThreadPoolExecutor.java:659) [tomcat-util.jar:8.5.82]
	at org.apache.tomcat.util.threads.TaskThread$WrappingRunnable.run(TaskThread.java:61) [tomcat-util.jar:8.5.82]
	at java.lang.Thread.run(Thread.java:829) [?:?]
[WARN ] 2022-09-29 15:05:54.656 [http-nio-8080-exec-4] SqlExceptionHelper - SQL Error: 1054, SQLState: 42S22
[ERROR] 2022-09-29 15:05:54.656 [http-nio-8080-exec-4] SqlExceptionHelper - Unknown column 'recipes0_.user_UserId' in 'field list'
[DEBUG] 2022-09-29 15:05:54.657 [http-nio-8080-exec-4] LogicalConnectionManagedImpl - Initiating JDBC connection release from afterTransaction
[DEBUG] 2022-09-29 15:05:54.660 [http-nio-8080-exec-4] TransactionImpl - On TransactionImpl creation, JpaCompliance#isJpaTransactionComplianceEnabled == false
